INFO:root:N: 6791651 = 2467 * 2753 
alpha: 1.7 
c = 1.1 
precision = 5
INFO:root:prime base: [2, 3, 5, 7, 11, 13, 17, 19, 23, 29, 31, 37, 41, 43, 47, 53, 59, 61, 67, 71, 73, 79, 83, 89, 97, 101, 103, 107]
INFO:root:dimension: 28
INFO:root:Trial 1: not short enough
INFO:root:Trial 2: not short enough
INFO:root:Trial 3: not short enough
INFO:root:Trial 4: not short enough
INFO:root:Trial 5: found new fac-realtion: (1602829683, 47)
INFO:root:Trail 6: realtion already exists
INFO:root:Trial 7: not short enough
INFO:root:Trial 8: found new fac-realtion: (658790106, -41)
INFO:root:Trial 9: not short enough
INFO:root:Trial 10: found new fac-realtion: (414290665, -46)
INFO:root:Trial 11: not short enough
INFO:root:Trial 12: not short enough
INFO:root:Trial 13: not short enough
INFO:root:Trial 14: found new fac-realtion: (101874773, 8)
INFO:root:Trial 15: found new fac-realtion: (482207232, 11)
INFO:root:Trial 16: not short enough
INFO:root:Trial 17: not short enough
INFO:root:Trial 18: not short enough
INFO:root:Trial 19: found new fac-realtion: (4733780259, -488)
INFO:root:Trial 20: not short enough
INFO:root:Trial 21: not short enough
INFO:root:Trial 22: not short enough
INFO:root:Trail 23: realtion already exists
INFO:root:Trial 24: not short enough
INFO:root:Trial 25: found new fac-realtion: (2567244199, 121)
INFO:root:Trial 26: found new fac-realtion: (638415195, 1)
INFO:root:Trial 27: not short enough
INFO:root:Trial 28: found new fac-realtion: (2737035224, -129)
INFO:root:Trial 29: not short enough
INFO:root:Trial 30: found new fac-realtion: (2662327005, -187)
INFO:root:Trial 31: not short enough
INFO:root:Trial 32: not short enough
INFO:root:Trail 33: realtion already exists
INFO:root:Trial 34: not short enough
INFO:root:Trial 35: not short enough
INFO:root:Trial 36: not short enough
INFO:root:Trial 37: found new fac-realtion: (3266784675, 544)
INFO:root:Trial 38: found new fac-realtion: (94648447971, -365)
INFO:root:Trail 39: realtion already exists
INFO:root:Trial 40: not short enough
INFO:root:Trial 41: not short enough
INFO:root:Trial 42: not short enough
INFO:root:Trial 43: found new fac-realtion: (1188538884, -41)
INFO:root:Trial 44: found new fac-realtion: (15614006065, 416)
INFO:root:Trial 45: not short enough
INFO:root:Trial 46: not short enough
INFO:root:Trial 47: not short enough
INFO:root:Trial 48: found new fac-realtion: (590873680, 43)
INFO:root:Trial 49: not short enough
INFO:root:Trial 50: found new fac-realtion: (75489195068, -5797)
INFO:root:Trial 51: not short enough
INFO:root:Trail 52: realtion already exists
INFO:root:Trial 53: found new fac-realtion: (58713824664, 1769)
INFO:root:Trail 54: realtion already exists
INFO:root:Trial 55: not short enough
INFO:root:Trail 56: realtion already exists
INFO:root:Trial 57: not short enough
INFO:root:Trial 58: not short enough
INFO:root:Trial 59: found new fac-realtion: (9650935996, -75)
INFO:root:Trial 60: not short enough
INFO:root:Trial 61: not short enough
INFO:root:Trial 62: not short enough
INFO:root:Trial 63: not short enough
INFO:root:Trail 64: realtion already exists
INFO:root:Trial 65: not short enough
INFO:root:Trial 66: not short enough
INFO:root:Trial 67: found new fac-realtion: (2017120378, 31)
INFO:root:Trial 68: found new fac-realtion: (618040170, -71)
INFO:root:Trial 69: found new fac-realtion: (1772620960, 49)
INFO:root:Trail 70: realtion already exists
INFO:root:Trail 71: realtion already exists
INFO:root:Trail 72: realtion already exists
INFO:root:Trial 73: not short enough
INFO:root:Trial 74: found new fac-realtion: (1079872600, 91)
INFO:root:Trial 75: not short enough
INFO:root:Trail 76: realtion already exists
INFO:root:Trial 77: found new fac-realtion: (14377925100, -67)
INFO:root:Trial 78: not short enough
INFO:root:Trial 79: not short enough
INFO:root:Trial 80: found new fac-realtion: (563707046, 13)
INFO:root:Trial 81: not short enough
INFO:root:Trial 82: not short enough
INFO:root:Trail 83: realtion already exists
INFO:root:Trial 84: found new fac-realtion: (706331745, 41)
INFO:root:Trial 85: not short enough
INFO:root:Trial 86: not short enough
INFO:root:Trial 87: not short enough
INFO:root:Trial 88: not short enough
INFO:root:Trail 89: realtion already exists
INFO:root:Trial 90: not short enough
INFO:root:Trial 91: not short enough
INFO:root:Trial 92: not short enough
INFO:root:Trial 93: not short enough
INFO:root:Trail 94: realtion already exists
INFO:root:Trail 95: realtion already exists
INFO:root:Trial 96: found new fac-realtion: (5684611460, -427)
INFO:root:Trail 97: realtion already exists
INFO:root:Trial 98: not short enough
INFO:root:Trial 99: not short enough
INFO:root:Trial 100: not short enough
INFO:root:Trial 101: not short enough
INFO:root:Trial 102: found new fac-realtion: (11572972675, -629)
INFO:root:Trail 103: realtion already exists
INFO:root:Trial 104: found new fac-realtion: (20931867957, -425)
INFO:root:Trial 105: not short enough
INFO:root:Trail 106: realtion already exists
INFO:root:Trial 107: not short enough
INFO:root:Trial 108: not short enough
INFO:root:Trial 109: not short enough
INFO:root:Trial 110: not short enough
INFO:root:Trial 111: not short enough
INFO:root:Trail 112: realtion already exists
INFO:root:Trial 113: not short enough
INFO:root:Trial 114: not short enough
INFO:root:Trail 115: realtion already exists
INFO:root:Trial 116: not short enough
INFO:root:Trail 117: realtion already exists
INFO:root:Trial 118: not short enough
INFO:root:Trial 119: found new fac-realtion: (12028013465, -456)
INFO:root:Trail 120: realtion already exists
INFO:root:Trial 121: found new fac-realtion: (2315952940, -51)