------------------------------------------------------------------------
N = 601087
Time for generating prime basis: 0.00011280100011390459 seconds
prime base: [2, 3, 5, 7, 11, 13, 17, 19, 23, 29, 31, 37, 41, 43, 47, 53, 59, 61, 67, 71, 73, 79]
dimension: 22
Basis matrix generated in 3.384499996172963e-05 seconds
* 1 reduction runtime: 0.07243585700007316 seconds
>>>> found new fac-realtion: (54698968, 51)
* 2 reduction runtime: 0.07056213600003503 seconds
>>>> not short enough
* 3 reduction runtime: 0.06329832699998406 seconds
>>>> not short enough
* 4 reduction runtime: 0.06255863399996997 seconds
>>>> found new fac-realtion: (5074372585, -3869)
* 5 reduction runtime: 0.07169125400014309 seconds
>>>> not short enough
* 6 reduction runtime: 0.06387942399987878 seconds
>>>> found new fac-realtion: (52294550, -19)
* 7 reduction runtime: 0.07180373599999257 seconds
>>>> found new fac-realtion: (22240245, 26)
* 8 reduction runtime: 0.06912054499980513 seconds
>>>> found new fac-realtion: (148468650, 161)
* 9 reduction runtime: 0.07136145000004035 seconds
>>>> not short enough
* 10 reduction runtime: 0.0625280010001461 seconds
>>>> found new fac-realtion: (221801125, 22)
* 11 reduction runtime: 0.07252947800020593 seconds
>>>> found new fac-realtion: (776605025, 621)
* 12 reduction runtime: 0.0724561959998482 seconds
>>>> found new fac-realtion: (41475005, 2)
* 13 reduction runtime: 0.07334269800003312 seconds
>>>> not short enough
* 14 reduction runtime: 0.06321930299986889 seconds
>>>> found new fac-realtion: (21038016, -29)
* 15 reduction runtime: 0.07028455999989092 seconds
>>>> not short enough
* 16 reduction runtime: 0.06291699200005496 seconds
>>>> not short enough
* 17 reduction runtime: 0.0838939919999575 seconds
>>>> not short enough
* 18 reduction runtime: 0.06346789099984562 seconds
>>>> not short enough
* 19 reduction runtime: 0.06262628000013137 seconds
>>>> not short enough
* 20 reduction runtime: 0.06299378699986846 seconds
>>>> relation already exists
* 21 reduction runtime: 0.06314247200020873 seconds
>>>> found new fac-realtion: (122020635, -26)
* 22 reduction runtime: 0.07195852400013791 seconds
>>>> relation already exists
* 23 reduction runtime: 0.06279179499983911 seconds
>>>> not short enough
* 24 reduction runtime: 0.06235347999995611 seconds
>>>> relation already exists
* 25 reduction runtime: 0.06264906600017639 seconds
>>>> relation already exists
* 26 reduction runtime: 0.06485520000001088 seconds
>>>> not short enough
* 27 reduction runtime: 0.06605388000002677 seconds
>>>> not short enough
* 28 reduction runtime: 0.0656018980000681 seconds
>>>> found new fac-realtion: (91966336, 25)
* 29 reduction runtime: 0.0737157890000617 seconds
>>>> not short enough
* 30 reduction runtime: 0.06305353300012939 seconds
>>>> found new fac-realtion: (47485845, -28)
* 31 reduction runtime: 0.06970828199996504 seconds
>>>> not short enough
* 32 reduction runtime: 0.06348220199993193 seconds
>>>> not short enough
* 33 reduction runtime: 0.06290066600013233 seconds
>>>> relation already exists
* 34 reduction runtime: 0.06290876000002754 seconds
>>>> relation already exists
* 35 reduction runtime: 0.06511348599997291 seconds
>>>> not short enough
* 36 reduction runtime: 0.06431114500014701 seconds
>>>> found new fac-realtion: (773598889, -80)
* 37 reduction runtime: 0.08054574300012973 seconds
>>>> found new fac-realtion: (69726111, 19)
* 38 reduction runtime: 0.07268511300003411 seconds
>>>> found new fac-realtion: (18633680, -17)
* 39 reduction runtime: 0.07149097799992887 seconds
>>>> not short enough
* 40 reduction runtime: 0.06337370899996131 seconds
>>>> not short enough
* 41 reduction runtime: 0.06301536599994506 seconds
>>>> not short enough
* 42 reduction runtime: 0.06246129699979974 seconds
>>>> found new fac-realtion: (22240218, -1)
* 43 reduction runtime: 0.07386059600003136 seconds
>>>> found new fac-realtion: (173714112, -31)
* 44 reduction runtime: 0.07172179000008327 seconds
>>>> not short enough
* 45 reduction runtime: 0.06348295300017526 seconds
>>>> not short enough
* 46 reduction runtime: 0.0629710939999768 seconds
>>>> not short enough
* 47 reduction runtime: 0.06321973600006459 seconds
>>>> not short enough
* 48 reduction runtime: 0.06271723000008933 seconds
>>>> found new fac-realtion: (705075811, 760)
* 49 reduction runtime: 0.07012303200008319 seconds
>>>> relation already exists
* 50 reduction runtime: 0.06243431799998689 seconds
>>>> relation already exists
* 51 reduction runtime: 0.06287399000007099 seconds
>>>> not short enough
* 52 reduction runtime: 0.06262530300000435 seconds
>>>> not short enough
* 53 reduction runtime: 0.06422625999994125 seconds
>>>> not short enough
* 54 reduction runtime: 0.06276882399993156 seconds
>>>> relation already exists
* 55 reduction runtime: 0.0624018389999037 seconds
>>>> relation already exists
* 56 reduction runtime: 0.06203121699991243 seconds
>>>> relation already exists
* 57 reduction runtime: 0.06183969399990019 seconds
>>>> found new fac-realtion: (875782600, -1159)
* 58 reduction runtime: 0.07084746399982578 seconds
>>>> not short enough
* 59 reduction runtime: 0.06351319800000965 seconds
>>>> not short enough
* 60 reduction runtime: 0.06132819499998732 seconds
>>>> not short enough
* 61 reduction runtime: 0.06146067599979688 seconds
>>>> relation already exists
* 62 reduction runtime: 0.06293043799996667 seconds
>>>> found new fac-realtion: (6611962, 5)
* 63 reduction runtime: 0.0689503200001127 seconds
>>>> not short enough
* 64 reduction runtime: 0.061355133999995815 seconds
>>>> relation already exists
* 65 reduction runtime: 0.061800428000196916 seconds
>>>> relation already exists
* 66 reduction runtime: 0.061845830000038404 seconds
>>>> not short enough
* 67 reduction runtime: 0.061470414000041274 seconds
>>>> found new fac-realtion: (255461976, 1)
* 68 reduction runtime: 0.0686507039999924 seconds
>>>> found new fac-realtion: (17431524, 1)
* 69 reduction runtime: 0.07080707299996902 seconds
>>>> relation already exists
* 70 reduction runtime: 0.06229732800011334 seconds
>>>> relation already exists
* 71 reduction runtime: 0.06211252599996442 seconds
>>>> relation already exists
* 72 reduction runtime: 0.06302489199993033 seconds
>>>> relation already exists
* 73 reduction runtime: 0.061818624999887106 seconds
>>>> not short enough
* 74 reduction runtime: 0.06455465599992749 seconds
>>>> found new fac-realtion: (1897632140, 481)
* 75 reduction runtime: 0.07309365100013565 seconds
>>>> relation already exists
* 76 reduction runtime: 0.062303318000203944 seconds
>>>> relation already exists
* 77 reduction runtime: 0.06232590100012203 seconds
>>>> relation already exists
* 78 reduction runtime: 0.061888976000091134 seconds
>>>> not short enough
* 79 reduction runtime: 0.06172531899983369 seconds
>>>> relation already exists
* 80 reduction runtime: 0.06118907800009765 seconds
>>>> relation already exists
* 81 reduction runtime: 0.06285170600017409 seconds
>>>> relation already exists
* 82 reduction runtime: 0.062380179999991014 seconds
>>>> found new fac-realtion: (197156575, 39)
Found n+2 relations in 5.409070552999992 seconds
Solution space is [[1, 0, 0, 0, 1, 0, 0, 0, 1, 1, 0, 1, 1, 1, 0, 1, 0, 0, 1, 1, 0, 0, 0, 1],
 [0, 1, 0, 0, 1, 0, 1, 1, 1, 0, 1, 1, 0, 0, 1, 0, 0, 0, 0, 0, 1, 1, 0, 0],
 [0, 0, 1, 1, 1, 1, 1, 0, 1, 1, 1, 0, 0, 1, 0, 1, 0, 1, 0, 0, 0, 1, 0, 1]]
* C = [0, 0, 0, 0, 0, 0, 0, 0, 0, 0, 0, 0, 0, 0, 0, 0, 0, 0, 0, 0, 0, 0, 0, 0]
>> gcd(N, a+b): 1, gcd(N, a-b): 1
* C = [0, 0, 1, 1, 1, 1, 1, 0, 1, 1, 1, 0, 0, 1, 0, 1, 0, 1, 0, 0, 0, 1, 0, 1]
>> gcd(N, a+b): 809, gcd(N, a-b): 809
Time find a non-trivial solution to linear equations: 0.4727528829998846 seconds
Overall runtime: 5.88241167000001 seconds
------------------------------------------------------------------------
N = 341441
Time for generating prime basis: 0.00013915999988967087 seconds
prime base: [2, 3, 5, 7, 11, 13, 17, 19, 23, 29, 31, 37, 41, 43, 47, 53, 59, 61, 67, 71, 73]
dimension: 21
Basis matrix generated in 4.5482000132324174e-05 seconds
* 1 reduction runtime: 0.08134088500014514 seconds
>>>> found new fac-realtion: (5804500, 3)
* 2 reduction runtime: 0.06651299800000743 seconds
>>>> found new fac-realtion: (104139464, -41)
* 3 reduction runtime: 0.06554241900016677 seconds
>>>> found new fac-realtion: (7170250, -11)
* 4 reduction runtime: 0.06566149000013866 seconds
>>>> found new fac-realtion: (29022504, 19)
* 5 reduction runtime: 0.0653460600001381 seconds
>>>> found new fac-realtion: (2390091, 4)
* 6 reduction runtime: 0.06565814000009595 seconds
>>>> found new fac-realtion: (23217975, -13)
* 7 reduction runtime: 0.0657570199998645 seconds
>>>> relation already exists
* 8 reduction runtime: 0.059594197000023996 seconds
>>>> found new fac-realtion: (5463045, -11)
* 9 reduction runtime: 0.0664125339999373 seconds
>>>> relation already exists
* 10 reduction runtime: 0.058355186999961006 seconds
>>>> found new fac-realtion: (4438742, 9)
* 11 reduction runtime: 0.06530297399990559 seconds
>>>> relation already exists
* 12 reduction runtime: 0.05773880900005679 seconds
>>>> relation already exists
* 13 reduction runtime: 0.05765626099992005 seconds
>>>> relation already exists
* 14 reduction runtime: 0.05766061200006334 seconds
>>>> found new fac-realtion: (7511703, 1)
* 15 reduction runtime: 0.0658096760000717 seconds
>>>> relation already exists
* 16 reduction runtime: 0.05961589499997899 seconds
>>>> not short enough
* 17 reduction runtime: 0.05854193599998325 seconds
>>>> not short enough
* 18 reduction runtime: 0.057427717999871675 seconds
>>>> found new fac-realtion: (354074688, 371)
* 19 reduction runtime: 0.06517427300013878 seconds
>>>> relation already exists
* 20 reduction runtime: 0.05795001699993918 seconds
>>>> relation already exists
* 21 reduction runtime: 0.05847508000010748 seconds
>>>> relation already exists
* 22 reduction runtime: 0.05816417599999113 seconds
>>>> not short enough
* 23 reduction runtime: 0.05804474899991874 seconds
>>>> relation already exists
* 24 reduction runtime: 0.059390961999952196 seconds
>>>> relation already exists
* 25 reduction runtime: 0.05870847300002424 seconds
>>>> found new fac-realtion: (141015017, -116)
* 26 reduction runtime: 0.06651663599996027 seconds
>>>> relation already exists
* 27 reduction runtime: 0.058303217000002405 seconds
>>>> relation already exists
* 28 reduction runtime: 0.05814235699995152 seconds
>>>> relation already exists
* 29 reduction runtime: 0.058199306999995315 seconds
>>>> relation already exists
* 30 reduction runtime: 0.05925663100015299 seconds
>>>> found new fac-realtion: (144770899, -85)
* 31 reduction runtime: 0.06552163099991049 seconds
>>>> not short enough
* 32 reduction runtime: 0.05829811300009169 seconds
>>>> relation already exists
* 33 reduction runtime: 0.06496849799987103 seconds
>>>> relation already exists
* 34 reduction runtime: 0.0588356460000341 seconds
>>>> not short enough
* 35 reduction runtime: 0.05842050100000051 seconds
>>>> relation already exists
* 36 reduction runtime: 0.05845659499982503 seconds
>>>> found new fac-realtion: (25608044, -31)
* 37 reduction runtime: 0.06841305900002226 seconds
>>>> relation already exists
* 38 reduction runtime: 0.058576810999966256 seconds
>>>> found new fac-realtion: (75458464, 3)
* 39 reduction runtime: 0.06577109099998779 seconds
>>>> found new fac-realtion: (561670989, 544)
* 40 reduction runtime: 0.06818584799998462 seconds
>>>> found new fac-realtion: (8536036, 11)
* 41 reduction runtime: 0.0674451009999757 seconds
>>>> found new fac-realtion: (30046809, 1)
* 42 reduction runtime: 0.06814299099983145 seconds
>>>> relation already exists
* 43 reduction runtime: 0.0601807559999088 seconds
>>>> relation already exists
* 44 reduction runtime: 0.05937188899997636 seconds
>>>> relation already exists
* 45 reduction runtime: 0.05867588999990403 seconds
>>>> relation already exists
* 46 reduction runtime: 0.05853644099988742 seconds
>>>> relation already exists
* 47 reduction runtime: 0.059095960000149717 seconds
>>>> relation already exists
* 48 reduction runtime: 0.05870037899990166 seconds
>>>> not short enough
* 49 reduction runtime: 0.06076247400005741 seconds
>>>> found new fac-realtion: (48143186, 5)
* 50 reduction runtime: 0.06602353600010247 seconds
>>>> relation already exists
* 51 reduction runtime: 0.057840198000121745 seconds
>>>> relation already exists
* 52 reduction runtime: 0.05800995499998862 seconds
>>>> relation already exists
* 53 reduction runtime: 0.05788543700009541 seconds
>>>> relation already exists
* 54 reduction runtime: 0.057987720000028276 seconds
>>>> found new fac-realtion: (3755850, -1)
* 55 reduction runtime: 0.06421243499994489 seconds
>>>> relation already exists
* 56 reduction runtime: 0.05822009500002423 seconds
>>>> not short enough
* 57 reduction runtime: 0.05814110000005712 seconds
>>>> relation already exists
* 58 reduction runtime: 0.05783260199996221 seconds
>>>> relation already exists
* 59 reduction runtime: 0.05832087699991462 seconds
>>>> relation already exists
* 60 reduction runtime: 0.05964750299995103 seconds
>>>> relation already exists
* 61 reduction runtime: 0.05834660700020322 seconds
>>>> not short enough
* 62 reduction runtime: 0.057980137999948056 seconds
>>>> relation already exists
* 63 reduction runtime: 0.05827983600011066 seconds
>>>> not short enough
* 64 reduction runtime: 0.058115127000064604 seconds
>>>> relation already exists
* 65 reduction runtime: 0.05795803599994542 seconds
>>>> not short enough
* 66 reduction runtime: 0.06104354100011733 seconds
>>>> not short enough
* 67 reduction runtime: 0.059320192000086536 seconds
>>>> relation already exists
* 68 reduction runtime: 0.05784703700010141 seconds
>>>> relation already exists
* 69 reduction runtime: 0.058671212000035666 seconds
>>>> relation already exists
* 70 reduction runtime: 0.0591820900001494 seconds
>>>> not short enough
* 71 reduction runtime: 0.05825686499997573 seconds
>>>> relation already exists
* 72 reduction runtime: 0.05820200499988459 seconds
>>>> relation already exists
* 73 reduction runtime: 0.05826941300006183 seconds
>>>> relation already exists
* 74 reduction runtime: 0.05836632699993061 seconds
>>>> relation already exists
* 75 reduction runtime: 0.058454512000025716 seconds
>>>> relation already exists
* 76 reduction runtime: 0.05904815400003827 seconds
>>>> relation already exists
* 77 reduction runtime: 0.06005918899995777 seconds
>>>> relation already exists
* 78 reduction runtime: 0.05821780199994464 seconds
>>>> not short enough
* 79 reduction runtime: 0.05830937500013533 seconds
>>>> not short enough
* 80 reduction runtime: 0.058885148999934245 seconds
>>>> relation already exists
* 81 reduction runtime: 0.05841341400014244 seconds
>>>> relation already exists
* 82 reduction runtime: 0.058602725000127975 seconds
>>>> found new fac-realtion: (557573905, 752)
* 83 reduction runtime: 0.06827008400000523 seconds
>>>> relation already exists
* 84 reduction runtime: 0.05894994499999484 seconds
>>>> relation already exists
* 85 reduction runtime: 0.05870920200004548 seconds
>>>> relation already exists
* 86 reduction runtime: 0.0587931910001771 seconds
>>>> relation already exists
* 87 reduction runtime: 0.059246225999913804 seconds
>>>> not short enough
* 88 reduction runtime: 0.05920494899987716 seconds
>>>> not short enough
* 89 reduction runtime: 0.05974401499997839 seconds
>>>> relation already exists
* 90 reduction runtime: 0.061244600000009086 seconds
>>>> relation already exists
* 91 reduction runtime: 0.05935762700005398 seconds
>>>> not short enough
* 92 reduction runtime: 0.058951689999958035 seconds
>>>> relation already exists
* 93 reduction runtime: 0.05906079400006092 seconds
>>>> relation already exists
* 94 reduction runtime: 0.05904434499984745 seconds
>>>> not short enough
* 95 reduction runtime: 0.058836019999944256 seconds
>>>> relation already exists
* 96 reduction runtime: 0.05856544800008123 seconds
>>>> found new fac-realtion: (75799955, 53)
* 97 reduction runtime: 0.06692372299994531 seconds
>>>> relation already exists
* 98 reduction runtime: 0.05848423800011915 seconds
>>>> relation already exists
* 99 reduction runtime: 0.06072345600000517 seconds
>>>> not short enough
* 100 reduction runtime: 0.060921893000113414 seconds
>>>> found new fac-realtion: (1100804859, -925)
* 101 reduction runtime: 0.06699112299997978 seconds
>>>> relation already exists
* 102 reduction runtime: 0.05851037399997949 seconds
>>>> found new fac-realtion: (108919680, 1)
Found n+2 relations in 6.20909940599995 seconds
Solution space is [[1, 0, 1, 0, 0, 1, 0, 1, 0, 0, 1, 1, 1, 1, 0, 1, 1, 1, 0, 1, 1, 1, 0],
 [0, 1, 1, 1, 0, 1, 0, 0, 1, 1, 0, 0, 0, 0, 1, 0, 0, 0, 1, 0, 0, 0, 1],
 [0, 0, 0, 0, 0, 0, 1, 0, 1, 1, 1, 0, 1, 1, 1, 1, 1, 0, 1, 1, 1, 0, 1]]
* C = [0, 0, 0, 0, 0, 0, 0, 0, 0, 0, 0, 0, 0, 0, 0, 0, 0, 0, 0, 0, 0, 0, 0]
>> gcd(N, a+b): 1, gcd(N, a-b): 1
* C = [0, 0, 0, 0, 0, 0, 1, 0, 1, 1, 1, 0, 1, 1, 1, 1, 1, 0, 1, 1, 1, 0, 1]
>> gcd(N, a+b): 1, gcd(N, a-b): 1
* C = [0, 1, 1, 1, 0, 1, 0, 0, 1, 1, 0, 0, 0, 0, 1, 0, 0, 0, 1, 0, 0, 0, 1]
>> gcd(N, a+b): 1, gcd(N, a-b): 1
* C = [0, 1, 1, 1, 0, 1, 1, 0, 0, 0, 1, 0, 1, 1, 0, 1, 1, 0, 0, 1, 1, 0, 0]
>> gcd(N, a+b): 1, gcd(N, a-b): 1
* C = [1, 0, 1, 0, 0, 1, 0, 1, 0, 0, 1, 1, 1, 1, 0, 1, 1, 1, 0, 1, 1, 1, 0]
>> gcd(N, a+b): 1, gcd(N, a-b): 1
* C = [1, 0, 1, 0, 0, 1, 1, 1, 1, 1, 0, 1, 0, 0, 1, 0, 0, 1, 1, 0, 0, 1, 1]
>> gcd(N, a+b): 1, gcd(N, a-b): 1
* C = [1, 1, 0, 1, 0, 0, 0, 1, 1, 1, 1, 1, 1, 1, 1, 1, 1, 1, 1, 1, 1, 1, 1]
>> gcd(N, a+b): 1, gcd(N, a-b): 1
* C = [1, 1, 0, 1, 0, 0, 1, 1, 0, 0, 0, 1, 0, 0, 0, 0, 0, 1, 0, 0, 0, 1, 0]
>> gcd(N, a+b): 1, gcd(N, a-b): 1
Time find a non-trivial solution to linear equations: 0.025942675999885978 seconds
Overall runtime: 6.235704038999984 seconds
------------------------------------------------------------------------
N = 2558123
Time for generating prime basis: 0.0001394739999796002 seconds
prime base: [2, 3, 5, 7, 11, 13, 17, 19, 23, 29, 31, 37, 41, 43, 47, 53, 59, 61, 67, 71, 73, 79, 83, 89]
dimension: 24
Basis matrix generated in 6.277900001805392e-05 seconds
* 1 reduction runtime: 0.11409808300004443 seconds
>>>> found new fac-realtion: (53720588, 5)
* 2 reduction runtime: 0.08814276399994014 seconds
>>>> not short enough
* 3 reduction runtime: 0.07723355500002071 seconds
>>>> not short enough
* 4 reduction runtime: 0.07710586700000022 seconds
>>>> found new fac-realtion: (1002784185, -31)
* 5 reduction runtime: 0.08349038300002576 seconds
>>>> not short enough
* 6 reduction runtime: 0.07689346999995905 seconds
>>>> not short enough
* 7 reduction runtime: 0.07625096399988252 seconds
>>>> not short enough
* 8 reduction runtime: 0.07671562199993787 seconds
>>>> not short enough
* 9 reduction runtime: 0.07618688699994891 seconds
>>>> found new fac-realtion: (243021772, 87)
* 10 reduction runtime: 0.08627682299993467 seconds
>>>> not short enough
* 11 reduction runtime: 0.0763988569999583 seconds
>>>> relation already exists
* 12 reduction runtime: 0.07595166999999492 seconds
>>>> not short enough
* 13 reduction runtime: 0.08014097400018727 seconds
>>>> not short enough
* 14 reduction runtime: 0.07523725299984108 seconds
>>>> found new fac-realtion: (1547664342, -73)
* 15 reduction runtime: 0.08442213800003628 seconds
>>>> found new fac-realtion: (4412762692, 517)
* 16 reduction runtime: 0.08336752600007458 seconds
>>>> found new fac-realtion: (1348131120, 299)
* 17 reduction runtime: 0.0828547979999712 seconds
>>>> not short enough
* 18 reduction runtime: 0.07550391399990986 seconds
>>>> not short enough
* 19 reduction runtime: 0.075286184000106 seconds
>>>> not short enough
* 20 reduction runtime: 0.07597834699981831 seconds
>>>> found new fac-realtion: (411857710, -93)
* 21 reduction runtime: 0.082443228999864 seconds
>>>> relation already exists
* 22 reduction runtime: 0.07645864600021923 seconds
>>>> not short enough
* 23 reduction runtime: 0.07589577499993538 seconds
>>>> not short enough
* 24 reduction runtime: 0.07581414400010544 seconds
>>>> not short enough
* 25 reduction runtime: 0.07688120800003162 seconds
>>>> found new fac-realtion: (181626768, 35)
* 26 reduction runtime: 0.08444803600013984 seconds
>>>> found new fac-realtion: (3031375672, -83)
* 27 reduction runtime: 0.08631528499995511 seconds
>>>> found new fac-realtion: (81859947, 11)
* 28 reduction runtime: 0.08516941199991379 seconds
>>>> relation already exists
* 29 reduction runtime: 0.07731540400004633 seconds
>>>> not short enough
* 30 reduction runtime: 0.07634918000007929 seconds
>>>> found new fac-realtion: (10941091290, -781)
* 31 reduction runtime: 0.08457676900002298 seconds
>>>> found new fac-realtion: (2765330568, -395)
* 32 reduction runtime: 0.08432224099988161 seconds
>>>> not short enough
* 33 reduction runtime: 0.07662601599986374 seconds
>>>> not short enough
* 34 reduction runtime: 0.07611073199996099 seconds
>>>> not short enough
* 35 reduction runtime: 0.07846831300003032 seconds
>>>> not short enough
* 36 reduction runtime: 0.07610270600002877 seconds
>>>> not short enough
* 37 reduction runtime: 0.07661433699990994 seconds
>>>> not short enough
* 38 reduction runtime: 0.07868994700015719 seconds
>>>> not short enough
* 39 reduction runtime: 0.07603597199999967 seconds
>>>> found new fac-realtion: (283951675, 22)
* 40 reduction runtime: 0.08354051800006346 seconds
>>>> not short enough
* 41 reduction runtime: 0.07634063800014701 seconds
>>>> not short enough
* 42 reduction runtime: 0.07568015800006833 seconds
>>>> found new fac-realtion: (143254925, 37)
* 43 reduction runtime: 0.08314958999994815 seconds
>>>> relation already exists
* 44 reduction runtime: 0.0751698189999388 seconds
>>>> not short enough
* 45 reduction runtime: 0.07496630800005732 seconds
>>>> relation already exists
* 46 reduction runtime: 0.07584860099996149 seconds
>>>> not short enough
* 47 reduction runtime: 0.07511167300003763 seconds
>>>> relation already exists
* 48 reduction runtime: 0.07633723000003556 seconds
>>>> relation already exists
* 49 reduction runtime: 0.07549533699989297 seconds
>>>> not short enough
* 50 reduction runtime: 0.07577945699995325 seconds
>>>> not short enough
* 51 reduction runtime: 0.07664942600013092 seconds
>>>> not short enough
* 52 reduction runtime: 0.0764632159998655 seconds
>>>> not short enough
* 53 reduction runtime: 0.0776748979999411 seconds
>>>> not short enough
* 54 reduction runtime: 0.07625992299995232 seconds
>>>> relation already exists
* 55 reduction runtime: 0.07586961199990583 seconds
>>>> not short enough
* 56 reduction runtime: 0.07623160600019219 seconds
>>>> found new fac-realtion: (7282975576, -605)
* 57 reduction runtime: 0.08696003000000019 seconds
>>>> not short enough
* 58 reduction runtime: 0.07686745000000883 seconds
>>>> not short enough
* 59 reduction runtime: 0.07654283199985912 seconds
>>>> found new fac-realtion: (6341586680, -237)
* 60 reduction runtime: 0.08368459899998015 seconds
>>>> relation already exists
* 61 reduction runtime: 0.077414607000037 seconds
>>>> found new fac-realtion: (135580500, -19)
* 62 reduction runtime: 0.0838235319999967 seconds
>>>> relation already exists
* 63 reduction runtime: 0.07596544899979563 seconds
>>>> not short enough
* 64 reduction runtime: 0.07594660799986741 seconds
>>>> relation already exists
* 65 reduction runtime: 0.07627900399984355 seconds
>>>> not short enough
* 66 reduction runtime: 0.0776259989997925 seconds
>>>> not short enough
* 67 reduction runtime: 0.07591187100001662 seconds
>>>> not short enough
* 68 reduction runtime: 0.07593347300007736 seconds
>>>> not short enough
* 69 reduction runtime: 0.07564898999999059 seconds
>>>> relation already exists
* 70 reduction runtime: 0.07556581600010759 seconds
>>>> not short enough
* 71 reduction runtime: 0.07639001100005771 seconds
>>>> relation already exists
* 72 reduction runtime: 0.07852707200004261 seconds
>>>> relation already exists
* 73 reduction runtime: 0.07629190300008304 seconds
>>>> relation already exists
* 74 reduction runtime: 0.07587424999996983 seconds
>>>> found new fac-realtion: (432322860, 73)
* 75 reduction runtime: 0.08302155100000164 seconds
>>>> relation already exists
* 76 reduction runtime: 0.07534356799988018 seconds
>>>> not short enough
* 77 reduction runtime: 0.07533178200014845 seconds
>>>> not short enough
* 78 reduction runtime: 0.07603830300013215 seconds
>>>> relation already exists
* 79 reduction runtime: 0.07566024899983859 seconds
>>>> not short enough
* 80 reduction runtime: 0.07739530300000297 seconds
>>>> not short enough
* 81 reduction runtime: 0.07526634300006663 seconds
>>>> not short enough
* 82 reduction runtime: 0.07600366699989536 seconds
>>>> not short enough
* 83 reduction runtime: 0.07525417200008633 seconds
>>>> not short enough
* 84 reduction runtime: 0.07595029499998418 seconds
>>>> not short enough
* 85 reduction runtime: 0.07816288100002566 seconds
>>>> not short enough
* 86 reduction runtime: 0.07652932500013776 seconds
>>>> relation already exists
* 87 reduction runtime: 0.07665966699983073 seconds
>>>> found new fac-realtion: (4489504964, -901)
* 88 reduction runtime: 0.08283637699992141 seconds
>>>> found new fac-realtion: (56278705, -1)
* 89 reduction runtime: 0.08366545500007305 seconds
>>>> not short enough
* 90 reduction runtime: 0.07636636000006547 seconds
>>>> not short enough
* 91 reduction runtime: 0.0764185789998919 seconds
>>>> relation already exists
* 92 reduction runtime: 0.07641009799999665 seconds
>>>> relation already exists
* 93 reduction runtime: 0.07631247499989513 seconds
>>>> relation already exists
* 94 reduction runtime: 0.07634117699990384 seconds
>>>> not short enough
* 95 reduction runtime: 0.07644531999994797 seconds
>>>> not short enough
* 96 reduction runtime: 0.07598391400006221 seconds
>>>> relation already exists
* 97 reduction runtime: 0.0783067669999582 seconds
>>>> not short enough
* 98 reduction runtime: 0.07730338600003961 seconds
>>>> not short enough
* 99 reduction runtime: 0.07769157100005941 seconds
>>>> not short enough
* 100 reduction runtime: 0.07676970300008179 seconds
>>>> not short enough
* 101 reduction runtime: 0.07633474900012516 seconds
>>>> not short enough
* 102 reduction runtime: 0.07645491499988566 seconds
>>>> not short enough
* 103 reduction runtime: 0.0764505619999909 seconds
>>>> relation already exists
* 104 reduction runtime: 0.07647226099993532 seconds
>>>> relation already exists
* 105 reduction runtime: 0.07864590999997745 seconds
>>>> relation already exists
* 106 reduction runtime: 0.07812548500010053 seconds
>>>> found new fac-realtion: (227672984, 37)
* 107 reduction runtime: 0.08488765300012346 seconds
>>>> not short enough
* 108 reduction runtime: 0.07670911200011687 seconds
>>>> found new fac-realtion: (27279829535, 5863)
* 109 reduction runtime: 0.08390521100000115 seconds
>>>> relation already exists
* 110 reduction runtime: 0.07601017399997545 seconds
>>>> found new fac-realtion: (2870214949, 943)
* 111 reduction runtime: 0.0834327080001458 seconds
>>>> relation already exists
* 112 reduction runtime: 0.07848640100019111 seconds
>>>> not short enough
* 113 reduction runtime: 0.07671774499999628 seconds
>>>> not short enough
* 114 reduction runtime: 0.07621037199987768 seconds
>>>> not short enough
* 115 reduction runtime: 0.0761990909998076 seconds
>>>> not short enough
* 116 reduction runtime: 0.07612593800013201 seconds
>>>> not short enough
* 117 reduction runtime: 0.07590333500002089 seconds
>>>> relation already exists
* 118 reduction runtime: 0.07720049999988987 seconds
>>>> not short enough
* 119 reduction runtime: 0.0770020069999191 seconds
>>>> not short enough
* 120 reduction runtime: 0.07626167099988379 seconds
>>>> not short enough
* 121 reduction runtime: 0.07599914700017507 seconds
>>>> not short enough
* 122 reduction runtime: 0.07546806400000605 seconds
>>>> not short enough
* 123 reduction runtime: 0.0755904620000365 seconds
>>>> relation already exists
* 124 reduction runtime: 0.07641414700015048 seconds
>>>> not short enough
* 125 reduction runtime: 0.07890610599997672 seconds
>>>> not short enough
* 126 reduction runtime: 0.07737633000010646 seconds
>>>> relation already exists
* 127 reduction runtime: 0.07597344600003453 seconds
>>>> not short enough
* 128 reduction runtime: 0.07584042500002397 seconds
>>>> relation already exists
* 129 reduction runtime: 0.07599873499998466 seconds
>>>> not short enough
* 130 reduction runtime: 0.07600197600004321 seconds
>>>> not short enough
* 131 reduction runtime: 0.07705185600002551 seconds
>>>> not short enough
* 132 reduction runtime: 0.076185230999954 seconds
>>>> not short enough
* 133 reduction runtime: 0.07662283900003786 seconds
>>>> not short enough
* 134 reduction runtime: 0.07679241000005277 seconds
>>>> relation already exists
* 135 reduction runtime: 0.07959246800010078 seconds
>>>> not short enough
* 136 reduction runtime: 0.07691225899998244 seconds
>>>> not short enough
* 137 reduction runtime: 0.07708522600000833 seconds
>>>> found new fac-realtion: (5282522652, -1343)
* 138 reduction runtime: 0.08522602000016377 seconds
>>>> not short enough
* 139 reduction runtime: 0.07666678500004309 seconds
>>>> not short enough
* 140 reduction runtime: 0.07559469900002114 seconds
>>>> relation already exists
* 141 reduction runtime: 0.07544946999996682 seconds
>>>> relation already exists
* 142 reduction runtime: 0.07577196100010042 seconds
>>>> relation already exists
* 143 reduction runtime: 0.0828421400001389 seconds
>>>> found new fac-realtion: (202091631, -86)
* 144 reduction runtime: 0.08439079400000082 seconds
>>>> relation already exists
* 145 reduction runtime: 0.07546791300001132 seconds
>>>> not short enough
* 146 reduction runtime: 0.07842244299990853 seconds
>>>> relation already exists
* 147 reduction runtime: 0.07856746300012674 seconds
>>>> not short enough
* 148 reduction runtime: 0.07563451600003646 seconds
>>>> not short enough
* 149 reduction runtime: 0.07561592900015057 seconds
>>>> relation already exists
* 150 reduction runtime: 0.07573594099994807 seconds
>>>> relation already exists
* 151 reduction runtime: 0.08562084400000458 seconds
>>>> not short enough
* 152 reduction runtime: 0.07821390000003703 seconds
>>>> not short enough
* 153 reduction runtime: 0.07713577699996677 seconds
>>>> not short enough
* 154 reduction runtime: 0.07783935899988137 seconds
>>>> not short enough
* 155 reduction runtime: 0.07620446600003561 seconds
>>>> found new fac-realtion: (2128358625, 289)
Found n+2 relations in 12.143277864999845 seconds
Solution space is [[1, 0, 0, 1, 0, 0, 0, 0, 0, 1, 0, 1, 1, 0, 0, 0, 0, 0, 0, 0, 1, 0, 0, 0,
  0, 0],
 [0, 1, 1, 0, 0, 0, 0, 0, 0, 0, 0, 1, 1, 0, 0, 0, 0, 0, 0, 0, 0, 0, 0, 0,
  0, 0],
 [0, 0, 0, 0, 0, 0, 0, 1, 0, 0, 0, 1, 0, 1, 1, 1, 0, 0, 0, 0, 0, 0, 0, 0,
  1, 0]]
* C = [0, 0, 0, 0, 0, 0, 0, 0, 0, 0, 0, 0, 0, 0, 0, 0, 0, 0, 0, 0, 0, 0, 0, 0, 0,
 0]
>> gcd(N, a+b): 1, gcd(N, a-b): 1
* C = [0, 0, 0, 0, 0, 0, 0, 1, 0, 0, 0, 1, 0, 1, 1, 1, 0, 0, 0, 0, 0, 0, 0, 0, 1,
 0]
>> gcd(N, a+b): 1, gcd(N, a-b): 1
* C = [0, 1, 1, 0, 0, 0, 0, 0, 0, 0, 0, 1, 1, 0, 0, 0, 0, 0, 0, 0, 0, 0, 0, 0, 0,
 0]
>> gcd(N, a+b): 1, gcd(N, a-b): 1
* C = [0, 1, 1, 0, 0, 0, 0, 1, 0, 0, 0, 0, 1, 1, 1, 1, 0, 0, 0, 0, 0, 0, 0, 0, 1,
 0]
>> gcd(N, a+b): 1, gcd(N, a-b): 1
* C = [1, 0, 0, 1, 0, 0, 0, 0, 0, 1, 0, 1, 1, 0, 0, 0, 0, 0, 0, 0, 1, 0, 0, 0, 0,
 0]
>> gcd(N, a+b): 1, gcd(N, a-b): 1
* C = [1, 0, 0, 1, 0, 0, 0, 1, 0, 1, 0, 0, 1, 1, 1, 1, 0, 0, 0, 0, 1, 0, 0, 0, 1,
 0]
>> gcd(N, a+b): 1, gcd(N, a-b): 1
* C = [1, 1, 1, 1, 0, 0, 0, 0, 0, 1, 0, 0, 0, 0, 0, 0, 0, 0, 0, 0, 1, 0, 0, 0, 0,
 0]
>> gcd(N, a+b): 1, gcd(N, a-b): 1
* C = [1, 1, 1, 1, 0, 0, 0, 1, 0, 1, 0, 1, 0, 1, 1, 1, 0, 0, 0, 0, 1, 0, 0, 0, 1,
 0]
>> gcd(N, a+b): 1, gcd(N, a-b): 1
Time find a non-trivial solution to linear equations: 0.02346712300004583 seconds
Overall runtime: 12.167620725000006 seconds
------------------------------------------------------------------------
N = 2464771
Time for generating prime basis: 0.00019167099981132196 seconds
prime base: [2, 3, 5, 7, 11, 13, 17, 19, 23, 29, 31, 37, 41, 43, 47, 53, 59, 61, 67, 71, 73, 79, 83, 89]
dimension: 24
Basis matrix generated in 5.4783999985374976e-05 seconds
* 1 reduction runtime: 0.11439957599986883 seconds
>>>> not short enough
* 2 reduction runtime: 0.07907727900010286 seconds
>>>> not short enough
* 3 reduction runtime: 0.07828110000014021 seconds
>>>> not short enough
* 4 reduction runtime: 0.0780537660000391 seconds
>>>> not short enough
* 5 reduction runtime: 0.07744172200000321 seconds
>>>> not short enough
* 6 reduction runtime: 0.07665554000004704 seconds
>>>> found new fac-realtion: (7539732720, -1769)
* 7 reduction runtime: 0.08510977700007061 seconds
>>>> not short enough
* 8 reduction runtime: 0.07843842000011136 seconds
>>>> not short enough
* 9 reduction runtime: 0.07748395199996594 seconds
>>>> not short enough
* 10 reduction runtime: 0.07665777299985166 seconds
>>>> found new fac-realtion: (174998720, -21)
* 11 reduction runtime: 0.08453169099993829 seconds
>>>> not short enough
* 12 reduction runtime: 0.07629584699998304 seconds
>>>> not short enough
* 13 reduction runtime: 0.0766955459998826 seconds
>>>> not short enough
* 14 reduction runtime: 0.07713978999981919 seconds
>>>> not short enough
* 15 reduction runtime: 0.07646704300009333 seconds
>>>> not short enough
* 16 reduction runtime: 0.07772477100002106 seconds
>>>> found new fac-realtion: (4646093256, -79)
* 17 reduction runtime: 0.08385756699999547 seconds
>>>> not short enough
* 18 reduction runtime: 0.07674035799982448 seconds
>>>> not short enough
* 19 reduction runtime: 0.07701329600013196 seconds
>>>> not short enough
* 20 reduction runtime: 0.0794330579999496 seconds
>>>> found new fac-realtion: (298237205, -86)
* 21 reduction runtime: 0.08396822000008797 seconds
>>>> not short enough
* 22 reduction runtime: 0.07601888500016685 seconds
>>>> found new fac-realtion: (382039504, -1)
* 23 reduction runtime: 0.08303752999995595 seconds
>>>> found new fac-realtion: (613727863, -116)
* 24 reduction runtime: 0.08377913499998613 seconds
>>>> found new fac-realtion: (155280550, -23)
* 25 reduction runtime: 0.08338374000004478 seconds
>>>> found new fac-realtion: (1459144425, -7)
* 26 reduction runtime: 0.0837051020000672 seconds
>>>> not short enough
* 27 reduction runtime: 0.07615028999998685 seconds
>>>> not short enough
* 28 reduction runtime: 0.07587554099995941 seconds
>>>> found new fac-realtion: (3058780626, -185)
* 29 reduction runtime: 0.08419498900002509 seconds
>>>> relation already exists
* 30 reduction runtime: 0.07584287200006656 seconds
>>>> found new fac-realtion: (382039476, -29)
* 31 reduction runtime: 0.08436495199998717 seconds
>>>> not short enough
* 32 reduction runtime: 0.07596006699986901 seconds
>>>> relation already exists
* 33 reduction runtime: 0.07761552100009794 seconds
>>>> not short enough
* 34 reduction runtime: 0.07558632299992496 seconds
>>>> not short enough
* 35 reduction runtime: 0.0758357629999864 seconds
>>>> not short enough
* 36 reduction runtime: 0.0783345019999615 seconds
>>>> not short enough
* 37 reduction runtime: 0.0761190529999567 seconds
>>>> not short enough
* 38 reduction runtime: 0.07652609800015853 seconds
>>>> relation already exists
* 39 reduction runtime: 0.07640718499987997 seconds
>>>> found new fac-realtion: (41901111, 4)
* 40 reduction runtime: 0.08520586499980709 seconds
>>>> relation already exists
* 41 reduction runtime: 0.07779129200002899 seconds
>>>> relation already exists
* 42 reduction runtime: 0.07681852299992897 seconds
>>>> not short enough
* 43 reduction runtime: 0.0767926040000475 seconds
>>>> found new fac-realtion: (4345392480, 1207)
* 44 reduction runtime: 0.08468256800006202 seconds
>>>> not short enough
* 45 reduction runtime: 0.07590631299990491 seconds
>>>> not short enough
* 46 reduction runtime: 0.07770544100003463 seconds
>>>> not short enough
* 47 reduction runtime: 0.07628439700010858 seconds
>>>> not short enough
* 48 reduction runtime: 0.07588821600006668 seconds
>>>> not short enough
* 49 reduction runtime: 0.0770631160000903 seconds
>>>> not short enough
* 50 reduction runtime: 0.0758700639999006 seconds
>>>> not short enough
* 51 reduction runtime: 0.07621133700013161 seconds
>>>> relation already exists
* 52 reduction runtime: 0.07648709999989478 seconds
>>>> not short enough
* 53 reduction runtime: 0.07611047199998211 seconds
>>>> found new fac-realtion: (7993253035, 682)
* 54 reduction runtime: 0.08532806599987453 seconds
>>>> found new fac-realtion: (608798592, 155)
* 55 reduction runtime: 0.08445324700005585 seconds
>>>> not short enough
* 56 reduction runtime: 0.07733986099992762 seconds
>>>> not short enough
* 57 reduction runtime: 0.07560001199999533 seconds
>>>> not short enough
* 58 reduction runtime: 0.09094507100007831 seconds
>>>> found new fac-realtion: (305631655, 51)
* 59 reduction runtime: 0.08766307199994117 seconds
>>>> not short enough
* 60 reduction runtime: 0.07622887000002265 seconds
>>>> not short enough
* 61 reduction runtime: 0.07663717299988093 seconds
>>>> found new fac-realtion: (135562359, -46)
* 62 reduction runtime: 0.08702175700000225 seconds
>>>> relation already exists
* 63 reduction runtime: 0.07575645700012501 seconds
>>>> relation already exists
* 64 reduction runtime: 0.07621088099995177 seconds
>>>> not short enough
* 65 reduction runtime: 0.07545982100009496 seconds
>>>> relation already exists
* 66 reduction runtime: 0.07500837499992485 seconds
>>>> not short enough
* 67 reduction runtime: 0.07550839500004258 seconds
>>>> relation already exists
* 68 reduction runtime: 0.07596981100004996 seconds
>>>> found new fac-realtion: (453518065, 201)
* 69 reduction runtime: 0.08639835400003903 seconds
>>>> not short enough
* 70 reduction runtime: 0.07527604400002019 seconds
>>>> found new fac-realtion: (229223750, 47)
* 71 reduction runtime: 0.08572392800010675 seconds
>>>> found new fac-realtion: (5612283040, -527)
* 72 reduction runtime: 0.08354152499987322 seconds
>>>> not short enough
* 73 reduction runtime: 0.07574791699994421 seconds
>>>> not short enough
* 74 reduction runtime: 0.07659913399993457 seconds
>>>> relation already exists
* 75 reduction runtime: 0.0755205840000599 seconds
>>>> relation already exists
* 76 reduction runtime: 0.07508873199981281 seconds
>>>> found new fac-realtion: (16797414816, 451)
* 77 reduction runtime: 0.08358568799985733 seconds
>>>> not short enough
* 78 reduction runtime: 0.07561416799990184 seconds
>>>> not short enough
* 79 reduction runtime: 0.07553623900003004 seconds
>>>> found new fac-realtion: (653164358, 43)
* 80 reduction runtime: 0.08429148400000486 seconds
>>>> relation already exists
* 81 reduction runtime: 0.07617476299992632 seconds
>>>> found new fac-realtion: (2674276539, 4)
* 82 reduction runtime: 0.08603574900007516 seconds
>>>> relation already exists
* 83 reduction runtime: 0.07749362500021562 seconds
>>>> not short enough
* 84 reduction runtime: 0.07598141200014652 seconds
>>>> found new fac-realtion: (1303863600, -259)
* 85 reduction runtime: 0.08430337499999041 seconds
>>>> found new fac-realtion: (1922521447, 67)
* 86 reduction runtime: 0.08433426500005226 seconds
>>>> relation already exists
* 87 reduction runtime: 0.07924375299990061 seconds
>>>> not short enough
* 88 reduction runtime: 0.07579079199990701 seconds
>>>> not short enough
* 89 reduction runtime: 0.07534641400002329 seconds
>>>> found new fac-realtion: (4374968598, 73)
* 90 reduction runtime: 0.08414584599995578 seconds
>>>> not short enough
* 91 reduction runtime: 0.0761453300001449 seconds
>>>> relation already exists
* 92 reduction runtime: 0.07637918000000354 seconds
>>>> relation already exists
* 93 reduction runtime: 0.07543499200005499 seconds
>>>> not short enough
* 94 reduction runtime: 0.07803391199990983 seconds
>>>> not short enough
* 95 reduction runtime: 0.07519790199989984 seconds
>>>> relation already exists
* 96 reduction runtime: 0.07887372499999401 seconds
>>>> not short enough
* 97 reduction runtime: 0.07654884799990214 seconds
>>>> relation already exists
* 98 reduction runtime: 0.07577304999995249 seconds
>>>> relation already exists
* 99 reduction runtime: 0.07577532799996334 seconds
>>>> not short enough
* 100 reduction runtime: 0.07612671400011095 seconds
>>>> not short enough
* 101 reduction runtime: 0.07700502500006223 seconds
>>>> not short enough
* 102 reduction runtime: 0.0766299969998272 seconds
>>>> not short enough
* 103 reduction runtime: 0.07608147399992049 seconds
>>>> not short enough
* 104 reduction runtime: 0.07538062500020715 seconds
>>>> relation already exists
* 105 reduction runtime: 0.0751335160000508 seconds
>>>> relation already exists
* 106 reduction runtime: 0.07534174399984295 seconds
>>>> relation already exists
* 107 reduction runtime: 0.07517893799990816 seconds
>>>> not short enough
* 108 reduction runtime: 0.07579714799999238 seconds
>>>> not short enough
* 109 reduction runtime: 0.07732241999997314 seconds
>>>> not short enough
* 110 reduction runtime: 0.07635134399993149 seconds
>>>> relation already exists
* 111 reduction runtime: 0.07559860799983653 seconds
>>>> not short enough
* 112 reduction runtime: 0.07521082199991724 seconds
>>>> relation already exists
* 113 reduction runtime: 0.07527306500014674 seconds
>>>> not short enough
* 114 reduction runtime: 0.07566963099998247 seconds
>>>> not short enough
* 115 reduction runtime: 0.07592399400004979 seconds
>>>> not short enough
* 116 reduction runtime: 0.07631792300003326 seconds
>>>> not short enough
* 117 reduction runtime: 0.07526075900000251 seconds
>>>> relation already exists
* 118 reduction runtime: 0.07580926600007842 seconds
>>>> not short enough
* 119 reduction runtime: 0.07500208400006159 seconds
>>>> not short enough
* 120 reduction runtime: 0.07541955800002142 seconds
>>>> found new fac-realtion: (419011021, -49)
Found n+2 relations in 9.454199236000022 seconds
Solution space is [[1, 0, 1, 0, 0, 1, 1, 1, 1, 0, 0, 0, 1, 0, 1, 0, 0, 0, 0, 1, 1, 0, 0, 1,
  0, 0],
 [0, 1, 1, 0, 0, 0, 0, 1, 0, 1, 0, 0, 0, 1, 1, 1, 1, 0, 0, 0, 1, 1, 0, 0,
  0, 1],
 [0, 0, 0, 1, 0, 0, 1, 0, 0, 1, 1, 0, 1, 0, 0, 0, 0, 0, 0, 0, 1, 1, 1, 0,
  0, 0],
 [0, 0, 0, 0, 0, 0, 0, 0, 0, 0, 0, 1, 0, 0, 1, 0, 1, 0, 1, 1, 0, 1, 1, 1,
  1, 0]]
* C = [0, 0, 0, 0, 0, 0, 0, 0, 0, 0, 0, 0, 0, 0, 0, 0, 0, 0, 0, 0, 0, 0, 0, 0, 0,
 0]
>> gcd(N, a+b): 1, gcd(N, a-b): 1
* C = [0, 0, 0, 0, 0, 0, 0, 0, 0, 0, 0, 1, 0, 0, 1, 0, 1, 0, 1, 1, 0, 1, 1, 1, 1,
 0]
>> gcd(N, a+b): 1, gcd(N, a-b): 1
* C = [0, 0, 0, 1, 0, 0, 1, 0, 0, 1, 1, 0, 1, 0, 0, 0, 0, 0, 0, 0, 1, 1, 1, 0, 0,
 0]
>> gcd(N, a+b): 1, gcd(N, a-b): 1
* C = [0, 0, 0, 1, 0, 0, 1, 0, 0, 1, 1, 1, 1, 0, 1, 0, 1, 0, 1, 1, 1, 0, 0, 1, 1,
 0]
>> gcd(N, a+b): 1, gcd(N, a-b): 1
* C = [0, 1, 1, 0, 0, 0, 0, 1, 0, 1, 0, 0, 0, 1, 1, 1, 1, 0, 0, 0, 1, 1, 0, 0, 0,
 1]
>> gcd(N, a+b): 1361, gcd(N, a-b): 1361
Time find a non-trivial solution to linear equations: 0.017857198999990942 seconds
Overall runtime: 9.472749636000117 seconds
------------------------------------------------------------------------
N = 6499769
Time for generating prime basis: 0.00010857200004465994 seconds
prime base: [2, 3, 5, 7, 11, 13, 17, 19, 23, 29, 31, 37, 41, 43, 47, 53, 59, 61, 67, 71, 73, 79, 83, 89, 97, 101, 103]
dimension: 27
Basis matrix generated in 6.275900000218826e-05 seconds
* 1 reduction runtime: 0.13104525399990052 seconds
>>>> found new fac-realtion: (773472568, 57)
* 2 reduction runtime: 0.10627375200010647 seconds
>>>> found new fac-realtion: (17529876650, -343)
* 3 reduction runtime: 0.10558146300013505 seconds
>>>> not short enough
* 4 reduction runtime: 0.09765702999993664 seconds
>>>> not short enough
* 5 reduction runtime: 0.09643893099996603 seconds
>>>> not short enough
* 6 reduction runtime: 0.09712634500010608 seconds
>>>> found new fac-realtion: (58497920, -1)
* 7 reduction runtime: 0.1051752129999386 seconds
>>>> found new fac-realtion: (16983896468, 71)
* 8 reduction runtime: 0.10493957800008502 seconds
>>>> found new fac-realtion: (344487740, -17)
* 9 reduction runtime: 0.10498997600006987 seconds
>>>> not short enough
* 10 reduction runtime: 0.09772192600007656 seconds
>>>> not short enough
* 11 reduction runtime: 0.09818221299997276 seconds
>>>> not short enough
* 12 reduction runtime: 0.09810039900003176 seconds
>>>> relation already exists
* 13 reduction runtime: 0.09629536700003882 seconds
>>>> not short enough
* 14 reduction runtime: 0.09651717199994891 seconds
>>>> relation already exists
* 15 reduction runtime: 0.09623867999994218 seconds
>>>> found new fac-realtion: (1865433680, -23)
* 16 reduction runtime: 0.10562720500001888 seconds
>>>> found new fac-realtion: (9015180240, 637)
* 17 reduction runtime: 0.10560358000020642 seconds
>>>> relation already exists
* 18 reduction runtime: 0.09809990000007929 seconds
>>>> found new fac-realtion: (129995379, -1)
* 19 reduction runtime: 0.10493868000003204 seconds
>>>> not short enough
* 20 reduction runtime: 0.09749751399999695 seconds
>>>> not short enough
* 21 reduction runtime: 0.09978204000003643 seconds
>>>> found new fac-realtion: (240491475, 22)
* 22 reduction runtime: 0.10688130799985629 seconds
>>>> relation already exists
* 23 reduction runtime: 0.09767334299999675 seconds
>>>> found new fac-realtion: (35742227150, -2581)
* 24 reduction runtime: 0.10489425299988397 seconds
>>>> not short enough
* 25 reduction runtime: 0.09570394899992607 seconds
>>>> found new fac-realtion: (8066213298, -31)
* 26 reduction runtime: 0.10468312799980595 seconds
>>>> found new fac-realtion: (6974252404, 267)
* 27 reduction runtime: 0.10805734800010214 seconds
>>>> not short enough
* 28 reduction runtime: 0.09800488399991991 seconds
>>>> not short enough
* 29 reduction runtime: 0.09651800400001775 seconds
>>>> not short enough
* 30 reduction runtime: 0.09648699300009866 seconds
>>>> not short enough
* 31 reduction runtime: 0.09833454600016012 seconds
>>>> not short enough
* 32 reduction runtime: 0.09689601600007336 seconds
>>>> found new fac-realtion: (4088354688, -13)
* 33 reduction runtime: 0.10748469800000748 seconds
>>>> not short enough
* 34 reduction runtime: 0.09637936199987962 seconds
>>>> found new fac-realtion: (16190924750, 171)
* 35 reduction runtime: 0.10537739500000498 seconds
>>>> found new fac-realtion: (1007464227, 32)
* 36 reduction runtime: 0.10596868699985862 seconds
>>>> not short enough
* 37 reduction runtime: 0.0971162959999674 seconds
>>>> found new fac-realtion: (123495625, 14)
* 38 reduction runtime: 0.10592174600014914 seconds
>>>> not short enough
* 39 reduction runtime: 0.09672371199985719 seconds
>>>> found new fac-realtion: (1358451744, 23)
* 40 reduction runtime: 0.10557469000013953 seconds
>>>> relation already exists
* 41 reduction runtime: 0.09984877800002323 seconds
>>>> not short enough
* 42 reduction runtime: 0.09734109900000476 seconds
>>>> found new fac-realtion: (24517128363, -305)
* 43 reduction runtime: 0.10540099399986502 seconds
>>>> not short enough
* 44 reduction runtime: 0.0963475539999763 seconds
>>>> not short enough
* 45 reduction runtime: 0.09706287300014083 seconds
>>>> relation already exists
* 46 reduction runtime: 0.09624713499988502 seconds
>>>> relation already exists
* 47 reduction runtime: 0.09596719199998915 seconds
>>>> not short enough
* 48 reduction runtime: 0.0964584159999049 seconds
>>>> relation already exists
* 49 reduction runtime: 0.09611590800000158 seconds
>>>> not short enough
* 50 reduction runtime: 0.09515055499991831 seconds
>>>> not short enough
* 51 reduction runtime: 0.09679580800002441 seconds
>>>> found new fac-realtion: (33688299645, -3082)
* 52 reduction runtime: 0.10781503999987763 seconds
>>>> found new fac-realtion: (13006037408, -361)
* 53 reduction runtime: 0.10746308700004192 seconds
>>>> relation already exists
* 54 reduction runtime: 0.0963160640001206 seconds
>>>> not short enough
* 55 reduction runtime: 0.09633919699990656 seconds
>>>> not short enough
* 56 reduction runtime: 0.09634436600003937 seconds
>>>> not short enough
* 57 reduction runtime: 0.09780072800003836 seconds
>>>> not short enough
* 58 reduction runtime: 0.09687655100015036 seconds
>>>> relation already exists
* 59 reduction runtime: 0.09732666099989729 seconds
>>>> not short enough
* 60 reduction runtime: 0.10214893400006986 seconds
>>>> not short enough
* 61 reduction runtime: 0.1051532500000576 seconds
>>>> relation already exists
* 62 reduction runtime: 0.0982313869999416 seconds
>>>> relation already exists
* 63 reduction runtime: 0.09794115199997577 seconds
>>>> not short enough
* 64 reduction runtime: 0.10169071300015275 seconds
>>>> relation already exists
* 65 reduction runtime: 0.1014575890001197 seconds
>>>> relation already exists
* 66 reduction runtime: 0.09772881200001393 seconds
>>>> found new fac-realtion: (45498375, -8)
* 67 reduction runtime: 0.10878467299994554 seconds
>>>> relation already exists
* 68 reduction runtime: 0.09995404799997232 seconds
>>>> not short enough
* 69 reduction runtime: 0.09908914299990101 seconds
>>>> not short enough
* 70 reduction runtime: 0.10044680000009976 seconds
>>>> relation already exists
* 71 reduction runtime: 0.10168550399998821 seconds
>>>> not short enough
* 72 reduction runtime: 0.10137273299983462 seconds
>>>> not short enough
* 73 reduction runtime: 0.10029308100001799 seconds
>>>> relation already exists
* 74 reduction runtime: 0.10106031999998777 seconds
>>>> relation already exists
* 75 reduction runtime: 0.09792982999988453 seconds
>>>> not short enough
* 76 reduction runtime: 0.11053073199991559 seconds
>>>> not short enough
* 77 reduction runtime: 0.09635263400014082 seconds
>>>> not short enough
* 78 reduction runtime: 0.09668246100000033 seconds
>>>> not short enough
* 79 reduction runtime: 0.09607875899996543 seconds
>>>> found new fac-realtion: (7487734265, 377)
* 80 reduction runtime: 0.10629562299982354 seconds
>>>> relation already exists
* 81 reduction runtime: 0.09946399199998268 seconds
>>>> not short enough
* 82 reduction runtime: 0.09790109000005032 seconds
>>>> not short enough
* 83 reduction runtime: 0.1006746479999947 seconds
>>>> relation already exists
* 84 reduction runtime: 0.10394907900013095 seconds
>>>> not short enough
* 85 reduction runtime: 0.10123230599992894 seconds
>>>> relation already exists
* 86 reduction runtime: 0.1001946860001226 seconds
>>>> not short enough
* 87 reduction runtime: 0.10539916600009747 seconds
>>>> not short enough
* 88 reduction runtime: 0.10038409599997067 seconds
>>>> found new fac-realtion: (305489184, 41)
* 89 reduction runtime: 0.10576964000006228 seconds
>>>> not short enough
* 90 reduction runtime: 0.09913716000005479 seconds
>>>> not short enough
* 91 reduction runtime: 0.10243742100010422 seconds
>>>> found new fac-realtion: (857969567, 59)
* 92 reduction runtime: 0.12010469100005139 seconds
>>>> found new fac-realtion: (3932360406, 161)
* 93 reduction runtime: 0.11854712099989229 seconds
>>>> relation already exists
* 94 reduction runtime: 0.10630204600010984 seconds
>>>> found new fac-realtion: (4504339918, 1)
* 95 reduction runtime: 0.11952118800013523 seconds
>>>> not short enough
* 96 reduction runtime: 0.10833631300010893 seconds
>>>> relation already exists
* 97 reduction runtime: 0.10710787099992558 seconds
>>>> relation already exists
* 98 reduction runtime: 0.10501266799997211 seconds
>>>> not short enough
* 99 reduction runtime: 0.10322838600018258 seconds
>>>> not short enough
* 100 reduction runtime: 0.10390030500002467 seconds
>>>> relation already exists
* 101 reduction runtime: 0.09899233800001639 seconds
>>>> not short enough
* 102 reduction runtime: 0.09590991300001406 seconds
>>>> not short enough
* 103 reduction runtime: 0.0968972160001158 seconds
>>>> found new fac-realtion: (3295382615, -268)
* 104 reduction runtime: 0.10587512600000082 seconds
>>>> not short enough
* 105 reduction runtime: 0.0962282990001313 seconds
>>>> not short enough
* 106 reduction runtime: 0.09515373499993984 seconds
>>>> relation already exists
* 107 reduction runtime: 0.09532503000014003 seconds
>>>> not short enough
* 108 reduction runtime: 0.09613617400009389 seconds
>>>> not short enough
* 109 reduction runtime: 0.09608285400008754 seconds
>>>> not short enough
* 110 reduction runtime: 0.09729317799997261 seconds
>>>> found new fac-realtion: (23392671445, 2814)
* 111 reduction runtime: 0.10587998699998025 seconds
>>>> not short enough
* 112 reduction runtime: 0.09605256800000461 seconds
>>>> not short enough
* 113 reduction runtime: 0.0968203119998634 seconds
>>>> not short enough
* 114 reduction runtime: 0.09712968799999544 seconds
>>>> not short enough
* 115 reduction runtime: 0.09754831899999772 seconds
>>>> not short enough
* 116 reduction runtime: 0.09757574100012789 seconds
>>>> found new fac-realtion: (701975129, 77)
Found n+2 relations in 11.760499127999992 seconds
Solution space is [[1, 1, 0, 0, 0, 0, 1, 1, 1, 0, 0, 0, 0, 1, 1, 1, 1, 1, 0, 1, 0, 1, 1, 1,
  0, 1, 0, 0, 1],
 [0, 0, 1, 0, 1, 1, 1, 1, 1, 1, 1, 1, 1, 1, 0, 1, 0, 1, 1, 1, 0, 1, 1, 0,
  1, 1, 0, 0, 0],
 [0, 0, 0, 1, 0, 1, 0, 0, 0, 1, 1, 1, 1, 1, 1, 0, 0, 0, 0, 0, 0, 0, 0, 1,
  1, 0, 0, 0, 0]]
* C = [0, 0, 0, 0, 0, 0, 0, 0, 0, 0, 0, 0, 0, 0, 0, 0, 0, 0, 0, 0, 0, 0, 0, 0, 0,
 0, 0, 0, 0]
>> gcd(N, a+b): 1, gcd(N, a-b): 1
* C = [0, 0, 0, 1, 0, 1, 0, 0, 0, 1, 1, 1, 1, 1, 1, 0, 0, 0, 0, 0, 0, 0, 0, 1, 1,
 0, 0, 0, 0]
>> gcd(N, a+b): 6499769, gcd(N, a-b): 6499769
* C = [0, 0, 1, 0, 1, 1, 1, 1, 1, 1, 1, 1, 1, 1, 0, 1, 0, 1, 1, 1, 0, 1, 1, 0, 1,
 1, 0, 0, 0]
>> gcd(N, a+b): 6499769, gcd(N, a-b): 6499769
* C = [0, 0, 1, 1, 1, 0, 1, 1, 1, 0, 0, 0, 0, 0, 1, 1, 0, 1, 1, 1, 0, 1, 1, 1, 0,
 1, 0, 0, 0]
>> gcd(N, a+b): 1, gcd(N, a-b): 1
* C = [1, 1, 0, 0, 0, 0, 1, 1, 1, 0, 0, 0, 0, 1, 1, 1, 1, 1, 0, 1, 0, 1, 1, 1, 0,
 1, 0, 0, 1]
>> gcd(N, a+b): 1, gcd(N, a-b): 1
* C = [1, 1, 0, 1, 0, 1, 1, 1, 1, 1, 1, 1, 1, 0, 0, 1, 1, 1, 0, 1, 0, 1, 1, 0, 1,
 1, 0, 0, 1]
>> gcd(N, a+b): 6499769, gcd(N, a-b): 6499769
* C = [1, 1, 1, 0, 1, 1, 0, 0, 0, 1, 1, 1, 1, 0, 1, 0, 1, 0, 1, 0, 0, 0, 0, 1, 1,
 0, 0, 0, 1]
>> gcd(N, a+b): 6499769, gcd(N, a-b): 6499769
* C = [1, 1, 1, 1, 1, 0, 0, 0, 0, 0, 0, 0, 0, 1, 0, 0, 1, 0, 1, 0, 0, 0, 0, 0, 0,
 0, 0, 0, 1]
>> gcd(N, a+b): 1, gcd(N, a-b): 1
Time find a non-trivial solution to linear equations: 0.028586121999978786 seconds
Overall runtime: 11.789851249000094 seconds
------------------------------------------------------------------------
N = 11683339
Time for generating prime basis: 0.00018777000013869838 seconds
prime base: [2, 3, 5, 7, 11, 13, 17, 19, 23, 29, 31, 37, 41, 43, 47, 53, 59, 61, 67, 71, 73, 79, 83, 89, 97, 101, 103, 107, 109, 113]
dimension: 30
Basis matrix generated in 5.4326000054061296e-05 seconds
* 1 reduction runtime: 0.16241913199996816 seconds
>>>> not short enough
* 2 reduction runtime: 0.12587944800020523 seconds
>>>> not short enough
* 3 reduction runtime: 0.12326489999986734 seconds
>>>> found new fac-realtion: (327133465, -27)
* 4 reduction runtime: 0.13027502199997798 seconds
>>>> not short enough
* 5 reduction runtime: 0.1272681539999212 seconds
>>>> not short enough
* 6 reduction runtime: 0.12151150599993343 seconds
>>>> found new fac-realtion: (2617067771, -165)
* 7 reduction runtime: 0.13106492300016725 seconds
>>>> not short enough
* 8 reduction runtime: 0.12128825500008134 seconds
>>>> found new fac-realtion: (193791555760, 11767)
* 9 reduction runtime: 0.12962379900000087 seconds
>>>> not short enough
* 10 reduction runtime: 0.12141669000016009 seconds
>>>> not short enough
* 11 reduction runtime: 0.122500940000009 seconds
>>>> found new fac-realtion: (722509358004, -9095)
* 12 reduction runtime: 0.1285273060000236 seconds
>>>> found new fac-realtion: (25084128608, -225)
* 13 reduction runtime: 0.12859424199996283 seconds
>>>> not short enough
* 14 reduction runtime: 0.12162212099997305 seconds
>>>> not short enough
* 15 reduction runtime: 0.12036753000006684 seconds
>>>> not short enough
* 16 reduction runtime: 0.11966695099999924 seconds
>>>> not short enough
* 17 reduction runtime: 0.12081742899999881 seconds
>>>> not short enough
* 18 reduction runtime: 0.16953069299984236 seconds
>>>> not short enough
* 19 reduction runtime: 0.15730688700000428 seconds
>>>> found new fac-realtion: (245350120, 1)
* 20 reduction runtime: 0.131736391000004 seconds
>>>> not short enough
* 21 reduction runtime: 0.12379962800014255 seconds
>>>> not short enough
* 22 reduction runtime: 0.12366943200004243 seconds
>>>> not short enough
* 23 reduction runtime: 0.12002945600011117 seconds
>>>> found new fac-realtion: (1729134275, 103)
* 24 reduction runtime: 0.13245360099995196 seconds
>>>> found new fac-realtion: (124462610272, -95)
* 25 reduction runtime: 0.13722232300006 seconds
>>>> not short enough
* 26 reduction runtime: 0.12138637799989738 seconds
>>>> not short enough
* 27 reduction runtime: 0.12149395100004767 seconds
>>>> not short enough
* 28 reduction runtime: 0.12103802600017843 seconds
>>>> found new fac-realtion: (829517040, -29)
* 29 reduction runtime: 0.12874921100001302 seconds
>>>> not short enough
* 30 reduction runtime: 0.12157849700020051 seconds
>>>> not short enough
* 31 reduction runtime: 0.12011004400005731 seconds
>>>> found new fac-realtion: (1647350800, 1)
* 32 reduction runtime: 0.131243392999977 seconds
>>>> found new fac-realtion: (619217010, 43)
* 33 reduction runtime: 0.12921050399995693 seconds
>>>> not short enough
* 34 reduction runtime: 0.12149197600001571 seconds
>>>> found new fac-realtion: (689316992, -9)
* 35 reduction runtime: 0.12782376099994508 seconds
>>>> found new fac-realtion: (1039817142, -29)
* 36 reduction runtime: 0.127542147999975 seconds
>>>> not short enough
* 37 reduction runtime: 0.11999705000016547 seconds
>>>> not short enough
* 38 reduction runtime: 0.12103881699999874 seconds
>>>> found new fac-realtion: (33753166265, -106)
* 39 reduction runtime: 0.1277441380000255 seconds
>>>> relation already exists
* 40 reduction runtime: 0.11948148900000888 seconds
>>>> not short enough
* 41 reduction runtime: 0.12063522400012516 seconds
>>>> not short enough
* 42 reduction runtime: 0.11984698500009472 seconds
>>>> not short enough
* 43 reduction runtime: 0.12006138099991404 seconds
>>>> relation already exists
* 44 reduction runtime: 0.12915440699998726 seconds
>>>> not short enough
* 45 reduction runtime: 0.12374021899995569 seconds
>>>> relation already exists
* 46 reduction runtime: 0.12833182200006377 seconds
>>>> found new fac-realtion: (315450160, 7)
* 47 reduction runtime: 0.13585303900003964 seconds
>>>> not short enough
* 48 reduction runtime: 0.1245848879998448 seconds
>>>> not short enough
* 49 reduction runtime: 0.12020544200004224 seconds
>>>> relation already exists
* 50 reduction runtime: 0.1253431620000356 seconds
>>>> not short enough
* 51 reduction runtime: 0.12630744900002355 seconds
>>>> not short enough
* 52 reduction runtime: 0.12689183799989223 seconds
>>>> relation already exists
* 53 reduction runtime: 0.11882230599985633 seconds
>>>> found new fac-realtion: (4988785813, 60)
* 54 reduction runtime: 0.13456154499999684 seconds
>>>> not short enough
* 55 reduction runtime: 0.12370520300009957 seconds
>>>> relation already exists
* 56 reduction runtime: 0.11814676199992391 seconds
>>>> relation already exists
* 57 reduction runtime: 0.11786316100005934 seconds
>>>> found new fac-realtion: (1203384000, 83)
* 58 reduction runtime: 0.12878900099985913 seconds
>>>> found new fac-realtion: (479460876807, 10925)
* 59 reduction runtime: 0.12954826800000774 seconds
>>>> relation already exists
* 60 reduction runtime: 0.11875236600008066 seconds
>>>> not short enough
* 61 reduction runtime: 0.1203535560000546 seconds
>>>> not short enough
* 62 reduction runtime: 0.12024759899986748 seconds
>>>> not short enough
* 63 reduction runtime: 0.11994958900004349 seconds
>>>> found new fac-realtion: (35751015839, -1501)
* 64 reduction runtime: 0.13474925800005622 seconds
>>>> found new fac-realtion: (759416966, -69)
* 65 reduction runtime: 0.13017147499999737 seconds
>>>> found new fac-realtion: (14008323420, -41)
* 66 reduction runtime: 0.13157790600007502 seconds
>>>> not short enough
* 67 reduction runtime: 0.12543133700000908 seconds
>>>> not short enough
* 68 reduction runtime: 0.1384504970001217 seconds
>>>> not short enough
* 69 reduction runtime: 0.13044763799985049 seconds
>>>> relation already exists
* 70 reduction runtime: 0.1207551610000337 seconds
>>>> not short enough
* 71 reduction runtime: 0.12186920599992845 seconds
>>>> found new fac-realtion: (11554822786, 515)
* 72 reduction runtime: 0.13159778599992933 seconds
>>>> not short enough
* 73 reduction runtime: 0.12156684100000348 seconds
>>>> not short enough
* 74 reduction runtime: 0.12063425400015149 seconds
>>>> relation already exists
* 75 reduction runtime: 0.12547478800001954 seconds
>>>> found new fac-realtion: (29558847409, -261)
* 76 reduction runtime: 0.13478815100006614 seconds
>>>> not short enough
* 77 reduction runtime: 0.1203075710000121 seconds
>>>> not short enough
* 78 reduction runtime: 0.12264437599992561 seconds
>>>> relation already exists
* 79 reduction runtime: 0.12130934500009971 seconds
>>>> found new fac-realtion: (15690724400, 123)
* 80 reduction runtime: 0.13420396100013932 seconds
>>>> found new fac-realtion: (21228626958, -5)
* 81 reduction runtime: 0.1315392389999488 seconds
>>>> not short enough
* 82 reduction runtime: 0.12334506899992448 seconds
>>>> not short enough
* 83 reduction runtime: 0.12665037300007498 seconds
>>>> not short enough
* 84 reduction runtime: 0.12035888100012926 seconds
>>>> not short enough
* 85 reduction runtime: 0.12605175800013058 seconds
>>>> not short enough
* 86 reduction runtime: 0.1200226210000892 seconds
>>>> not short enough
* 87 reduction runtime: 0.12627823100001478 seconds
>>>> not short enough
* 88 reduction runtime: 0.12005694499998754 seconds
>>>> not short enough
* 89 reduction runtime: 0.12073815300004753 seconds
>>>> not short enough
* 90 reduction runtime: 0.12131007299990415 seconds
>>>> not short enough
* 91 reduction runtime: 0.11947803200018825 seconds
>>>> found new fac-realtion: (3271334937, 17)
* 92 reduction runtime: 0.12860633600007532 seconds
>>>> relation already exists
* 93 reduction runtime: 0.11869724700000006 seconds
>>>> relation already exists
* 94 reduction runtime: 0.11921642299989799 seconds
>>>> not short enough
* 95 reduction runtime: 0.12012111800004277 seconds
>>>> not short enough
* 96 reduction runtime: 0.12047432700001082 seconds
>>>> not short enough
* 97 reduction runtime: 0.11844651699993847 seconds
>>>> relation already exists
* 98 reduction runtime: 0.12172296399990046 seconds
>>>> not short enough
* 99 reduction runtime: 0.11996035300012409 seconds
>>>> relation already exists
* 100 reduction runtime: 0.12009871999998722 seconds
>>>> not short enough
* 101 reduction runtime: 0.11882134799998312 seconds
>>>> found new fac-realtion: (18109176477, 1027)
* 102 reduction runtime: 0.13069859299980635 seconds
>>>> not short enough
* 103 reduction runtime: 0.12026307099995392 seconds
>>>> not short enough
* 104 reduction runtime: 0.12004594599989105 seconds
>>>> not short enough
* 105 reduction runtime: 0.12036806700007219 seconds
>>>> not short enough
* 106 reduction runtime: 0.11879868400001214 seconds
>>>> relation already exists
* 107 reduction runtime: 0.12121163000006163 seconds
>>>> relation already exists
* 108 reduction runtime: 0.11886612400007834 seconds
>>>> found new fac-realtion: (29220030840, 1)
* 109 reduction runtime: 0.1280665509998471 seconds
>>>> not short enough
* 110 reduction runtime: 0.12316422200001398 seconds
>>>> not short enough
* 111 reduction runtime: 0.12067849000004571 seconds
>>>> found new fac-realtion: (2219834351, -59)
* 112 reduction runtime: 0.12862503899987132 seconds
>>>> relation already exists
* 113 reduction runtime: 0.1202907659999255 seconds
>>>> not short enough
* 114 reduction runtime: 0.12211398599993117 seconds
>>>> relation already exists
* 115 reduction runtime: 0.12068181300014658 seconds
>>>> not short enough
* 116 reduction runtime: 0.11919900299994879 seconds
>>>> not short enough
* 117 reduction runtime: 0.12058473999991293 seconds
>>>> not short enough
* 118 reduction runtime: 0.12002276099997289 seconds
>>>> relation already exists
* 119 reduction runtime: 0.12100235399998382 seconds
>>>> not short enough
* 120 reduction runtime: 0.1195824089998041 seconds
>>>> relation already exists
* 121 reduction runtime: 0.11993251700005203 seconds
>>>> not short enough
* 122 reduction runtime: 0.12129288500000257 seconds
>>>> relation already exists
* 123 reduction runtime: 0.12080327499984378 seconds
>>>> not short enough
* 124 reduction runtime: 0.11978475700016133 seconds
>>>> relation already exists
* 125 reduction runtime: 0.11881131799987088 seconds
>>>> not short enough
* 126 reduction runtime: 0.12151808699991307 seconds
>>>> found new fac-realtion: (6449202995, -133)
* 127 reduction runtime: 0.12868315800005803 seconds
>>>> not short enough
* 128 reduction runtime: 0.1199825400001373 seconds
>>>> not short enough
* 129 reduction runtime: 0.11910142499982612 seconds
>>>> not short enough
* 130 reduction runtime: 0.12299840800005768 seconds
>>>> not short enough
* 131 reduction runtime: 0.12009804500007704 seconds
>>>> not short enough
* 132 reduction runtime: 0.11931577399991511 seconds
>>>> relation already exists
* 133 reduction runtime: 0.11895853900000475 seconds
>>>> not short enough
* 134 reduction runtime: 0.11862877900011881 seconds
>>>> not short enough
* 135 reduction runtime: 0.11897709799995937 seconds
>>>> not short enough
* 136 reduction runtime: 0.1179471130001275 seconds
>>>> not short enough
* 137 reduction runtime: 0.11816524599998957 seconds
>>>> relation already exists
* 138 reduction runtime: 0.11714422599993668 seconds
>>>> relation already exists
* 139 reduction runtime: 0.11750331899997946 seconds
>>>> not short enough
* 140 reduction runtime: 0.11991495300003407 seconds
>>>> found new fac-realtion: (3797085072, -103)
* 141 reduction runtime: 0.12613969499989253 seconds
>>>> not short enough
* 142 reduction runtime: 0.11821009100003721 seconds
>>>> not short enough
* 143 reduction runtime: 0.12067206699998678 seconds
>>>> not short enough
* 144 reduction runtime: 0.12207863000003272 seconds
>>>> found new fac-realtion: (73686816996, -2077)
Found n+2 relations in 17.922659737999993 seconds
Solution space is [[1, 0, 0, 0, 0, 0, 0, 0, 1, 1, 1, 1, 0, 1, 0, 1, 1, 0, 1, 1, 0, 0, 1, 1,
  0, 0, 0, 0, 0, 0, 0, 1],
 [0, 1, 0, 0, 1, 0, 0, 1, 1, 1, 0, 0, 0, 0, 1, 0, 1, 0, 1, 1, 1, 0, 0, 0,
  1, 1, 1, 0, 1, 1, 1, 1],
 [0, 0, 1, 0, 0, 1, 1, 0, 0, 1, 1, 1, 0, 0, 0, 0, 1, 0, 0, 1, 0, 0, 1, 1,
  1, 1, 0, 1, 0, 0, 0, 0]]
* C = [0, 0, 0, 0, 0, 0, 0, 0, 0, 0, 0, 0, 0, 0, 0, 0, 0, 0, 0, 0, 0, 0, 0, 0, 0,
 0, 0, 0, 0, 0, 0, 0]
>> gcd(N, a+b): 1, gcd(N, a-b): 1
* C = [0, 0, 1, 0, 0, 1, 1, 0, 0, 1, 1, 1, 0, 0, 0, 0, 1, 0, 0, 1, 0, 0, 1, 1, 1,
 1, 0, 1, 0, 0, 0, 0]
>> gcd(N, a+b): 3847, gcd(N, a-b): 3847
Time find a non-trivial solution to linear equations: 0.01390973499997017 seconds
Overall runtime: 17.937374266999996 seconds
