INFO:root:N: 2131438662079
t: 125 
c1 = 15
c2 = 3 
INFO:root:prime base: [2, 3, 5, 7, 11, 13, 17, 19, 23, 29, 31, 37, 41, 43, 47, 53, 59, 61, 67, 71, 73, 79, 83, 89, 97, 101, 103, 107, 109, 113, 127, 131, 137, 139, 149, 151, 157, 163, 167, 173, 179, 181, 191, 193, 197, 199, 211, 223, 227, 229, 233, 239, 241, 251, 257, 263, 269, 271, 277, 281, 283, 293, 307, 311, 313, 317, 331, 337, 347, 349, 353, 359, 367, 373, 379, 383, 389, 397, 401, 409, 419, 421, 431, 433, 439, 443, 449, 457, 461, 463, 467, 479, 487, 491, 499, 503, 509, 521, 523, 541, 547, 557, 563, 569, 571, 577, 587, 593, 599, 601, 607, 613, 617, 619, 631, 641, 643, 647, 653, 659, 661, 673, 677, 683, 691]
INFO:root:dimension: 125
INFO:root:Trial 1: not short enough
INFO:root:Trial 1: not short enough
INFO:root:Trial 1: not short enough
INFO:root:Trial 1: not short enough
INFO:root:Trial 1: not short enough
INFO:root:Trial 1: not short enough
INFO:root:Trial 1: not short enough
INFO:root:Trial 1: not short enough
INFO:root:Trial 1: found new fac-realtion: (9591184103697432873, -24383)
INFO:root:Trial 1: not short enough
INFO:root:Trial 1: not short enough
INFO:root:Trial 1: found new fac-realtion: (1125133183744952569, 444)
INFO:root:Trial 1: found new fac-realtion: (599846519791569375, 563)
INFO:root:Trial 1: not short enough
INFO:root:Trial 1: not short enough
INFO:root:Trial 1: not short enough
INFO:root:Trial 1: not short enough
INFO:root:Trial 1: not short enough
INFO:root:Trial 1: not short enough
INFO:root:Trial 1: not short enough
INFO:root:Trial 1: not short enough
INFO:root:Trial 1: not short enough
INFO:root:Trial 1: not short enough
INFO:root:Trial 1: not short enough
INFO:root:Trial 1: not short enough
INFO:root:Trial 1: not short enough
INFO:root:Trial 1: not short enough
INFO:root:Trial 1: not short enough
INFO:root:Trial 1: not short enough
INFO:root:Trial 1: not short enough
INFO:root:Trial 1: not short enough
INFO:root:Trial 1: not short enough
INFO:root:Trial 1: not short enough
INFO:root:Trial 1: not short enough
INFO:root:Trial 1: not short enough
INFO:root:Trial 1: not short enough
INFO:root:Trial 1: not short enough
INFO:root:Trial 1: not short enough
INFO:root:Trial 1: not short enough
INFO:root:Trial 1: not short enough
INFO:root:Trial 1: not short enough
INFO:root:Trial 1: not short enough
INFO:root:Trial 1: not short enough
INFO:root:Trial 1: not short enough
INFO:root:Trial 1: not short enough
INFO:root:Trial 1: not short enough
INFO:root:Trial 1: not short enough
INFO:root:Trial 1: not short enough
INFO:root:Trial 1: found new fac-realtion: (1522234540415270604692, -1701583)
INFO:root:Trial 1: not short enough
INFO:root:Trial 1: not short enough
INFO:root:Trial 1: not short enough
INFO:root:Trial 1: not short enough
INFO:root:Trial 1: not short enough
INFO:root:Trial 1: not short enough
INFO:root:Trial 1: not short enough
INFO:root:Trial 1: not short enough
INFO:root:Trial 2: found new fac-realtion: (4466199521011026029, -13939)
INFO:root:Trial 2: not short enough
INFO:root:Trial 2: relation already exists
INFO:root:Trial 2: not short enough
INFO:root:Trial 2: not short enough
INFO:root:Trial 2: not short enough
INFO:root:Trial 2: not short enough
INFO:root:Trial 2: not short enough
INFO:root:Trial 2: found new fac-realtion: (2004453940908324945, 5528)
INFO:root:Trial 2: not short enough
INFO:root:Trial 2: not short enough
INFO:root:Trial 2: not short enough
INFO:root:Trial 2: not short enough
INFO:root:Trial 2: not short enough
INFO:root:Trial 2: not short enough
INFO:root:Trial 2: not short enough
INFO:root:Trial 2: not short enough
INFO:root:Trial 2: not short enough
INFO:root:Trial 2: not short enough
INFO:root:Trial 2: not short enough
INFO:root:Trial 2: not short enough
INFO:root:Trial 2: not short enough
INFO:root:Trial 2: not short enough
INFO:root:Trial 2: not short enough
INFO:root:Trial 2: not short enough
INFO:root:Trial 2: not short enough
INFO:root:Trial 2: not short enough
INFO:root:Trial 2: not short enough
INFO:root:Trial 2: not short enough
INFO:root:Trial 2: not short enough
INFO:root:Trial 2: not short enough
INFO:root:Trial 2: not short enough
INFO:root:Trial 2: not short enough
INFO:root:Trial 2: not short enough
INFO:root:Trial 2: not short enough
INFO:root:Trial 2: not short enough
INFO:root:Trial 2: not short enough
INFO:root:Trial 2: not short enough
INFO:root:Trial 2: not short enough
INFO:root:Trial 2: not short enough
INFO:root:Trial 2: not short enough
INFO:root:Trial 2: not short enough
INFO:root:Trial 2: not short enough
INFO:root:Trial 2: not short enough
INFO:root:Trial 2: not short enough
INFO:root:Trial 2: not short enough
INFO:root:Trial 2: not short enough
INFO:root:Trial 2: not short enough
INFO:root:Trial 2: not short enough
INFO:root:Trial 2: not short enough
INFO:root:Trial 2: not short enough
INFO:root:Trial 2: not short enough
INFO:root:Trial 2: not short enough
INFO:root:Trial 2: not short enough
INFO:root:Trial 2: not short enough
INFO:root:Trial 2: not short enough
INFO:root:Trial 2: not short enough
INFO:root:Trial 3: not short enough
INFO:root:Trial 3: not short enough
INFO:root:Trial 3: found new fac-realtion: (737356285075593816, -1681)
INFO:root:Trial 3: not short enough
INFO:root:Trial 3: not short enough
INFO:root:Trial 3: not short enough
INFO:root:Trial 3: not short enough
INFO:root:Trial 3: not short enough
INFO:root:Trial 3: not short enough
INFO:root:Trial 3: not short enough
INFO:root:Trial 3: not short enough
INFO:root:Trial 3: not short enough
INFO:root:Trial 3: not short enough
INFO:root:Trial 3: not short enough
INFO:root:Trial 3: not short enough
INFO:root:Trial 3: not short enough
INFO:root:Trial 3: not short enough
INFO:root:Trial 3: not short enough
INFO:root:Trial 3: not short enough
INFO:root:Trial 3: not short enough
INFO:root:Trial 3: not short enough
INFO:root:Trial 3: not short enough
INFO:root:Trial 3: not short enough
INFO:root:Trial 3: not short enough
INFO:root:Trial 3: not short enough
INFO:root:Trial 3: not short enough
INFO:root:Trial 3: not short enough
INFO:root:Trial 3: not short enough
INFO:root:Trial 3: not short enough
INFO:root:Trial 3: not short enough
INFO:root:Trial 3: not short enough
INFO:root:Trial 3: not short enough
INFO:root:Trial 3: not short enough
INFO:root:Trial 3: not short enough
INFO:root:Trial 3: not short enough
INFO:root:Trial 3: not short enough
INFO:root:Trial 3: not short enough
INFO:root:Trial 3: not short enough
INFO:root:Trial 3: not short enough
INFO:root:Trial 3: not short enough
INFO:root:Trial 3: not short enough
INFO:root:Trial 3: not short enough
INFO:root:Trial 3: not short enough
INFO:root:Trial 3: not short enough
INFO:root:Trial 3: not short enough
INFO:root:Trial 3: not short enough
INFO:root:Trial 3: not short enough
INFO:root:Trial 3: not short enough
INFO:root:Trial 3: not short enough
INFO:root:Trial 3: not short enough
INFO:root:Trial 3: not short enough
INFO:root:Trial 3: not short enough
INFO:root:Trial 3: not short enough
INFO:root:Trial 3: not short enough
INFO:root:Trial 3: not short enough
INFO:root:Trial 3: not short enough
INFO:root:Trial 3: not short enough
INFO:root:Trial 3: not short enough
INFO:root:Trial 3: not short enough
INFO:root:Trial 4: not short enough
INFO:root:Trial 4: not short enough
INFO:root:Trial 4: not short enough
INFO:root:Trial 4: not short enough
INFO:root:Trial 4: not short enough
INFO:root:Trial 4: not short enough
INFO:root:Trial 4: not short enough
INFO:root:Trial 4: not short enough
INFO:root:Trial 4: not short enough
INFO:root:Trial 4: not short enough
INFO:root:Trial 4: not short enough
INFO:root:Trial 4: not short enough
INFO:root:Trial 4: not short enough
INFO:root:Trial 4: not short enough
INFO:root:Trial 4: not short enough
INFO:root:Trial 4: not short enough
INFO:root:Trial 4: not short enough
INFO:root:Trial 4: not short enough
INFO:root:Trial 4: not short enough
INFO:root:Trial 4: not short enough
INFO:root:Trial 4: not short enough
INFO:root:Trial 4: not short enough
INFO:root:Trial 4: not short enough
INFO:root:Trial 4: not short enough
INFO:root:Trial 4: not short enough
INFO:root:Trial 4: not short enough
INFO:root:Trial 4: not short enough
INFO:root:Trial 4: not short enough
INFO:root:Trial 4: not short enough
INFO:root:Trial 4: not short enough
INFO:root:Trial 4: not short enough
INFO:root:Trial 4: not short enough
INFO:root:Trial 4: not short enough
INFO:root:Trial 4: not short enough
INFO:root:Trial 4: not short enough
INFO:root:Trial 4: not short enough
INFO:root:Trial 4: not short enough
INFO:root:Trial 4: not short enough
INFO:root:Trial 4: not short enough
INFO:root:Trial 4: not short enough
INFO:root:Trial 4: not short enough
INFO:root:Trial 4: not short enough
INFO:root:Trial 4: not short enough
INFO:root:Trial 4: not short enough
INFO:root:Trial 4: not short enough
INFO:root:Trial 4: not short enough
INFO:root:Trial 4: not short enough
INFO:root:Trial 4: not short enough
INFO:root:Trial 4: not short enough
INFO:root:Trial 4: not short enough
INFO:root:Trial 4: not short enough
INFO:root:Trial 4: not short enough
INFO:root:Trial 4: not short enough
INFO:root:Trial 4: not short enough
INFO:root:Trial 4: not short enough
INFO:root:Trial 4: not short enough
INFO:root:Trial 4: not short enough
INFO:root:Trial 5: found new fac-realtion: (3314777172808006510, 1053)
INFO:root:Trial 5: found new fac-realtion: (1038660717224403383, -3712)
INFO:root:Trial 5: not short enough
INFO:root:Trial 5: not short enough
INFO:root:Trial 5: not short enough
INFO:root:Trial 5: not short enough
INFO:root:Trial 5: not short enough
INFO:root:Trial 5: not short enough
INFO:root:Trial 5: not short enough
INFO:root:Trial 5: found new fac-realtion: (19665708158478545163, -37942)
INFO:root:Trial 5: not short enough
INFO:root:Trial 5: not short enough
INFO:root:Trial 5: not short enough
INFO:root:Trial 5: not short enough
INFO:root:Trial 5: not short enough
INFO:root:Trial 5: not short enough
INFO:root:Trial 5: not short enough
INFO:root:Trial 5: not short enough
INFO:root:Trial 5: not short enough
INFO:root:Trial 5: not short enough
INFO:root:Trial 5: not short enough
INFO:root:Trial 5: not short enough
INFO:root:Trial 5: not short enough
INFO:root:Trial 5: not short enough
INFO:root:Trial 5: not short enough
INFO:root:Trial 5: not short enough
INFO:root:Trial 5: not short enough
INFO:root:Trial 5: not short enough
INFO:root:Trial 5: not short enough
INFO:root:Trial 5: not short enough
INFO:root:Trial 5: not short enough
INFO:root:Trial 5: not short enough
INFO:root:Trial 5: not short enough
INFO:root:Trial 5: not short enough
INFO:root:Trial 5: not short enough
INFO:root:Trial 5: not short enough
INFO:root:Trial 5: not short enough
INFO:root:Trial 5: not short enough
INFO:root:Trial 5: not short enough
INFO:root:Trial 5: not short enough
INFO:root:Trial 5: found new fac-realtion: (11198053456687674612288, -69976873)
INFO:root:Trial 5: not short enough
INFO:root:Trial 5: not short enough
INFO:root:Trial 5: not short enough
INFO:root:Trial 5: not short enough
INFO:root:Trial 5: not short enough
INFO:root:Trial 5: not short enough
INFO:root:Trial 5: not short enough
INFO:root:Trial 5: not short enough
INFO:root:Trial 5: not short enough
INFO:root:Trial 5: not short enough
INFO:root:Trial 5: not short enough
INFO:root:Trial 5: not short enough
INFO:root:Trial 5: not short enough
INFO:root:Trial 5: not short enough
INFO:root:Trial 5: not short enough
INFO:root:Trial 6: not short enough
INFO:root:Trial 6: not short enough
INFO:root:Trial 6: not short enough
INFO:root:Trial 6: not short enough
INFO:root:Trial 6: not short enough
INFO:root:Trial 6: not short enough
INFO:root:Trial 6: not short enough
INFO:root:Trial 6: not short enough
INFO:root:Trial 6: not short enough
INFO:root:Trial 6: not short enough
INFO:root:Trial 6: not short enough
INFO:root:Trial 6: not short enough
INFO:root:Trial 6: not short enough
INFO:root:Trial 6: not short enough
INFO:root:Trial 6: not short enough
INFO:root:Trial 6: not short enough
INFO:root:Trial 6: not short enough
INFO:root:Trial 6: not short enough
INFO:root:Trial 6: not short enough
INFO:root:Trial 6: not short enough
INFO:root:Trial 6: not short enough
INFO:root:Trial 6: not short enough
INFO:root:Trial 6: not short enough
INFO:root:Trial 6: not short enough
INFO:root:Trial 6: not short enough
INFO:root:Trial 6: found new fac-realtion: (131433033658439149, -307)
INFO:root:Trial 6: not short enough
INFO:root:Trial 6: not short enough
INFO:root:Trial 6: not short enough
INFO:root:Trial 6: not short enough
INFO:root:Trial 6: not short enough
INFO:root:Trial 6: not short enough
INFO:root:Trial 6: not short enough
INFO:root:Trial 6: not short enough
INFO:root:Trial 6: not short enough
INFO:root:Trial 6: not short enough
INFO:root:Trial 6: not short enough
INFO:root:Trial 6: not short enough
INFO:root:Trial 6: not short enough
INFO:root:Trial 6: not short enough
INFO:root:Trial 6: not short enough
INFO:root:Trial 6: not short enough
INFO:root:Trial 6: not short enough
INFO:root:Trial 6: not short enough
INFO:root:Trial 6: not short enough
INFO:root:Trial 6: not short enough
INFO:root:Trial 6: not short enough
INFO:root:Trial 6: not short enough
INFO:root:Trial 6: not short enough
INFO:root:Trial 6: not short enough
INFO:root:Trial 6: not short enough
INFO:root:Trial 6: not short enough
INFO:root:Trial 7: not short enough
INFO:root:Trial 7: found new fac-realtion: (21377956778886505732, -443)
INFO:root:Trial 7: not short enough
INFO:root:Trial 7: not short enough
INFO:root:Trial 7: not short enough
INFO:root:Trial 7: found new fac-realtion: (30755082629190149671, 118131)
INFO:root:Trial 7: not short enough
INFO:root:Trial 7: not short enough
INFO:root:Trial 7: not short enough
INFO:root:Trial 7: not short enough
INFO:root:Trial 7: not short enough
INFO:root:Trial 7: not short enough
INFO:root:Trial 7: not short enough
INFO:root:Trial 7: found new fac-realtion: (33177936007883626118016, -70115909)
INFO:root:Trial 7: not short enough
INFO:root:Trial 7: not short enough
INFO:root:Trial 7: not short enough
INFO:root:Trial 7: not short enough
INFO:root:Trial 7: not short enough
INFO:root:Trial 7: not short enough
INFO:root:Trial 7: not short enough
INFO:root:Trial 7: not short enough
INFO:root:Trial 7: not short enough
INFO:root:Trial 7: not short enough
INFO:root:Trial 7: not short enough
INFO:root:Trial 7: not short enough
INFO:root:Trial 7: not short enough
INFO:root:Trial 7: not short enough
INFO:root:Trial 7: not short enough
INFO:root:Trial 7: not short enough
INFO:root:Trial 7: not short enough
INFO:root:Trial 7: not short enough
INFO:root:Trial 7: not short enough
INFO:root:Trial 7: not short enough
INFO:root:Trial 7: not short enough
INFO:root:Trial 7: not short enough
INFO:root:Trial 7: not short enough
INFO:root:Trial 7: not short enough
INFO:root:Trial 7: not short enough
INFO:root:Trial 7: not short enough
INFO:root:Trial 7: not short enough
INFO:root:Trial 7: not short enough
INFO:root:Trial 7: not short enough
INFO:root:Trial 7: not short enough
INFO:root:Trial 7: not short enough
INFO:root:Trial 7: not short enough
INFO:root:Trial 7: not short enough
INFO:root:Trial 7: not short enough
INFO:root:Trial 7: not short enough
INFO:root:Trial 7: not short enough
INFO:root:Trial 7: not short enough
INFO:root:Trial 7: not short enough
INFO:root:Trial 7: not short enough
INFO:root:Trial 7: not short enough
INFO:root:Trial 7: not short enough
INFO:root:Trial 7: not short enough
INFO:root:Trial 7: not short enough
INFO:root:Trial 7: not short enough
INFO:root:Trial 7: not short enough
INFO:root:Trial 7: not short enough
INFO:root:Trial 7: not short enough
INFO:root:Trial 8: not short enough
INFO:root:Trial 8: not short enough
INFO:root:Trial 8: not short enough
INFO:root:Trial 8: not short enough
INFO:root:Trial 8: not short enough
INFO:root:Trial 8: not short enough
INFO:root:Trial 8: not short enough
INFO:root:Trial 8: not short enough
INFO:root:Trial 8: not short enough
INFO:root:Trial 8: not short enough
INFO:root:Trial 8: not short enough
INFO:root:Trial 8: not short enough
INFO:root:Trial 8: not short enough
INFO:root:Trial 8: not short enough
INFO:root:Trial 8: not short enough
INFO:root:Trial 8: not short enough
INFO:root:Trial 8: not short enough
INFO:root:Trial 8: not short enough
INFO:root:Trial 8: not short enough
INFO:root:Trial 8: not short enough
INFO:root:Trial 8: not short enough
INFO:root:Trial 8: not short enough
INFO:root:Trial 8: not short enough
INFO:root:Trial 8: not short enough
INFO:root:Trial 8: not short enough
INFO:root:Trial 8: not short enough
INFO:root:Trial 8: not short enough
INFO:root:Trial 8: not short enough
INFO:root:Trial 8: not short enough
INFO:root:Trial 8: not short enough
INFO:root:Trial 8: not short enough
INFO:root:Trial 8: not short enough
INFO:root:Trial 8: not short enough
INFO:root:Trial 8: found new fac-realtion: (124096366010924034079, -54441)
INFO:root:Trial 8: not short enough
INFO:root:Trial 8: found new fac-realtion: (33038731589005283375, -133713)
INFO:root:Trial 8: not short enough
INFO:root:Trial 8: not short enough
INFO:root:Trial 8: not short enough
INFO:root:Trial 8: not short enough
INFO:root:Trial 8: not short enough
INFO:root:Trial 8: not short enough
INFO:root:Trial 8: not short enough
INFO:root:Trial 8: not short enough
INFO:root:Trial 8: not short enough
INFO:root:Trial 8: not short enough
INFO:root:Trial 8: not short enough
INFO:root:Trial 8: not short enough
INFO:root:Trial 8: not short enough
INFO:root:Trial 8: not short enough
INFO:root:Trial 8: not short enough
INFO:root:Trial 8: not short enough
INFO:root:Trial 8: not short enough
INFO:root:Trial 8: not short enough
INFO:root:Trial 8: not short enough
INFO:root:Trial 8: not short enough
INFO:root:Trial 8: not short enough
INFO:root:Trial 8: not short enough
INFO:root:Trial 8: not short enough
INFO:root:Trial 8: found new fac-realtion: (131960620144709051553, -171001)
INFO:root:Trial 8: not short enough
INFO:root:Trial 8: not short enough
INFO:root:Trial 8: not short enough
INFO:root:Trial 8: not short enough
INFO:root:Trial 8: not short enough
INFO:root:Trial 8: not short enough
INFO:root:Trial 8: not short enough
