INFO:root:N: 393307 = 727 * 541 
alpha: 1.7 
c = 1.1 
precision = 5
INFO:root:prime base: [2, 3, 5, 7, 11, 13, 17, 19, 23, 29, 31, 37, 41, 43, 47, 53, 59, 61, 67, 71, 73]
INFO:root:dimension: 21
INFO:root:Trial 1: found new fac-realtion: (1179920, -1)
INFO:root:Trial 2: found new fac-realtion: (140410855, 256)
INFO:root:Trial 3: relation already exists
INFO:root:Trial 4: not short enough
INFO:root:Trial 5: relation already exists
INFO:root:Trial 6: relation already exists
INFO:root:Trial 7: found new fac-realtion: (193900350, -1)
INFO:root:Trial 8: relation already exists
INFO:root:Trial 9: relation already exists
INFO:root:Trial 10: found new fac-realtion: (45623655, 43)
INFO:root:Trial 11: not short enough
INFO:root:Trial 12: relation already exists
INFO:root:Trial 13: found new fac-realtion: (34217645, -64)
INFO:root:Trial 14: relation already exists
INFO:root:Trial 15: relation already exists
INFO:root:Trial 16: found new fac-realtion: (72368485, -3)
INFO:root:Trial 17: relation already exists
INFO:root:Trial 18: relation already exists
INFO:root:Trial 19: relation already exists
INFO:root:Trial 20: not short enough
INFO:root:Trial 21: not short enough
INFO:root:Trial 22: relation already exists
INFO:root:Trial 23: not short enough
INFO:root:Trial 24: not short enough
INFO:root:Trial 25: not short enough
INFO:root:Trial 26: relation already exists
INFO:root:Trial 27: not short enough
INFO:root:Trial 28: found new fac-realtion: (22025159, -33)
INFO:root:Trial 29: not short enough
INFO:root:Trial 30: found new fac-realtion: (1229870950, -39)
INFO:root:Trial 31: not short enough
INFO:root:Trial 32: relation already exists
INFO:root:Trial 33: found new fac-realtion: (171875025, -134)
INFO:root:Trial 34: found new fac-realtion: (422018740, 329)
INFO:root:Trial 35: relation already exists
INFO:root:Trial 36: found new fac-realtion: (201766166, -325)
INFO:root:Trial 37: found new fac-realtion: (8652763, 9)
INFO:root:Trial 38: not short enough
INFO:root:Trial 39: relation already exists
INFO:root:Trial 40: not short enough
INFO:root:Trial 41: not short enough
INFO:root:Trial 42: not short enough
INFO:root:Trial 43: not short enough
INFO:root:Trial 44: relation already exists
INFO:root:Trial 45: not short enough
INFO:root:Trial 46: not short enough
INFO:root:Trial 47: not short enough
INFO:root:Trial 48: not short enough
INFO:root:Trial 49: relation already exists
INFO:root:Trial 50: not short enough
INFO:root:Trial 51: relation already exists
INFO:root:Trial 52: not short enough
INFO:root:Trial 53: found new fac-realtion: (14552404, 45)
INFO:root:Trial 54: relation already exists
INFO:root:Trial 55: not short enough
INFO:root:Trial 56: relation already exists
INFO:root:Trial 57: relation already exists
INFO:root:Trial 58: relation already exists
INFO:root:Trial 59: relation already exists
INFO:root:Trial 60: relation already exists
INFO:root:Trial 61: relation already exists
INFO:root:Trial 62: relation already exists
INFO:root:Trial 63: relation already exists
INFO:root:Trial 64: relation already exists
INFO:root:Trial 65: not short enough
INFO:root:Trial 66: relation already exists
INFO:root:Trial 67: not short enough
INFO:root:Trial 68: relation already exists
INFO:root:Trial 69: relation already exists
INFO:root:Trial 70: relation already exists
INFO:root:Trial 71: relation already exists
INFO:root:Trial 72: relation already exists
INFO:root:Trial 73: not short enough
INFO:root:Trial 74: found new fac-realtion: (21238525, -53)
INFO:root:Trial 75: relation already exists
INFO:root:Trial 76: relation already exists
INFO:root:Trial 77: found new fac-realtion: (23991760, 33)
INFO:root:Trial 78: not short enough
INFO:root:Trial 79: not short enough
INFO:root:Trial 80: not short enough
INFO:root:Trial 81: relation already exists
INFO:root:Trial 82: not short enough
INFO:root:Trial 83: not short enough
INFO:root:Trial 84: not short enough
INFO:root:Trial 85: relation already exists
INFO:root:Trial 86: not short enough
INFO:root:Trial 87: found new fac-realtion: (3539776, 13)
INFO:root:Trial 88: relation already exists
INFO:root:Trial 89: relation already exists
INFO:root:Trial 90: relation already exists
INFO:root:Trial 91: relation already exists
INFO:root:Trial 92: relation already exists
INFO:root:Trial 93: not short enough
INFO:root:Trial 94: relation already exists
INFO:root:Trial 95: relation already exists
INFO:root:Trial 96: relation already exists
INFO:root:Trial 97: relation already exists
INFO:root:Trial 98: relation already exists
INFO:root:Trial 99: found new fac-realtion: (116025777, 212)
INFO:root:Trial 100: relation already exists
INFO:root:Trial 101: not short enough
INFO:root:Trial 102: relation already exists
INFO:root:Trial 103: not short enough
INFO:root:Trial 104: relation already exists
INFO:root:Trial 105: relation already exists
INFO:root:Trial 106: relation already exists
INFO:root:Trial 107: not short enough
INFO:root:Trial 108: not short enough
INFO:root:Trial 109: relation already exists
INFO:root:Trial 110: relation already exists
INFO:root:Trial 111: not short enough
INFO:root:Trial 112: not short enough
INFO:root:Trial 113: found new fac-realtion: (160075890, -59)
INFO:root:Trial 114: relation already exists
INFO:root:Trial 115: found new fac-realtion: (118385163, -244)
INFO:root:Trial 116: relation already exists
INFO:root:Trial 117: not short enough
INFO:root:Trial 118: relation already exists
INFO:root:Trial 119: relation already exists
INFO:root:Trial 120: relation already exists
INFO:root:Trial 121: found new fac-realtion: (27138188, 5)
INFO:root:Trial 122: relation already exists
INFO:root:Trial 123: relation already exists
INFO:root:Trial 124: found new fac-realtion: (30284670, 31)
INFO:root:Trial 125: found new fac-realtion: (152209876, 67)
INFO:root:Trial 126: relation already exists
INFO:root:Trial 127: relation already exists
INFO:root:Trial 128: not short enough
INFO:root:Trial 129: found new fac-realtion: (60962517, -68)
INFO:root:C = [0, 0, 0, 0, 0, 0, 0, 0, 0, 0, 0, 0, 0, 0, 0, 0, 0, 0, 0, 0, 0, 0, 0]
INFO:root:>> gcd(N, a+b): 1, gcd(N, a-b): 1
INFO:root:C = [0, 1, 0, 1, 0, 1, 0, 0, 0, 0, 0, 0, 1, 0, 1, 1, 0, 0, 1, 1, 0, 0, 0]
INFO:root:>> gcd(N, a+b): 727, gcd(N, a-b): 727
