INFO:root:N: 439469 = 653 * 673 
alpha: 2.0 
c = 1.1 
precision = 5
INFO:root:prime base: [2, 3, 5, 7, 11, 13, 17, 19, 23, 29, 31, 37, 41, 43, 47, 53, 59, 61, 67, 71, 73, 79, 83, 89, 97, 101, 103, 107, 109, 113, 127, 131, 137, 139, 149, 151, 157, 163, 167]
INFO:root:dimension: 39
INFO:root:Trial 1.1: (0, -69315, 109861, 160944, -194591, 0, 0, 0, 0, 0, 0, 0, 0, 0, 0, 0, 0, 0, 0, 0, 0, 0, 0, 0, 0, 0, 0, 0, 0, 0, 0, 0, 0, 0, 0, 0, 0, 0, 0, 0, 86856) vec
INFO:root:Trial 1: First Co-ord not one
INFO:root:Trial 1.2: (0, -69315, -109861, 0, 194591, 0, 0, 0, 0, 0, 0, 0, 0, 0, 0, 0, 0, 0, 0, 0, 0, 0, 0, 0, 0, 0, 0, 0, 0, 0, 0, 0, 0, 0, 0, 0, 0, 0, 0, 0, 194064) vec
INFO:root:Trial 1: First Co-ord not one
INFO:root:Trial 1.3: (0, -138630, 109861, -160944, 194591, 0, 0, 0, 0, 0, 0, 0, 0, 0, 0, 0, 0, 0, 0, 0, 0, 0, 0, 0, 0, 0, 0, 0, 0, 0, 0, 0, 0, 0, 0, 0, 0, 0, 0, 0, 61423) vec
INFO:root:Trial 1: First Co-ord not one
INFO:root:Trial 1.4: (0, 69315, 109861, -160944, 0, 0, 0, 0, 0, 0, 0, 0, 0, 0, 0, 0, 0, 0, 0, 0, 0, 0, 0, 0, 0, 0, 0, 0, 0, 0, 0, 0, 0, 0, 0, 0, 0, 0, 0, 0, 229530) vec
INFO:root:Trial 1: First Co-ord not one
INFO:root:Trial 1.5: (0, 69315, 0, 160944, 0, -239790, 0, 0, 0, 0, 0, 0, 0, 0, 0, 0, 0, 0, 0, 0, 0, 0, 0, 0, 0, 0, 0, 0, 0, 0, 0, 0, 0, 0, 0, 0, 0, 0, 0, 0, -119988) vec
INFO:root:Trial 1: First Co-ord not one
INFO:root:Trial 1.6: (0, -69315, 0, 0, -194591, 0, 256495, 0, 0, 0, 0, 0, 0, 0, 0, 0, 0, 0, 0, 0, 0, 0, 0, 0, 0, 0, 0, 0, 0, 0, 0, 0, 0, 0, 0, 0, 0, 0, 0, 0, -93297) vec
INFO:root:Trial 1: First Co-ord not one
INFO:root:Trial 1.7: (0, -69315, -219722, 0, 0, 0, 0, 283321, 0, 0, 0, 0, 0, 0, 0, 0, 0, 0, 0, 0, 0, 0, 0, 0, 0, 0, 0, 0, 0, 0, 0, 0, 0, 0, 0, 0, 0, 0, 0, 0, -71959) vec
INFO:root:Trial 1: First Co-ord not one
INFO:root:Trial 1.8: (0, -69315, -219722, 0, 0, 0, 0, 0, 294444, 0, 0, 0, 0, 0, 0, 0, 0, 0, 0, 0, 0, 0, 0, 0, 0, 0, 0, 0, 0, 0, 0, 0, 0, 0, 0, 0, 0, 0, 0, 0, 68066) vec
INFO:root:Trial 1: First Co-ord not one
INFO:root:Trial 1.9: (0, 0, -109861, 0, -194591, 0, 0, 0, 0, 313549, 0, 0, 0, 0, 0, 0, 0, 0, 0, 0, 0, 0, 0, 0, 0, 0, 0, 0, 0, 0, 0, 0, 0, 0, 0, 0, 0, 0, 0, 0, 114526) vec
INFO:root:Trial 1: First Co-ord not one
INFO:root:Trial 1.10: (0, -69315, -109861, -160944, 0, 0, 0, 0, 0, 0, 336730, 0, 0, 0, 0, 0, 0, 0, 0, 0, 0, 0, 0, 0, 0, 0, 0, 0, 0, 0, 0, 0, 0, 0, 0, 0, 0, 0, 0, 0, -42680) vec
INFO:root:Trial 1: First Co-ord not one
INFO:root:Trial 1.11: (0, 69315, 109861, 160944, 0, 0, 0, 0, 0, 0, 0, -343399, 0, 0, 0, 0, 0, 0, 0, 0, 0, 0, 0, 0, 0, 0, 0, 0, 0, 0, 0, 0, 0, 0, 0, 0, 0, 0, 0, 0, -41280) vec
INFO:root:Trial 1: First Co-ord not one
INFO:root:Trial 1.12: (0, -138630, -219722, 0, 0, 0, 0, 0, 0, 0, 0, 0, 361092, 0, 0, 0, 0, 0, 0, 0, 0, 0, 0, 0, 0, 0, 0, 0, 0, 0, 0, 0, 0, 0, 0, 0, 0, 0, 0, 0, 34492) vec
INFO:root:Trial 1: First Co-ord not one
INFO:root:Trial 1.13: (1, -207945, -109861, -160944, 0, -239790, 0, -283321, -294444, 0, 0, 0, 0, 0, 0, 0, 0, 0, 0, 0, 0, 0, 0, 0, 0, 0, 0, 0, 0, 0, 0, 0, 0, 0, 0, 0, 0, 0, 0, 0, 38124) vec
INFO:root:Trial 1: not short enough
INFO:root:Trial 1.14: (0, -69315, -109861, 0, -194591, 0, 0, 0, 0, 0, 0, 0, 0, 371357, 0, 0, 0, 0, 0, 0, 0, 0, 0, 0, 0, 0, 0, 0, 0, 0, 0, 0, 0, 0, 0, 0, 0, 0, 0, 0, -30338) vec
INFO:root:Trial 1: First Co-ord not one
INFO:root:Trial 1.15: (0, -69315, -109861, 0, -194591, 0, 0, 0, 0, 0, 0, 0, 0, 0, 376120, 0, 0, 0, 0, 0, 0, 0, 0, 0, 0, 0, 0, 0, 0, 0, 0, 0, 0, 0, 0, 0, 0, 0, 0, 0, 29622) vec
INFO:root:Trial 1: First Co-ord not one
INFO:root:Trial 1.16: (0, 69315, 109861, 0, 194591, 0, 0, 0, 0, 0, 0, 0, 0, 0, 0, -385015, 0, 0, 0, 0, 0, 0, 0, 0, 0, 0, 0, 0, 0, 0, 0, 0, 0, 0, 0, 0, 0, 0, 0, 0, -141601) vec
INFO:root:Trial 1: First Co-ord not one
INFO:root:Trial 1.17: (0, -138630, -109861, -160944, 0, 0, 0, 0, 0, 0, 0, 0, 0, 0, 0, 0, 397029, 0, 0, 0, 0, 0, 0, 0, 0, 0, 0, 0, 0, 0, 0, 0, 0, 0, 0, 0, 0, 0, 0, 0, -156174) vec
INFO:root:Trial 1: First Co-ord not one
INFO:root:Trial 1.18: (0, -138630, -109861, -160944, 0, 0, 0, 0, 0, 0, 0, 0, 0, 0, 0, 0, 0, 407754, 0, 0, 0, 0, 0, 0, 0, 0, 0, 0, 0, 0, 0, 0, 0, 0, 0, 0, 0, 0, 0, 0, -21159) vec
INFO:root:Trial 1: First Co-ord not one
INFO:root:Trial 1.19: (0, -138630, -109861, -160944, 0, 0, 0, 0, 0, 0, 0, 0, 0, 0, 0, 0, 0, 0, 411087, 0, 0, 0, 0, 0, 0, 0, 0, 0, 0, 0, 0, 0, 0, 0, 0, 0, 0, 0, 0, 0, 20809) vec
INFO:root:Trial 1: First Co-ord not one
INFO:root:Trial 1.20: (0, -69315, 0, -160944, -194591, 0, 0, 0, 0, 0, 0, 0, 0, 0, 0, 0, 0, 0, 0, 420469, 0, 0, 0, 0, 0, 0, 0, 0, 0, 0, 0, 0, 0, 0, 0, 0, 0, 0, 0, 0, -55145) vec
INFO:root:Trial 1: First Co-ord not one
INFO:root:Trial 1.21: (0, -69315, 0, -160944, -194591, 0, 0, 0, 0, 0, 0, 0, 0, 0, 0, 0, 0, 0, 0, 0, 426268, 0, 0, 0, 0, 0, 0, 0, 0, 0, 0, 0, 0, 0, 0, 0, 0, 0, 0, 0, 17857) vec
INFO:root:Trial 1: First Co-ord not one
INFO:root:Trial 1.22: (0, -69315, 0, -160944, -194591, 0, 0, 0, 0, 0, 0, 0, 0, 0, 0, 0, 0, 0, 0, 0, 0, 429046, 0, 0, 0, 0, 0, 0, 0, 0, 0, 0, 0, 0, 0, 0, 0, 0, 0, 0, 52829) vec
INFO:root:Trial 1: First Co-ord not one
INFO:root:Trial 1.23: (0, -138630, -109861, 0, -194591, 0, 0, 0, 0, 0, 0, 0, 0, 0, 0, 0, 0, 0, 0, 0, 0, 0, 436945, 0, 0, 0, 0, 0, 0, 0, 0, 0, 0, 0, 0, 0, 0, 0, 0, 0, -77260) vec
INFO:root:Trial 1: First Co-ord not one
INFO:root:Trial 1.24: (0, -138630, -109861, 0, -194591, 0, 0, 0, 0, 0, 0, 0, 0, 0, 0, 0, 0, 0, 0, 0, 0, 0, 0, 441884, 0, 0, 0, 0, 0, 0, 0, 0, 0, 0, 0, 0, 0, 0, 0, 0, -15078) vec
INFO:root:Trial 1: First Co-ord not one
INFO:root:Trial 1.25: (0, -138630, -109861, 0, -194591, 0, 0, 0, 0, 0, 0, 0, 0, 0, 0, 0, 0, 0, 0, 0, 0, 0, 0, 0, 448864, 0, 0, 0, 0, 0, 0, 0, 0, 0, 0, 0, 0, 0, 0, 0, 72789) vec
INFO:root:Trial 1: First Co-ord not one
INFO:root:Trial 1.26: (0, 69315, 219722, 160944, 0, 0, 0, 0, 0, 0, 0, 0, 0, 0, 0, 0, 0, 0, 0, 0, 0, 0, 0, 0, 0, -457471, 0, 0, 0, 0, 0, 0, 0, 0, 0, 0, 0, 0, 0, 0, -94295) vec
INFO:root:Trial 1: First Co-ord not one
INFO:root:Trial 1.27: (0, 0, 109861, 160944, 194591, 0, 0, 0, 0, 0, 0, 0, 0, 0, 0, 0, 0, 0, 0, 0, 0, 0, 0, 0, 0, 0, 0, -463473, 0, 0, 0, 0, 0, 0, 0, 0, 0, 0, 0, 0, 24211) vec
INFO:root:Trial 1: First Co-ord not one
INFO:root:Trial 1.28: (0, 0, -109861, -160944, -194591, 0, 0, 0, 0, 0, 0, 0, 0, 0, 0, 0, 0, 0, 0, 0, 0, 0, 0, 0, 0, 0, 461512, 0, 0, 0, 0, 0, 0, 0, 0, 0, 0, 0, 0, 0, -48897) vec
INFO:root:Trial 1: First Co-ord not one
INFO:root:Trial 1.29: (0, 0, -109861, -160944, -194591, 0, 0, 0, 0, 0, 0, 0, 0, 0, 0, 0, 0, 0, 0, 0, 0, 0, 0, 0, 0, 0, 0, 0, 0, 469135, 0, 0, 0, 0, 0, 0, 0, 0, 0, 0, 47068) vec
INFO:root:Trial 1: First Co-ord not one
INFO:root:Trial 1.30: (0, 0, -109861, -160944, -194591, 0, 0, 0, 0, 0, 0, 0, 0, 0, 0, 0, 0, 0, 0, 0, 0, 0, 0, 0, 0, 0, 0, 0, 467283, 0, 0, 0, 0, 0, 0, 0, 0, 0, 0, 0, 23754) vec
INFO:root:Trial 1: First Co-ord not one
INFO:root:Trial 1.31: (0, -207945, -109861, -160944, 0, 0, 0, 0, 0, 0, 0, 0, 0, 0, 0, 0, 0, 0, 0, 0, 0, 0, 0, 0, 0, 0, 0, 0, 0, 0, 472739, 0, 0, 0, 0, 0, 0, 0, 0, 0, -75667) vec
INFO:root:Trial 1: First Co-ord not one
INFO:root:Trial 1.32: (0, -207945, -109861, -160944, 0, 0, 0, 0, 0, 0, 0, 0, 0, 0, 0, 0, 0, 0, 0, 0, 0, 0, 0, 0, 0, 0, 0, 0, 0, 0, 0, 484419, 0, 0, 0, 0, 0, 0, 0, 0, 71374) vec
INFO:root:Trial 1: First Co-ord not one
INFO:root:Trial 1.33: (0, -138630, 0, -160944, -194591, 0, 0, 0, 0, 0, 0, 0, 0, 0, 0, 0, 0, 0, 0, 0, 0, 0, 0, 0, 0, 0, 0, 0, 0, 0, 0, 0, 487520, 0, 0, 0, 0, 0, 0, 0, -83650) vec
INFO:root:Trial 1: First Co-ord not one
INFO:root:Trial 1.34: (0, -138630, 0, -160944, -194591, 0, 0, 0, 0, 0, 0, 0, 0, 0, 0, 0, 0, 0, 0, 0, 0, 0, 0, 0, 0, 0, 0, 0, 0, 0, 0, 0, 0, 0, 493447, 0, 0, 0, 0, 0, -9025) vec
INFO:root:Trial 1: First Co-ord not one
INFO:root:Trial 1.35: (0, -138630, 0, -160944, -194591, 0, 0, 0, 0, 0, 0, 0, 0, 0, 0, 0, 0, 0, 0, 0, 0, 0, 0, 0, 0, 0, 0, 0, 0, 0, 0, 0, 0, 491998, 0, 0, 0, 0, 0, 0, -27271) vec
INFO:root:Trial 1: First Co-ord not one
INFO:root:Trial 1.36: (0, -138630, 0, -160944, -194591, 0, 0, 0, 0, 0, 0, 0, 0, 0, 0, 0, 0, 0, 0, 0, 0, 0, 0, 0, 0, 0, 0, 0, 0, 0, 0, 0, 0, 0, 0, 500395, 0, 0, 0, 0, 78435) vec
INFO:root:Trial 1: First Co-ord not one
INFO:root:Trial 1.37: (0, -138630, 0, -160944, -194591, 0, 0, 0, 0, 0, 0, 0, 0, 0, 0, 0, 0, 0, 0, 0, 0, 0, 0, 0, 0, 0, 0, 0, 0, 0, 0, 0, 0, 0, 0, 0, 501728, 0, 0, 0, 95221) vec
INFO:root:Trial 1: First Co-ord not one
INFO:root:Trial 1.38: (0, -138630, 0, -160944, -194591, 0, 0, 0, 0, 0, 0, 0, 0, 0, 0, 0, 0, 0, 0, 0, 0, 0, 0, 0, 0, 0, 0, 0, 0, 0, 0, 0, 0, 0, 0, 0, 0, 505625, 0, 0, 144276) vec
INFO:root:Trial 1: First Co-ord not one
INFO:root:Trial 1.39: (0, -207945, -109861, 0, -194591, 0, 0, 0, 0, 0, 0, 0, 0, 0, 0, 0, 0, 0, 0, 0, 0, 0, 0, 0, 0, 0, 0, 0, 0, 0, 0, 0, 0, 0, 0, 0, 0, 0, 0, 511799, -7518) vec
INFO:root:Trial 1: First Co-ord not one
INFO:root:Trial 1.40: (0, -207945, -109861, 0, -194591, 0, 0, 0, 0, 0, 0, 0, 0, 0, 0, 0, 0, 0, 0, 0, 0, 0, 0, 0, 0, 0, 0, 0, 0, 0, 0, 0, 0, 0, 0, 0, 0, 0, 509375, 0, -38038) vec
INFO:root:Trial 1: First Co-ord not one
INFO:root:Trial 2.1: (0, -69315, 109861, 160944, -194591, 0, 0, 0, 0, 0, 0, 0, 0, 0, 0, 0, 0, 0, 0, 0, 0, 0, 0, 0, 0, 0, 0, 0, 0, 0, 0, 0, 0, 0, 0, 0, 0, 0, 0, 0, 86856) vec
INFO:root:Trial 2: First Co-ord not one
INFO:root:Trial 2.2: (0, -138630, 109861, -160944, 194591, 0, 0, 0, 0, 0, 0, 0, 0, 0, 0, 0, 0, 0, 0, 0, 0, 0, 0, 0, 0, 0, 0, 0, 0, 0, 0, 0, 0, 0, 0, 0, 0, 0, 0, 0, 61423) vec
INFO:root:Trial 2: First Co-ord not one
INFO:root:Trial 2.3: (0, -69315, -109861, 0, 194591, 0, 0, 0, 0, 0, 0, 0, 0, 0, 0, 0, 0, 0, 0, 0, 0, 0, 0, 0, 0, 0, 0, 0, 0, 0, 0, 0, 0, 0, 0, 0, 0, 0, 0, 0, 194064) vec
INFO:root:Trial 2: First Co-ord not one
INFO:root:Trial 2.4: (0, 207945, 0, 0, -194591, 0, 0, 0, 0, 0, 0, 0, 0, 0, 0, 0, 0, 0, 0, 0, 0, 0, 0, 0, 0, 0, 0, 0, 0, 0, 0, 0, 0, 0, 0, 0, 0, 0, 0, 0, 168107) vec
INFO:root:Trial 2: First Co-ord not one
INFO:root:Trial 2.5: (0, 69315, 0, 160944, 0, -239790, 0, 0, 0, 0, 0, 0, 0, 0, 0, 0, 0, 0, 0, 0, 0, 0, 0, 0, 0, 0, 0, 0, 0, 0, 0, 0, 0, 0, 0, 0, 0, 0, 0, 0, -119988) vec
INFO:root:Trial 2: First Co-ord not one
INFO:root:Trial 2.6: (0, -69315, 0, 0, -194591, 0, 256495, 0, 0, 0, 0, 0, 0, 0, 0, 0, 0, 0, 0, 0, 0, 0, 0, 0, 0, 0, 0, 0, 0, 0, 0, 0, 0, 0, 0, 0, 0, 0, 0, 0, -93297) vec
INFO:root:Trial 2: First Co-ord not one
INFO:root:Trial 2.7: (0, -69315, -219722, 0, 0, 0, 0, 283321, 0, 0, 0, 0, 0, 0, 0, 0, 0, 0, 0, 0, 0, 0, 0, 0, 0, 0, 0, 0, 0, 0, 0, 0, 0, 0, 0, 0, 0, 0, 0, 0, -71959) vec
INFO:root:Trial 2: First Co-ord not one
INFO:root:Trial 2.8: (0, -138630, 0, -160944, 0, 0, 0, 0, 294444, 0, 0, 0, 0, 0, 0, 0, 0, 0, 0, 0, 0, 0, 0, 0, 0, 0, 0, 0, 0, 0, 0, 0, 0, 0, 0, 0, 0, 0, 0, 0, -64575) vec
INFO:root:Trial 2: First Co-ord not one
INFO:root:Trial 2.9: (0, 0, -109861, 0, -194591, 0, 0, 0, 0, 313549, 0, 0, 0, 0, 0, 0, 0, 0, 0, 0, 0, 0, 0, 0, 0, 0, 0, 0, 0, 0, 0, 0, 0, 0, 0, 0, 0, 0, 0, 0, 114526) vec
INFO:root:Trial 2: First Co-ord not one
INFO:root:Trial 2.10: (0, -69315, -109861, -160944, 0, 0, 0, 0, 0, 0, 336730, 0, 0, 0, 0, 0, 0, 0, 0, 0, 0, 0, 0, 0, 0, 0, 0, 0, 0, 0, 0, 0, 0, 0, 0, 0, 0, 0, 0, 0, -42680) vec
INFO:root:Trial 2: First Co-ord not one
INFO:root:Trial 2.11: (0, 69315, 109861, 160944, 0, 0, 0, 0, 0, 0, 0, -343399, 0, 0, 0, 0, 0, 0, 0, 0, 0, 0, 0, 0, 0, 0, 0, 0, 0, 0, 0, 0, 0, 0, 0, 0, 0, 0, 0, 0, -41280) vec
INFO:root:Trial 2: First Co-ord not one
INFO:root:Trial 2.12: (0, -207945, 0, -160944, 0, 0, 0, 0, 0, 0, 0, 0, 361092, 0, 0, 0, 0, 0, 0, 0, 0, 0, 0, 0, 0, 0, 0, 0, 0, 0, 0, 0, 0, 0, 0, 0, 0, 0, 0, 0, -98149) vec
INFO:root:Trial 2: First Co-ord not one
INFO:root:Trial 2.13: (1, -207945, -109861, -160944, 0, -239790, 0, -283321, -294444, 0, 0, 0, 0, 0, 0, 0, 0, 0, 0, 0, 0, 0, 0, 0, 0, 0, 0, 0, 0, 0, 0, 0, 0, 0, 0, 0, 0, 0, 0, 0, 38124) vec
INFO:root:Trial 2: not short enough
INFO:root:Trial 2.14: (0, -69315, -109861, 0, -194591, 0, 0, 0, 0, 0, 0, 0, 0, 371357, 0, 0, 0, 0, 0, 0, 0, 0, 0, 0, 0, 0, 0, 0, 0, 0, 0, 0, 0, 0, 0, 0, 0, 0, 0, 0, -30338) vec
INFO:root:Trial 2: First Co-ord not one
INFO:root:Trial 2.15: (0, -69315, -109861, 0, -194591, 0, 0, 0, 0, 0, 0, 0, 0, 0, 376120, 0, 0, 0, 0, 0, 0, 0, 0, 0, 0, 0, 0, 0, 0, 0, 0, 0, 0, 0, 0, 0, 0, 0, 0, 0, 29622) vec
INFO:root:Trial 2: First Co-ord not one
INFO:root:Trial 2.16: (0, 69315, 109861, 0, 194591, 0, 0, 0, 0, 0, 0, 0, 0, 0, 0, -385015, 0, 0, 0, 0, 0, 0, 0, 0, 0, 0, 0, 0, 0, 0, 0, 0, 0, 0, 0, 0, 0, 0, 0, 0, -141601) vec
INFO:root:Trial 2: First Co-ord not one
INFO:root:Trial 2.17: (0, -138630, -109861, -160944, 0, 0, 0, 0, 0, 0, 0, 0, 0, 0, 0, 0, 397029, 0, 0, 0, 0, 0, 0, 0, 0, 0, 0, 0, 0, 0, 0, 0, 0, 0, 0, 0, 0, 0, 0, 0, -156174) vec
INFO:root:Trial 2: First Co-ord not one
INFO:root:Trial 2.18: (0, -138630, -109861, -160944, 0, 0, 0, 0, 0, 0, 0, 0, 0, 0, 0, 0, 0, 407754, 0, 0, 0, 0, 0, 0, 0, 0, 0, 0, 0, 0, 0, 0, 0, 0, 0, 0, 0, 0, 0, 0, -21159) vec
INFO:root:Trial 2: First Co-ord not one
INFO:root:Trial 2.19: (0, -138630, -109861, -160944, 0, 0, 0, 0, 0, 0, 0, 0, 0, 0, 0, 0, 0, 0, 411087, 0, 0, 0, 0, 0, 0, 0, 0, 0, 0, 0, 0, 0, 0, 0, 0, 0, 0, 0, 0, 0, 20809) vec
INFO:root:Trial 2: First Co-ord not one
INFO:root:Trial 2.20: (0, -138630, -109861, -160944, 0, 0, 0, 0, 0, 0, 0, 0, 0, 0, 0, 0, 0, 0, 0, 420469, 0, 0, 0, 0, 0, 0, 0, 0, 0, 0, 0, 0, 0, 0, 0, 0, 0, 0, 0, 0, 138919) vec
INFO:root:Trial 2: First Co-ord not one
INFO:root:Trial 2.21: (0, -69315, 0, -160944, -194591, 0, 0, 0, 0, 0, 0, 0, 0, 0, 0, 0, 0, 0, 0, 0, 426268, 0, 0, 0, 0, 0, 0, 0, 0, 0, 0, 0, 0, 0, 0, 0, 0, 0, 0, 0, 17857) vec
INFO:root:Trial 2: First Co-ord not one
INFO:root:Trial 2.22: (0, -69315, 0, -160944, -194591, 0, 0, 0, 0, 0, 0, 0, 0, 0, 0, 0, 0, 0, 0, 0, 0, 429046, 0, 0, 0, 0, 0, 0, 0, 0, 0, 0, 0, 0, 0, 0, 0, 0, 0, 0, 52829) vec
INFO:root:Trial 2: First Co-ord not one
INFO:root:Trial 2.23: (0, -138630, -109861, 0, -194591, 0, 0, 0, 0, 0, 0, 0, 0, 0, 0, 0, 0, 0, 0, 0, 0, 0, 436945, 0, 0, 0, 0, 0, 0, 0, 0, 0, 0, 0, 0, 0, 0, 0, 0, 0, -77260) vec
INFO:root:Trial 2: First Co-ord not one
INFO:root:Trial 2.24: (0, -138630, -109861, 0, -194591, 0, 0, 0, 0, 0, 0, 0, 0, 0, 0, 0, 0, 0, 0, 0, 0, 0, 0, 441884, 0, 0, 0, 0, 0, 0, 0, 0, 0, 0, 0, 0, 0, 0, 0, 0, -15078) vec
INFO:root:Trial 2: First Co-ord not one
INFO:root:Trial 2.25: (0, -138630, -109861, 0, -194591, 0, 0, 0, 0, 0, 0, 0, 0, 0, 0, 0, 0, 0, 0, 0, 0, 0, 0, 0, 448864, 0, 0, 0, 0, 0, 0, 0, 0, 0, 0, 0, 0, 0, 0, 0, 72789) vec
INFO:root:Trial 2: First Co-ord not one
INFO:root:Trial 2.26: (0, 0, 109861, 160944, 194591, 0, 0, 0, 0, 0, 0, 0, 0, 0, 0, 0, 0, 0, 0, 0, 0, 0, 0, 0, 0, -457471, 0, 0, 0, 0, 0, 0, 0, 0, 0, 0, 0, 0, 0, 0, 99769) vec
INFO:root:Trial 2: First Co-ord not one
INFO:root:Trial 2.27: (0, 0, 109861, 160944, 194591, 0, 0, 0, 0, 0, 0, 0, 0, 0, 0, 0, 0, 0, 0, 0, 0, 0, 0, 0, 0, 0, 0, -463473, 0, 0, 0, 0, 0, 0, 0, 0, 0, 0, 0, 0, 24211) vec
INFO:root:Trial 2: First Co-ord not one
INFO:root:Trial 2.28: (0, 0, -109861, -160944, -194591, 0, 0, 0, 0, 0, 0, 0, 0, 0, 0, 0, 0, 0, 0, 0, 0, 0, 0, 0, 0, 0, 461512, 0, 0, 0, 0, 0, 0, 0, 0, 0, 0, 0, 0, 0, -48897) vec
INFO:root:Trial 2: First Co-ord not one
INFO:root:Trial 2.29: (0, 0, -109861, -160944, -194591, 0, 0, 0, 0, 0, 0, 0, 0, 0, 0, 0, 0, 0, 0, 0, 0, 0, 0, 0, 0, 0, 0, 0, 0, 469135, 0, 0, 0, 0, 0, 0, 0, 0, 0, 0, 47068) vec
INFO:root:Trial 2: First Co-ord not one
INFO:root:Trial 2.30: (0, 0, -109861, -160944, -194591, 0, 0, 0, 0, 0, 0, 0, 0, 0, 0, 0, 0, 0, 0, 0, 0, 0, 0, 0, 0, 0, 0, 0, 467283, 0, 0, 0, 0, 0, 0, 0, 0, 0, 0, 0, 23754) vec
INFO:root:Trial 2: First Co-ord not one
INFO:root:Trial 2.31: (0, -207945, -109861, -160944, 0, 0, 0, 0, 0, 0, 0, 0, 0, 0, 0, 0, 0, 0, 0, 0, 0, 0, 0, 0, 0, 0, 0, 0, 0, 0, 472739, 0, 0, 0, 0, 0, 0, 0, 0, 0, -75667) vec
INFO:root:Trial 2: First Co-ord not one
INFO:root:Trial 2.32: (0, -207945, -109861, -160944, 0, 0, 0, 0, 0, 0, 0, 0, 0, 0, 0, 0, 0, 0, 0, 0, 0, 0, 0, 0, 0, 0, 0, 0, 0, 0, 0, 484419, 0, 0, 0, 0, 0, 0, 0, 0, 71374) vec
INFO:root:Trial 2: First Co-ord not one
INFO:root:Trial 2.33: (0, -69315, -219722, 0, -194591, 0, 0, 0, 0, 0, 0, 0, 0, 0, 0, 0, 0, 0, 0, 0, 0, 0, 0, 0, 0, 0, 0, 0, 0, 0, 0, 0, 487520, 0, 0, 0, 0, 0, 0, 0, 48991) vec
INFO:root:Trial 2: First Co-ord not one
INFO:root:Trial 2.34: (0, -138630, 0, -160944, -194591, 0, 0, 0, 0, 0, 0, 0, 0, 0, 0, 0, 0, 0, 0, 0, 0, 0, 0, 0, 0, 0, 0, 0, 0, 0, 0, 0, 0, 0, 493447, 0, 0, 0, 0, 0, -9025) vec
INFO:root:Trial 2: First Co-ord not one
INFO:root:Trial 2.35: (0, -138630, 0, -160944, -194591, 0, 0, 0, 0, 0, 0, 0, 0, 0, 0, 0, 0, 0, 0, 0, 0, 0, 0, 0, 0, 0, 0, 0, 0, 0, 0, 0, 0, 491998, 0, 0, 0, 0, 0, 0, -27271) vec
INFO:root:Trial 2: First Co-ord not one
INFO:root:Trial 2.36: (0, -138630, 0, -160944, -194591, 0, 0, 0, 0, 0, 0, 0, 0, 0, 0, 0, 0, 0, 0, 0, 0, 0, 0, 0, 0, 0, 0, 0, 0, 0, 0, 0, 0, 0, 0, 500395, 0, 0, 0, 0, 78435) vec
INFO:root:Trial 2: First Co-ord not one
INFO:root:Trial 2.37: (0, -138630, 0, -160944, -194591, 0, 0, 0, 0, 0, 0, 0, 0, 0, 0, 0, 0, 0, 0, 0, 0, 0, 0, 0, 0, 0, 0, 0, 0, 0, 0, 0, 0, 0, 0, 0, 501728, 0, 0, 0, 95221) vec
INFO:root:Trial 2: First Co-ord not one
INFO:root:Trial 2.38: (0, -138630, 0, -160944, -194591, 0, 0, 0, 0, 0, 0, 0, 0, 0, 0, 0, 0, 0, 0, 0, 0, 0, 0, 0, 0, 0, 0, 0, 0, 0, 0, 0, 0, 0, 0, 0, 0, 505625, 0, 0, 144276) vec
INFO:root:Trial 2: First Co-ord not one
INFO:root:Trial 2.39: (0, -207945, -109861, 0, -194591, 0, 0, 0, 0, 0, 0, 0, 0, 0, 0, 0, 0, 0, 0, 0, 0, 0, 0, 0, 0, 0, 0, 0, 0, 0, 0, 0, 0, 0, 0, 0, 0, 0, 509375, 0, -38038) vec
INFO:root:Trial 2: First Co-ord not one
INFO:root:Trial 2.40: (0, -207945, -109861, 0, -194591, 0, 0, 0, 0, 0, 0, 0, 0, 0, 0, 0, 0, 0, 0, 0, 0, 0, 0, 0, 0, 0, 0, 0, 0, 0, 0, 0, 0, 0, 0, 0, 0, 0, 0, 511799, -7518) vec
INFO:root:Trial 2: First Co-ord not one
INFO:root:Trial 3.1: (0, -69315, 109861, 160944, -194591, 0, 0, 0, 0, 0, 0, 0, 0, 0, 0, 0, 0, 0, 0, 0, 0, 0, 0, 0, 0, 0, 0, 0, 0, 0, 0, 0, 0, 0, 0, 0, 0, 0, 0, 0, 86856) vec
INFO:root:Trial 3: First Co-ord not one
INFO:root:Trial 3.2: (0, -69315, -109861, 0, 194591, 0, 0, 0, 0, 0, 0, 0, 0, 0, 0, 0, 0, 0, 0, 0, 0, 0, 0, 0, 0, 0, 0, 0, 0, 0, 0, 0, 0, 0, 0, 0, 0, 0, 0, 0, 194064) vec
INFO:root:Trial 3: First Co-ord not one
INFO:root:Trial 3.3: (0, -138630, 109861, -160944, 194591, 0, 0, 0, 0, 0, 0, 0, 0, 0, 0, 0, 0, 0, 0, 0, 0, 0, 0, 0, 0, 0, 0, 0, 0, 0, 0, 0, 0, 0, 0, 0, 0, 0, 0, 0, 61423) vec
INFO:root:Trial 3: First Co-ord not one
INFO:root:Trial 3.4: (0, 69315, 109861, -160944, 0, 0, 0, 0, 0, 0, 0, 0, 0, 0, 0, 0, 0, 0, 0, 0, 0, 0, 0, 0, 0, 0, 0, 0, 0, 0, 0, 0, 0, 0, 0, 0, 0, 0, 0, 0, 229530) vec
INFO:root:Trial 3: First Co-ord not one
INFO:root:Trial 3.5: (0, 69315, 0, 160944, 0, -239790, 0, 0, 0, 0, 0, 0, 0, 0, 0, 0, 0, 0, 0, 0, 0, 0, 0, 0, 0, 0, 0, 0, 0, 0, 0, 0, 0, 0, 0, 0, 0, 0, 0, 0, -119988) vec
INFO:root:Trial 3: First Co-ord not one
INFO:root:Trial 3.6: (0, -69315, 0, 0, -194591, 0, 256495, 0, 0, 0, 0, 0, 0, 0, 0, 0, 0, 0, 0, 0, 0, 0, 0, 0, 0, 0, 0, 0, 0, 0, 0, 0, 0, 0, 0, 0, 0, 0, 0, 0, -93297) vec
INFO:root:Trial 3: First Co-ord not one
INFO:root:Trial 3.7: (0, -69315, -219722, 0, 0, 0, 0, 283321, 0, 0, 0, 0, 0, 0, 0, 0, 0, 0, 0, 0, 0, 0, 0, 0, 0, 0, 0, 0, 0, 0, 0, 0, 0, 0, 0, 0, 0, 0, 0, 0, -71959) vec
INFO:root:Trial 3: First Co-ord not one
INFO:root:Trial 3.8: (0, -69315, -219722, 0, 0, 0, 0, 0, 294444, 0, 0, 0, 0, 0, 0, 0, 0, 0, 0, 0, 0, 0, 0, 0, 0, 0, 0, 0, 0, 0, 0, 0, 0, 0, 0, 0, 0, 0, 0, 0, 68066) vec
INFO:root:Trial 3: First Co-ord not one
INFO:root:Trial 3.9: (0, 0, -109861, 0, -194591, 0, 0, 0, 0, 313549, 0, 0, 0, 0, 0, 0, 0, 0, 0, 0, 0, 0, 0, 0, 0, 0, 0, 0, 0, 0, 0, 0, 0, 0, 0, 0, 0, 0, 0, 0, 114526) vec
INFO:root:Trial 3: First Co-ord not one
INFO:root:Trial 3.10: (0, -69315, -109861, -160944, 0, 0, 0, 0, 0, 0, 336730, 0, 0, 0, 0, 0, 0, 0, 0, 0, 0, 0, 0, 0, 0, 0, 0, 0, 0, 0, 0, 0, 0, 0, 0, 0, 0, 0, 0, 0, -42680) vec
INFO:root:Trial 3: First Co-ord not one
INFO:root:Trial 3.11: (0, 69315, 109861, 160944, 0, 0, 0, 0, 0, 0, 0, -343399, 0, 0, 0, 0, 0, 0, 0, 0, 0, 0, 0, 0, 0, 0, 0, 0, 0, 0, 0, 0, 0, 0, 0, 0, 0, 0, 0, 0, -41280) vec
INFO:root:Trial 3: First Co-ord not one
INFO:root:Trial 3.12: (0, -138630, -219722, 0, 0, 0, 0, 0, 0, 0, 0, 0, 361092, 0, 0, 0, 0, 0, 0, 0, 0, 0, 0, 0, 0, 0, 0, 0, 0, 0, 0, 0, 0, 0, 0, 0, 0, 0, 0, 0, 34492) vec
INFO:root:Trial 3: First Co-ord not one
INFO:root:Trial 3.13: (1, -207945, -109861, -160944, 0, -239790, 0, -283321, -294444, 0, 0, 0, 0, 0, 0, 0, 0, 0, 0, 0, 0, 0, 0, 0, 0, 0, 0, 0, 0, 0, 0, 0, 0, 0, 0, 0, 0, 0, 0, 0, 38124) vec
INFO:root:Trial 3: not short enough
INFO:root:Trial 3.14: (0, -69315, -109861, 0, -194591, 0, 0, 0, 0, 0, 0, 0, 0, 371357, 0, 0, 0, 0, 0, 0, 0, 0, 0, 0, 0, 0, 0, 0, 0, 0, 0, 0, 0, 0, 0, 0, 0, 0, 0, 0, -30338) vec
INFO:root:Trial 3: First Co-ord not one
INFO:root:Trial 3.15: (0, -69315, -109861, 0, -194591, 0, 0, 0, 0, 0, 0, 0, 0, 0, 376120, 0, 0, 0, 0, 0, 0, 0, 0, 0, 0, 0, 0, 0, 0, 0, 0, 0, 0, 0, 0, 0, 0, 0, 0, 0, 29622) vec
INFO:root:Trial 3: First Co-ord not one
INFO:root:Trial 3.16: (0, 69315, 109861, 0, 194591, 0, 0, 0, 0, 0, 0, 0, 0, 0, 0, -385015, 0, 0, 0, 0, 0, 0, 0, 0, 0, 0, 0, 0, 0, 0, 0, 0, 0, 0, 0, 0, 0, 0, 0, 0, -141601) vec
INFO:root:Trial 3: First Co-ord not one
INFO:root:Trial 3.17: (0, -138630, -109861, -160944, 0, 0, 0, 0, 0, 0, 0, 0, 0, 0, 0, 0, 397029, 0, 0, 0, 0, 0, 0, 0, 0, 0, 0, 0, 0, 0, 0, 0, 0, 0, 0, 0, 0, 0, 0, 0, -156174) vec
INFO:root:Trial 3: First Co-ord not one
INFO:root:Trial 3.18: (0, -138630, -109861, -160944, 0, 0, 0, 0, 0, 0, 0, 0, 0, 0, 0, 0, 0, 407754, 0, 0, 0, 0, 0, 0, 0, 0, 0, 0, 0, 0, 0, 0, 0, 0, 0, 0, 0, 0, 0, 0, -21159) vec
INFO:root:Trial 3: First Co-ord not one
INFO:root:Trial 3.19: (0, -138630, -109861, -160944, 0, 0, 0, 0, 0, 0, 0, 0, 0, 0, 0, 0, 0, 0, 411087, 0, 0, 0, 0, 0, 0, 0, 0, 0, 0, 0, 0, 0, 0, 0, 0, 0, 0, 0, 0, 0, 20809) vec
INFO:root:Trial 3: First Co-ord not one
INFO:root:Trial 3.20: (0, -69315, 0, -160944, -194591, 0, 0, 0, 0, 0, 0, 0, 0, 0, 0, 0, 0, 0, 0, 420469, 0, 0, 0, 0, 0, 0, 0, 0, 0, 0, 0, 0, 0, 0, 0, 0, 0, 0, 0, 0, -55145) vec
INFO:root:Trial 3: First Co-ord not one
INFO:root:Trial 3.21: (0, -69315, 0, -160944, -194591, 0, 0, 0, 0, 0, 0, 0, 0, 0, 0, 0, 0, 0, 0, 0, 426268, 0, 0, 0, 0, 0, 0, 0, 0, 0, 0, 0, 0, 0, 0, 0, 0, 0, 0, 0, 17857) vec
INFO:root:Trial 3: First Co-ord not one
INFO:root:Trial 3.22: (0, -69315, 0, -160944, -194591, 0, 0, 0, 0, 0, 0, 0, 0, 0, 0, 0, 0, 0, 0, 0, 0, 429046, 0, 0, 0, 0, 0, 0, 0, 0, 0, 0, 0, 0, 0, 0, 0, 0, 0, 0, 52829) vec
INFO:root:Trial 3: First Co-ord not one
INFO:root:Trial 3.23: (0, -138630, -109861, 0, -194591, 0, 0, 0, 0, 0, 0, 0, 0, 0, 0, 0, 0, 0, 0, 0, 0, 0, 436945, 0, 0, 0, 0, 0, 0, 0, 0, 0, 0, 0, 0, 0, 0, 0, 0, 0, -77260) vec
INFO:root:Trial 3: First Co-ord not one
INFO:root:Trial 3.24: (0, -138630, -109861, 0, -194591, 0, 0, 0, 0, 0, 0, 0, 0, 0, 0, 0, 0, 0, 0, 0, 0, 0, 0, 441884, 0, 0, 0, 0, 0, 0, 0, 0, 0, 0, 0, 0, 0, 0, 0, 0, -15078) vec
INFO:root:Trial 3: First Co-ord not one
INFO:root:Trial 3.25: (0, -138630, -109861, 0, -194591, 0, 0, 0, 0, 0, 0, 0, 0, 0, 0, 0, 0, 0, 0, 0, 0, 0, 0, 0, 448864, 0, 0, 0, 0, 0, 0, 0, 0, 0, 0, 0, 0, 0, 0, 0, 72789) vec
INFO:root:Trial 3: First Co-ord not one
INFO:root:Trial 3.26: (0, 69315, 219722, 160944, 0, 0, 0, 0, 0, 0, 0, 0, 0, 0, 0, 0, 0, 0, 0, 0, 0, 0, 0, 0, 0, -457471, 0, 0, 0, 0, 0, 0, 0, 0, 0, 0, 0, 0, 0, 0, -94295) vec
INFO:root:Trial 3: First Co-ord not one
INFO:root:Trial 3.27: (0, 0, -109861, -160944, -194591, 0, 0, 0, 0, 0, 0, 0, 0, 0, 0, 0, 0, 0, 0, 0, 0, 0, 0, 0, 0, 0, 461512, 0, 0, 0, 0, 0, 0, 0, 0, 0, 0, 0, 0, 0, -48897) vec
INFO:root:Trial 3: First Co-ord not one
INFO:root:Trial 3.28: (0, 0, 109861, 160944, 194591, 0, 0, 0, 0, 0, 0, 0, 0, 0, 0, 0, 0, 0, 0, 0, 0, 0, 0, 0, 0, 0, 0, -463473, 0, 0, 0, 0, 0, 0, 0, 0, 0, 0, 0, 0, 24211) vec
INFO:root:Trial 3: First Co-ord not one
INFO:root:Trial 3.29: (0, 0, -109861, -160944, -194591, 0, 0, 0, 0, 0, 0, 0, 0, 0, 0, 0, 0, 0, 0, 0, 0, 0, 0, 0, 0, 0, 0, 0, 0, 469135, 0, 0, 0, 0, 0, 0, 0, 0, 0, 0, 47068) vec
INFO:root:Trial 3: First Co-ord not one
INFO:root:Trial 3.30: (0, 0, -109861, -160944, -194591, 0, 0, 0, 0, 0, 0, 0, 0, 0, 0, 0, 0, 0, 0, 0, 0, 0, 0, 0, 0, 0, 0, 0, 467283, 0, 0, 0, 0, 0, 0, 0, 0, 0, 0, 0, 23754) vec
INFO:root:Trial 3: First Co-ord not one
INFO:root:Trial 3.31: (0, -207945, -109861, -160944, 0, 0, 0, 0, 0, 0, 0, 0, 0, 0, 0, 0, 0, 0, 0, 0, 0, 0, 0, 0, 0, 0, 0, 0, 0, 0, 472739, 0, 0, 0, 0, 0, 0, 0, 0, 0, -75667) vec
INFO:root:Trial 3: First Co-ord not one
INFO:root:Trial 3.32: (0, -207945, -109861, -160944, 0, 0, 0, 0, 0, 0, 0, 0, 0, 0, 0, 0, 0, 0, 0, 0, 0, 0, 0, 0, 0, 0, 0, 0, 0, 0, 0, 484419, 0, 0, 0, 0, 0, 0, 0, 0, 71374) vec
INFO:root:Trial 3: First Co-ord not one
INFO:root:Trial 3.33: (0, -138630, 0, -160944, -194591, 0, 0, 0, 0, 0, 0, 0, 0, 0, 0, 0, 0, 0, 0, 0, 0, 0, 0, 0, 0, 0, 0, 0, 0, 0, 0, 0, 487520, 0, 0, 0, 0, 0, 0, 0, -83650) vec
INFO:root:Trial 3: First Co-ord not one
INFO:root:Trial 3.34: (0, -138630, 0, -160944, -194591, 0, 0, 0, 0, 0, 0, 0, 0, 0, 0, 0, 0, 0, 0, 0, 0, 0, 0, 0, 0, 0, 0, 0, 0, 0, 0, 0, 0, 491998, 0, 0, 0, 0, 0, 0, -27271) vec
INFO:root:Trial 3: First Co-ord not one
INFO:root:Trial 3.35: (0, -138630, 0, -160944, -194591, 0, 0, 0, 0, 0, 0, 0, 0, 0, 0, 0, 0, 0, 0, 0, 0, 0, 0, 0, 0, 0, 0, 0, 0, 0, 0, 0, 0, 0, 493447, 0, 0, 0, 0, 0, -9025) vec
INFO:root:Trial 3: First Co-ord not one
INFO:root:Trial 3.36: (0, -138630, 0, -160944, -194591, 0, 0, 0, 0, 0, 0, 0, 0, 0, 0, 0, 0, 0, 0, 0, 0, 0, 0, 0, 0, 0, 0, 0, 0, 0, 0, 0, 0, 0, 0, 500395, 0, 0, 0, 0, 78435) vec
INFO:root:Trial 3: First Co-ord not one
INFO:root:Trial 3.37: (0, -138630, 0, -160944, -194591, 0, 0, 0, 0, 0, 0, 0, 0, 0, 0, 0, 0, 0, 0, 0, 0, 0, 0, 0, 0, 0, 0, 0, 0, 0, 0, 0, 0, 0, 0, 0, 501728, 0, 0, 0, 95221) vec
INFO:root:Trial 3: First Co-ord not one
INFO:root:Trial 3.38: (0, -138630, 0, -160944, -194591, 0, 0, 0, 0, 0, 0, 0, 0, 0, 0, 0, 0, 0, 0, 0, 0, 0, 0, 0, 0, 0, 0, 0, 0, 0, 0, 0, 0, 0, 0, 0, 0, 505625, 0, 0, 144276) vec
INFO:root:Trial 3: First Co-ord not one
INFO:root:Trial 3.39: (0, -207945, -109861, 0, -194591, 0, 0, 0, 0, 0, 0, 0, 0, 0, 0, 0, 0, 0, 0, 0, 0, 0, 0, 0, 0, 0, 0, 0, 0, 0, 0, 0, 0, 0, 0, 0, 0, 0, 509375, 0, -38038) vec
INFO:root:Trial 3: First Co-ord not one
INFO:root:Trial 3.40: (0, -207945, -109861, 0, -194591, 0, 0, 0, 0, 0, 0, 0, 0, 0, 0, 0, 0, 0, 0, 0, 0, 0, 0, 0, 0, 0, 0, 0, 0, 0, 0, 0, 0, 0, 0, 0, 0, 0, 0, 511799, -7518) vec
INFO:root:Trial 3: First Co-ord not one
INFO:root:Trial 4.1: (0, -69315, 109861, 160944, -194591, 0, 0, 0, 0, 0, 0, 0, 0, 0, 0, 0, 0, 0, 0, 0, 0, 0, 0, 0, 0, 0, 0, 0, 0, 0, 0, 0, 0, 0, 0, 0, 0, 0, 0, 0, 86856) vec
INFO:root:Trial 4: First Co-ord not one
INFO:root:Trial 4.2: (0, -69315, -109861, 0, 194591, 0, 0, 0, 0, 0, 0, 0, 0, 0, 0, 0, 0, 0, 0, 0, 0, 0, 0, 0, 0, 0, 0, 0, 0, 0, 0, 0, 0, 0, 0, 0, 0, 0, 0, 0, 194064) vec
INFO:root:Trial 4: First Co-ord not one
INFO:root:Trial 4.3: (0, -138630, 109861, -160944, 194591, 0, 0, 0, 0, 0, 0, 0, 0, 0, 0, 0, 0, 0, 0, 0, 0, 0, 0, 0, 0, 0, 0, 0, 0, 0, 0, 0, 0, 0, 0, 0, 0, 0, 0, 0, 61423) vec
INFO:root:Trial 4: First Co-ord not one
INFO:root:Trial 4.4: (0, 69315, 109861, -160944, 0, 0, 0, 0, 0, 0, 0, 0, 0, 0, 0, 0, 0, 0, 0, 0, 0, 0, 0, 0, 0, 0, 0, 0, 0, 0, 0, 0, 0, 0, 0, 0, 0, 0, 0, 0, 229530) vec
INFO:root:Trial 4: First Co-ord not one
INFO:root:Trial 4.5: (0, 69315, 0, 160944, 0, -239790, 0, 0, 0, 0, 0, 0, 0, 0, 0, 0, 0, 0, 0, 0, 0, 0, 0, 0, 0, 0, 0, 0, 0, 0, 0, 0, 0, 0, 0, 0, 0, 0, 0, 0, -119988) vec
INFO:root:Trial 4: First Co-ord not one
INFO:root:Trial 4.6: (0, -69315, 0, 0, -194591, 0, 256495, 0, 0, 0, 0, 0, 0, 0, 0, 0, 0, 0, 0, 0, 0, 0, 0, 0, 0, 0, 0, 0, 0, 0, 0, 0, 0, 0, 0, 0, 0, 0, 0, 0, -93297) vec
INFO:root:Trial 4: First Co-ord not one
INFO:root:Trial 4.7: (0, -69315, -219722, 0, 0, 0, 0, 283321, 0, 0, 0, 0, 0, 0, 0, 0, 0, 0, 0, 0, 0, 0, 0, 0, 0, 0, 0, 0, 0, 0, 0, 0, 0, 0, 0, 0, 0, 0, 0, 0, -71959) vec
INFO:root:Trial 4: First Co-ord not one
INFO:root:Trial 4.8: (0, -69315, -219722, 0, 0, 0, 0, 0, 294444, 0, 0, 0, 0, 0, 0, 0, 0, 0, 0, 0, 0, 0, 0, 0, 0, 0, 0, 0, 0, 0, 0, 0, 0, 0, 0, 0, 0, 0, 0, 0, 68066) vec
INFO:root:Trial 4: First Co-ord not one
INFO:root:Trial 4.9: (0, 0, -109861, 0, -194591, 0, 0, 0, 0, 313549, 0, 0, 0, 0, 0, 0, 0, 0, 0, 0, 0, 0, 0, 0, 0, 0, 0, 0, 0, 0, 0, 0, 0, 0, 0, 0, 0, 0, 0, 0, 114526) vec
INFO:root:Trial 4: First Co-ord not one
INFO:root:Trial 4.10: (0, -69315, -109861, -160944, 0, 0, 0, 0, 0, 0, 336730, 0, 0, 0, 0, 0, 0, 0, 0, 0, 0, 0, 0, 0, 0, 0, 0, 0, 0, 0, 0, 0, 0, 0, 0, 0, 0, 0, 0, 0, -42680) vec
INFO:root:Trial 4: First Co-ord not one
INFO:root:Trial 4.11: (0, 69315, 109861, 160944, 0, 0, 0, 0, 0, 0, 0, -343399, 0, 0, 0, 0, 0, 0, 0, 0, 0, 0, 0, 0, 0, 0, 0, 0, 0, 0, 0, 0, 0, 0, 0, 0, 0, 0, 0, 0, -41280) vec
INFO:root:Trial 4: First Co-ord not one
INFO:root:Trial 4.12: (0, -138630, -219722, 0, 0, 0, 0, 0, 0, 0, 0, 0, 361092, 0, 0, 0, 0, 0, 0, 0, 0, 0, 0, 0, 0, 0, 0, 0, 0, 0, 0, 0, 0, 0, 0, 0, 0, 0, 0, 0, 34492) vec
INFO:root:Trial 4: First Co-ord not one
INFO:root:Trial 4.13: (1, -207945, -109861, -160944, 0, -239790, 0, -283321, -294444, 0, 0, 0, 0, 0, 0, 0, 0, 0, 0, 0, 0, 0, 0, 0, 0, 0, 0, 0, 0, 0, 0, 0, 0, 0, 0, 0, 0, 0, 0, 0, 38124) vec
INFO:root:Trial 4: not short enough
INFO:root:Trial 4.14: (0, -69315, -109861, 0, -194591, 0, 0, 0, 0, 0, 0, 0, 0, 371357, 0, 0, 0, 0, 0, 0, 0, 0, 0, 0, 0, 0, 0, 0, 0, 0, 0, 0, 0, 0, 0, 0, 0, 0, 0, 0, -30338) vec
INFO:root:Trial 4: First Co-ord not one
INFO:root:Trial 4.15: (0, -69315, -109861, 0, -194591, 0, 0, 0, 0, 0, 0, 0, 0, 0, 376120, 0, 0, 0, 0, 0, 0, 0, 0, 0, 0, 0, 0, 0, 0, 0, 0, 0, 0, 0, 0, 0, 0, 0, 0, 0, 29622) vec
INFO:root:Trial 4: First Co-ord not one
INFO:root:Trial 4.16: (0, 69315, 109861, 0, 194591, 0, 0, 0, 0, 0, 0, 0, 0, 0, 0, -385015, 0, 0, 0, 0, 0, 0, 0, 0, 0, 0, 0, 0, 0, 0, 0, 0, 0, 0, 0, 0, 0, 0, 0, 0, -141601) vec
INFO:root:Trial 4: First Co-ord not one
INFO:root:Trial 4.17: (0, -138630, -109861, -160944, 0, 0, 0, 0, 0, 0, 0, 0, 0, 0, 0, 0, 397029, 0, 0, 0, 0, 0, 0, 0, 0, 0, 0, 0, 0, 0, 0, 0, 0, 0, 0, 0, 0, 0, 0, 0, -156174) vec
INFO:root:Trial 4: First Co-ord not one
INFO:root:Trial 4.18: (0, -138630, -109861, -160944, 0, 0, 0, 0, 0, 0, 0, 0, 0, 0, 0, 0, 0, 407754, 0, 0, 0, 0, 0, 0, 0, 0, 0, 0, 0, 0, 0, 0, 0, 0, 0, 0, 0, 0, 0, 0, -21159) vec
INFO:root:Trial 4: First Co-ord not one
INFO:root:Trial 4.19: (0, -138630, -109861, -160944, 0, 0, 0, 0, 0, 0, 0, 0, 0, 0, 0, 0, 0, 0, 411087, 0, 0, 0, 0, 0, 0, 0, 0, 0, 0, 0, 0, 0, 0, 0, 0, 0, 0, 0, 0, 0, 20809) vec
INFO:root:Trial 4: First Co-ord not one
INFO:root:Trial 4.20: (0, -69315, 0, -160944, -194591, 0, 0, 0, 0, 0, 0, 0, 0, 0, 0, 0, 0, 0, 0, 420469, 0, 0, 0, 0, 0, 0, 0, 0, 0, 0, 0, 0, 0, 0, 0, 0, 0, 0, 0, 0, -55145) vec
INFO:root:Trial 4: First Co-ord not one
INFO:root:Trial 4.21: (0, -69315, 0, -160944, -194591, 0, 0, 0, 0, 0, 0, 0, 0, 0, 0, 0, 0, 0, 0, 0, 426268, 0, 0, 0, 0, 0, 0, 0, 0, 0, 0, 0, 0, 0, 0, 0, 0, 0, 0, 0, 17857) vec
INFO:root:Trial 4: First Co-ord not one
INFO:root:Trial 4.22: (0, -69315, 0, -160944, -194591, 0, 0, 0, 0, 0, 0, 0, 0, 0, 0, 0, 0, 0, 0, 0, 0, 429046, 0, 0, 0, 0, 0, 0, 0, 0, 0, 0, 0, 0, 0, 0, 0, 0, 0, 0, 52829) vec
INFO:root:Trial 4: First Co-ord not one
INFO:root:Trial 4.23: (0, -138630, -109861, 0, -194591, 0, 0, 0, 0, 0, 0, 0, 0, 0, 0, 0, 0, 0, 0, 0, 0, 0, 436945, 0, 0, 0, 0, 0, 0, 0, 0, 0, 0, 0, 0, 0, 0, 0, 0, 0, -77260) vec
INFO:root:Trial 4: First Co-ord not one
INFO:root:Trial 4.24: (0, -138630, -109861, 0, -194591, 0, 0, 0, 0, 0, 0, 0, 0, 0, 0, 0, 0, 0, 0, 0, 0, 0, 0, 441884, 0, 0, 0, 0, 0, 0, 0, 0, 0, 0, 0, 0, 0, 0, 0, 0, -15078) vec
INFO:root:Trial 4: First Co-ord not one
