INFO:root:N: 458748167 = 24179 * 18973 
alpha: 1.7 
c = 1.1 
precision = 5
INFO:root:prime base: [2, 3, 5, 7, 11, 13, 17, 19, 23, 29, 31, 37, 41, 43, 47, 53, 59, 61, 67, 71, 73, 79, 83, 89, 97, 101, 103, 107, 109, 113, 127, 131, 137, 139, 149, 151, 157]
INFO:root:dimension: 37
INFO:root:Trial 1: not short enough
INFO:root:Trial 2: not short enough
INFO:root:Trial 3: not short enough
INFO:root:Trial 4: not short enough
INFO:root:Trial 5: not short enough
INFO:root:Trial 6: found new fac-realtion: (614263795650, 37)
INFO:root:Trial 7: found new fac-realtion: (1385878212056, -451)
INFO:root:Trial 8: not short enough
INFO:root:Trial 9: not short enough
INFO:root:Trial 10: not short enough
INFO:root:Trial 11: not short enough
INFO:root:Trial 12: not short enough
INFO:root:Trial 13: not short enough
INFO:root:Trial 14: not short enough
INFO:root:Trial 15: found new fac-realtion: (1387713205181, 6)
INFO:root:Trial 16: not short enough
INFO:root:Trial 17: not short enough
INFO:root:Trial 18: found new fac-realtion: (569306474464, -783)
INFO:root:Trial 19: not short enough
INFO:root:Trial 20: found new fac-realtion: (305985027348, -41)
INFO:root:Trial 21: found new fac-realtion: (20332177524540, 14933)
INFO:root:Trial 22: found new fac-realtion: (44803180945275, -36613)
INFO:root:Trial 23: found new fac-realtion: (156433124952, 5)
INFO:root:Trial 24: found new fac-realtion: (8492804813600, -2071)
INFO:root:Trial 25: not short enough
INFO:root:Trial 26: not short enough
INFO:root:Trial 27: not short enough
INFO:root:Trial 28: not short enough
INFO:root:Trial 29: not short enough
INFO:root:Trial 30: not short enough
INFO:root:Trial 31: found new fac-realtion: (176067546515731, 21131)
INFO:root:Trial 32: not short enough
INFO:root:Trial 33: not short enough
INFO:root:Trial 34: not short enough
INFO:root:Trial 35: not short enough
INFO:root:Trial 36: not short enough
INFO:root:Trial 37: not short enough
INFO:root:Trial 38: not short enough
INFO:root:Trial 39: not short enough
INFO:root:Trial 40: not short enough
INFO:root:Trial 41: not short enough
INFO:root:Trial 42: not short enough
INFO:root:Trial 43: not short enough
INFO:root:Trial 44: not short enough
INFO:root:Trial 45: relation already exists
INFO:root:Trial 46: not short enough
INFO:root:Trial 47: not short enough
INFO:root:Trial 48: not short enough
INFO:root:Trial 49: not short enough
INFO:root:Trial 50: not short enough
INFO:root:Trial 51: not short enough
INFO:root:Trial 52: not short enough
INFO:root:Trial 53: not short enough
INFO:root:Trial 54: not short enough
INFO:root:Trial 55: not short enough
INFO:root:Trial 56: not short enough
INFO:root:Trial 57: found new fac-realtion: (5172385582854, -71)
INFO:root:Trial 58: relation already exists
INFO:root:Trial 59: not short enough
INFO:root:Trial 60: not short enough
INFO:root:Trial 61: not short enough
INFO:root:Trial 62: not short enough
INFO:root:Trial 63: not short enough
INFO:root:Trial 64: not short enough
INFO:root:Trial 65: not short enough
INFO:root:Trial 66: not short enough
INFO:root:Trial 67: not short enough
INFO:root:Trial 68: not short enough
INFO:root:Trial 69: found new fac-realtion: (1306973526912, -871)
INFO:root:Trial 70: not short enough
INFO:root:Trial 71: not short enough
INFO:root:Trial 72: not short enough
INFO:root:Trial 73: not short enough
INFO:root:Trial 74: not short enough
INFO:root:Trial 75: found new fac-realtion: (29014904058595, -7821)
INFO:root:Trial 76: not short enough
INFO:root:Trial 77: not short enough
INFO:root:Trial 78: not short enough
INFO:root:Trial 79: not short enough
INFO:root:Trial 80: found new fac-realtion: (4128733496, -7)
INFO:root:Trial 81: not short enough
INFO:root:Trial 82: not short enough
INFO:root:Trial 83: not short enough
INFO:root:Trial 84: not short enough
INFO:root:Trial 85: found new fac-realtion: (6172456585064, -1921)
INFO:root:Trial 86: not short enough
INFO:root:Trial 87: found new fac-realtion: (47251061221, 20)
INFO:root:Trial 88: not short enough
INFO:root:Trial 89: not short enough
INFO:root:Trial 90: found new fac-realtion: (73858455000, 113)
INFO:root:Trial 91: not short enough
INFO:root:Trial 92: found new fac-realtion: (130431737561832, -27775)
INFO:root:Trial 93: not short enough
INFO:root:Trial 94: not short enough
INFO:root:Trial 95: not short enough
INFO:root:Trial 96: not short enough
INFO:root:Trial 97: not short enough
INFO:root:Trial 98: not short enough
INFO:root:Trial 99: not short enough
INFO:root:Trial 100: found new fac-realtion: (148932133486752, -181631)
INFO:root:Trial 101: not short enough
INFO:root:Trial 102: found new fac-realtion: (21893756279997, 9922)
INFO:root:Trial 103: not short enough
INFO:root:Trial 104: not short enough
INFO:root:Trial 105: not short enough
INFO:root:Trial 106: found new fac-realtion: (1800586554448, -1027)
INFO:root:Trial 107: not short enough
INFO:root:Trial 108: not short enough
INFO:root:Trial 109: relation already exists
INFO:root:Trial 110: not short enough
INFO:root:Trial 111: not short enough
INFO:root:Trial 112: relation already exists
INFO:root:Trial 113: not short enough
INFO:root:Trial 114: not short enough
INFO:root:Trial 115: not short enough
INFO:root:Trial 116: not short enough
INFO:root:Trial 117: not short enough
INFO:root:Trial 118: relation already exists
INFO:root:Trial 119: not short enough
INFO:root:Trial 120: not short enough
INFO:root:Trial 121: not short enough
INFO:root:Trial 122: relation already exists
INFO:root:Trial 123: not short enough
INFO:root:Trial 124: not short enough
INFO:root:Trial 125: not short enough
INFO:root:Trial 126: found new fac-realtion: (123222051361871, -35164)
INFO:root:Trial 127: not short enough
INFO:root:Trial 128: not short enough
INFO:root:Trial 129: not short enough
INFO:root:Trial 130: not short enough
INFO:root:Trial 131: not short enough
INFO:root:Trial 132: not short enough
INFO:root:Trial 133: not short enough
INFO:root:Trial 134: not short enough
INFO:root:Trial 135: not short enough
INFO:root:Trial 136: not short enough
INFO:root:Trial 137: not short enough
INFO:root:Trial 138: found new fac-realtion: (41202925392825, 25553)
INFO:root:Trial 139: not short enough
INFO:root:Trial 140: not short enough
INFO:root:Trial 141: not short enough
INFO:root:Trial 142: not short enough
INFO:root:Trial 143: not short enough
INFO:root:Trial 144: not short enough
INFO:root:Trial 145: not short enough
INFO:root:Trial 146: not short enough
INFO:root:Trial 147: not short enough
INFO:root:Trial 148: not short enough
INFO:root:Trial 149: found new fac-realtion: (42204831435, 71)
INFO:root:Trial 150: not short enough
INFO:root:Trial 151: relation already exists
INFO:root:Trial 152: found new fac-realtion: (23135128800888, -9089)
INFO:root:Trial 153: not short enough
INFO:root:Trial 154: not short enough
INFO:root:Trial 155: not short enough
INFO:root:Trial 156: not short enough
INFO:root:Trial 157: not short enough
INFO:root:Trial 158: not short enough
INFO:root:Trial 159: not short enough
INFO:root:Trial 160: not short enough
INFO:root:Trial 161: relation already exists
INFO:root:Trial 162: not short enough
INFO:root:Trial 163: not short enough
INFO:root:Trial 164: not short enough
INFO:root:Trial 165: not short enough
INFO:root:Trial 166: found new fac-realtion: (40379472415590, 8083)
INFO:root:Trial 167: not short enough
INFO:root:Trial 168: not short enough
INFO:root:Trial 169: relation already exists
INFO:root:Trial 170: not short enough
INFO:root:Trial 171: not short enough
INFO:root:Trial 172: not short enough
INFO:root:Trial 173: relation already exists
INFO:root:Trial 174: found new fac-realtion: (4885667984519, 5969)
INFO:root:Trial 175: relation already exists
INFO:root:Trial 176: not short enough
INFO:root:Trial 177: not short enough
INFO:root:Trial 178: not short enough
INFO:root:Trial 179: not short enough
INFO:root:Trial 180: not short enough
INFO:root:Trial 181: not short enough
INFO:root:Trial 182: relation already exists
INFO:root:Trial 183: not short enough
INFO:root:Trial 184: found new fac-realtion: (6517893952375, -4361)
INFO:root:Trial 185: not short enough
INFO:root:Trial 186: not short enough
INFO:root:Trial 187: not short enough
INFO:root:Trial 188: not short enough
INFO:root:Trial 189: not short enough
INFO:root:Trial 190: relation already exists
INFO:root:Trial 191: not short enough
INFO:root:Trial 192: not short enough
INFO:root:Trial 193: not short enough
INFO:root:Trial 194: found new fac-realtion: (1746454270924, -845)
INFO:root:Trial 195: not short enough
INFO:root:Trial 196: not short enough
INFO:root:Trial 197: found new fac-realtion: (4761347220000, -5293)
INFO:root:Trial 198: found new fac-realtion: (1391841937941, -737)
INFO:root:Trial 199: found new fac-realtion: (493154279478, -47)
INFO:root:Trial 200: not short enough
INFO:root:Trial 201: found new fac-realtion: (4593445395968, -203)
INFO:root:Trial 202: not short enough
INFO:root:Trial 203: not short enough
INFO:root:Trial 204: not short enough
INFO:root:Trial 205: not short enough
INFO:root:Trial 206: not short enough
INFO:root:Trial 207: not short enough
INFO:root:Trial 208: relation already exists
INFO:root:Trial 209: found new fac-realtion: (12699525515985, 8924)
INFO:root:Trial 210: not short enough
INFO:root:Trial 211: not short enough
INFO:root:Trial 212: not short enough
INFO:root:Trial 213: not short enough
INFO:root:Trial 214: not short enough
INFO:root:Trial 215: not short enough
INFO:root:Trial 216: not short enough
INFO:root:Trial 217: not short enough
INFO:root:Trial 218: not short enough
INFO:root:Trial 219: not short enough
INFO:root:Trial 220: not short enough
INFO:root:Trial 221: relation already exists
INFO:root:Trial 222: relation already exists
INFO:root:Trial 223: not short enough
INFO:root:Trial 224: not short enough
INFO:root:Trial 225: not short enough
INFO:root:Trial 226: not short enough
INFO:root:Trial 227: not short enough
INFO:root:Trial 228: not short enough
INFO:root:Trial 229: not short enough
INFO:root:Trial 230: not short enough
INFO:root:Trial 231: not short enough
INFO:root:Trial 232: not short enough
INFO:root:Trial 233: not short enough
INFO:root:Trial 234: not short enough
INFO:root:Trial 235: not short enough
INFO:root:Trial 236: not short enough
INFO:root:Trial 237: not short enough
INFO:root:Trial 238: not short enough
INFO:root:Trial 239: not short enough
INFO:root:Trial 240: not short enough
INFO:root:Trial 241: not short enough
INFO:root:Trial 242: not short enough
INFO:root:Trial 243: not short enough
INFO:root:Trial 244: not short enough
INFO:root:Trial 245: not short enough
INFO:root:Trial 246: not short enough
INFO:root:Trial 247: not short enough
INFO:root:Trial 248: not short enough
INFO:root:Trial 249: not short enough
INFO:root:Trial 250: not short enough
INFO:root:Trial 251: not short enough
INFO:root:Trial 252: not short enough
INFO:root:Trial 253: relation already exists
INFO:root:Trial 254: not short enough
INFO:root:Trial 255: not short enough
INFO:root:Trial 256: found new fac-realtion: (122027012325, -97)
INFO:root:Trial 257: not short enough
INFO:root:Trial 258: relation already exists
INFO:root:Trial 259: not short enough
INFO:root:Trial 260: not short enough
INFO:root:Trial 261: not short enough
INFO:root:Trial 262: not short enough
INFO:root:Trial 263: not short enough
INFO:root:Trial 264: not short enough
INFO:root:Trial 265: relation already exists
INFO:root:Trial 266: not short enough
INFO:root:Trial 267: not short enough
INFO:root:Trial 268: not short enough
INFO:root:Trial 269: not short enough
INFO:root:Trial 270: not short enough
INFO:root:Trial 271: not short enough
INFO:root:Trial 272: not short enough
INFO:root:Trial 273: not short enough
INFO:root:Trial 274: not short enough
INFO:root:Trial 275: not short enough
INFO:root:Trial 276: not short enough
INFO:root:Trial 277: not short enough
INFO:root:Trial 278: not short enough
INFO:root:Trial 279: not short enough
INFO:root:Trial 280: found new fac-realtion: (7227577373536, 2451)
INFO:root:Trial 281: not short enough
INFO:root:Trial 282: not short enough
INFO:root:Trial 283: not short enough
INFO:root:Trial 284: not short enough
INFO:root:Trial 285: not short enough
INFO:root:Trial 286: not short enough
INFO:root:Trial 287: not short enough
INFO:root:Trial 288: relation already exists
INFO:root:Trial 289: not short enough
INFO:root:Trial 290: not short enough
INFO:root:Trial 291: not short enough
INFO:root:Trial 292: not short enough
INFO:root:Trial 293: not short enough
INFO:root:Trial 294: relation already exists
INFO:root:Trial 295: not short enough
INFO:root:Trial 296: not short enough
INFO:root:Trial 297: relation already exists
INFO:root:Trial 298: not short enough
INFO:root:Trial 299: not short enough
INFO:root:Trial 300: not short enough
INFO:root:Trial 301: not short enough
INFO:root:Trial 302: not short enough
INFO:root:Trial 303: not short enough
INFO:root:Trial 304: relation already exists
INFO:root:Trial 305: not short enough
INFO:root:Trial 306: not short enough
INFO:root:Trial 307: found new fac-realtion: (17990268113795, -3277)
INFO:root:Trial 308: not short enough
INFO:root:Trial 309: not short enough
INFO:root:Trial 310: not short enough
INFO:root:Trial 311: not short enough
INFO:root:Trial 312: relation already exists
INFO:root:Trial 313: relation already exists
INFO:root:Trial 314: relation already exists
INFO:root:Trial 315: not short enough
INFO:root:Trial 316: not short enough
INFO:root:Trial 317: not short enough
INFO:root:Trial 318: not short enough
INFO:root:Trial 319: not short enough
INFO:root:Trial 320: not short enough
INFO:root:Trial 321: not short enough
INFO:root:Trial 322: not short enough
INFO:root:Trial 323: not short enough
INFO:root:Trial 324: not short enough
INFO:root:Trial 325: not short enough
INFO:root:Trial 326: not short enough
INFO:root:Trial 327: not short enough
INFO:root:Trial 328: not short enough
INFO:root:Trial 329: not short enough
INFO:root:Trial 330: not short enough
INFO:root:Trial 331: not short enough
INFO:root:Trial 332: not short enough
INFO:root:Trial 333: not short enough
INFO:root:Trial 334: not short enough
INFO:root:Trial 335: relation already exists
INFO:root:Trial 336: not short enough
INFO:root:Trial 337: not short enough
INFO:root:Trial 338: not short enough
INFO:root:Trial 339: not short enough
INFO:root:Trial 340: not short enough
INFO:root:Trial 341: relation already exists
INFO:root:Trial 342: not short enough
INFO:root:Trial 343: not short enough
INFO:root:Trial 344: not short enough
INFO:root:Trial 345: not short enough
INFO:root:Trial 346: relation already exists
INFO:root:Trial 347: not short enough
INFO:root:Trial 348: relation already exists
INFO:root:Trial 349: not short enough
INFO:root:Trial 350: not short enough
INFO:root:Trial 351: relation already exists
INFO:root:Trial 352: not short enough
INFO:root:Trial 353: found new fac-realtion: (2544217333125, -1057)
INFO:root:Trial 354: not short enough
INFO:root:Trial 355: found new fac-realtion: (30705391066000, 4189)
