INFO:root:N: 505891 = 971 * 521 
alpha: 1.7 
c = 1.1 
precision = 5
INFO:root:prime base: [2, 3, 5, 7, 11, 13, 17, 19, 23, 29, 31, 37, 41, 43, 47, 53, 59, 61, 67, 71, 73]
INFO:root:dimension: 21
INFO:root:Trial 1: found new fac-realtion: (505890, -1)
INFO:root:Trial 2: not short enough
INFO:root:Trial 3: not short enough
INFO:root:Trial 4: not short enough
INFO:root:Trial 5: relation already exists
INFO:root:Trial 6: relation already exists
INFO:root:Trial 7: found new fac-realtion: (784636412, -529)
INFO:root:Trial 8: not short enough
INFO:root:Trial 9: not short enough
INFO:root:Trial 10: not short enough
INFO:root:Trial 11: found new fac-realtion: (18717986, 19)
INFO:root:Trial 12: found new fac-realtion: (3541239, 2)
INFO:root:Trial 13: not short enough
INFO:root:Trial 14: found new fac-realtion: (8600160, 13)
INFO:root:Trial 15: not short enough
INFO:root:Trial 16: not short enough
INFO:root:Trial 17: relation already exists
INFO:root:Trial 18: found new fac-realtion: (302522693, -125)
INFO:root:Trial 19: found new fac-realtion: (22259205, 1)
INFO:root:Trial 20: relation already exists
INFO:root:Trial 21: found new fac-realtion: (454795305, -704)
INFO:root:Trial 22: not short enough
INFO:root:Trial 23: not short enough
INFO:root:Trial 24: found new fac-realtion: (43000734, -1)
INFO:root:Trial 25: relation already exists
INFO:root:Trial 26: found new fac-realtion: (127990688, 265)
INFO:root:Trial 27: not short enough
INFO:root:Trial 28: relation already exists
INFO:root:Trial 29: relation already exists
INFO:root:Trial 30: relation already exists
INFO:root:Trial 31: relation already exists
INFO:root:Trial 32: not short enough
INFO:root:Trial 33: relation already exists
INFO:root:Trial 34: not short enough
INFO:root:Trial 35: relation already exists
INFO:root:Trial 36: not short enough
INFO:root:Trial 37: not short enough
INFO:root:Trial 38: found new fac-realtion: (107248977, 85)
INFO:root:Trial 39: relation already exists
INFO:root:Trial 40: relation already exists
INFO:root:Trial 41: relation already exists
INFO:root:Trial 42: found new fac-realtion: (19729733, -16)
INFO:root:Trial 43: relation already exists
INFO:root:Trial 44: relation already exists
INFO:root:Trial 45: relation already exists
INFO:root:Trial 46: relation already exists
INFO:root:Trial 47: relation already exists
INFO:root:Trial 48: relation already exists
INFO:root:Trial 49: relation already exists
INFO:root:Trial 50: found new fac-realtion: (501843485, -387)
INFO:root:Trial 51: relation already exists
INFO:root:Trial 52: relation already exists
INFO:root:Trial 53: not short enough
INFO:root:Trial 54: relation already exists
INFO:root:Trial 55: relation already exists
INFO:root:Trial 56: relation already exists
INFO:root:Trial 57: found new fac-realtion: (13849269993, -2023)
INFO:root:Trial 58: not short enough
INFO:root:Trial 59: relation already exists
INFO:root:Trial 60: relation already exists
INFO:root:Trial 61: relation already exists
INFO:root:Trial 62: relation already exists
INFO:root:Trial 63: not short enough
INFO:root:Trial 64: relation already exists
INFO:root:Trial 65: relation already exists
INFO:root:Trial 66: relation already exists
INFO:root:Trial 67: not short enough
INFO:root:Trial 68: relation already exists
INFO:root:Trial 69: not short enough
INFO:root:Trial 70: found new fac-realtion: (50083145, -64)
INFO:root:Trial 71: not short enough
INFO:root:Trial 72: found new fac-realtion: (107754724, -59)
INFO:root:Trial 73: relation already exists
INFO:root:Trial 74: relation already exists
INFO:root:Trial 75: not short enough
INFO:root:Trial 76: not short enough
INFO:root:Trial 77: not short enough
INFO:root:Trial 78: relation already exists
INFO:root:Trial 79: found new fac-realtion: (541809320, 59)
INFO:root:Trial 80: relation already exists
INFO:root:Trial 81: relation already exists
INFO:root:Trial 82: found new fac-realtion: (20235591, -49)
INFO:root:Trial 83: not short enough
INFO:root:Trial 84: relation already exists
INFO:root:Trial 85: relation already exists
INFO:root:Trial 86: relation already exists
INFO:root:Trial 87: not short enough
INFO:root:Trial 88: relation already exists
INFO:root:Trial 89: found new fac-realtion: (665752875, 319)
INFO:root:Trial 90: not short enough
INFO:root:Trial 91: relation already exists
INFO:root:Trial 92: not short enough
INFO:root:Trial 93: relation already exists
INFO:root:Trial 94: relation already exists
INFO:root:Trial 95: found new fac-realtion: (20741525, -6)
INFO:root:Trial 96: not short enough
INFO:root:Trial 97: not short enough
INFO:root:Trial 98: relation already exists
INFO:root:Trial 99: relation already exists
INFO:root:Trial 100: not short enough
INFO:root:Trial 101: relation already exists
INFO:root:Trial 102: relation already exists
INFO:root:Trial 103: relation already exists
INFO:root:Trial 104: relation already exists
INFO:root:Trial 105: relation already exists
INFO:root:Trial 106: relation already exists
INFO:root:Trial 107: not short enough
INFO:root:Trial 108: not short enough
INFO:root:Trial 109: relation already exists
INFO:root:Trial 110: relation already exists
INFO:root:Trial 111: relation already exists
INFO:root:Trial 112: not short enough
INFO:root:Trial 113: relation already exists
INFO:root:Trial 114: relation already exists
INFO:root:Trial 115: relation already exists
INFO:root:Trial 116: relation already exists
INFO:root:Trial 117: relation already exists
INFO:root:Trial 118: relation already exists
INFO:root:Trial 119: not short enough
INFO:root:Trial 120: relation already exists
INFO:root:Trial 121: relation already exists
INFO:root:Trial 122: not short enough
INFO:root:Trial 123: relation already exists
INFO:root:Trial 124: relation already exists
INFO:root:Trial 125: relation already exists
INFO:root:Trial 126: not short enough
INFO:root:Trial 127: not short enough
INFO:root:Trial 128: relation already exists
INFO:root:Trial 129: relation already exists
INFO:root:Trial 130: relation already exists
INFO:root:Trial 131: found new fac-realtion: (65765707, -123)
INFO:root:Trial 132: relation already exists
INFO:root:Trial 133: not short enough
INFO:root:Trial 134: relation already exists
INFO:root:Trial 135: relation already exists
INFO:root:Trial 136: not short enough
INFO:root:Trial 137: not short enough
INFO:root:Trial 138: relation already exists
INFO:root:Trial 139: relation already exists
INFO:root:Trial 140: relation already exists
INFO:root:Trial 141: relation already exists
INFO:root:Trial 142: not short enough
INFO:root:Trial 143: not short enough
INFO:root:Trial 144: relation already exists
INFO:root:Trial 145: relation already exists
INFO:root:Trial 146: relation already exists
INFO:root:Trial 147: relation already exists
INFO:root:Trial 148: relation already exists
INFO:root:Trial 149: not short enough
INFO:root:Trial 150: not short enough
INFO:root:Trial 151: found new fac-realtion: (35918246, -15)
INFO:root:Trial 152: relation already exists
INFO:root:Trial 153: relation already exists
INFO:root:Trial 154: relation already exists
INFO:root:Trial 155: relation already exists
INFO:root:Trial 156: relation already exists
INFO:root:Trial 157: relation already exists
INFO:root:Trial 158: relation already exists
INFO:root:Trial 159: relation already exists
INFO:root:Trial 160: relation already exists
INFO:root:Trial 161: not short enough
INFO:root:Trial 162: not short enough
INFO:root:Trial 163: relation already exists
INFO:root:Trial 164: relation already exists
INFO:root:Trial 165: relation already exists
INFO:root:Trial 166: relation already exists
INFO:root:Trial 167: relation already exists
INFO:root:Trial 168: relation already exists
INFO:root:Trial 169: relation already exists
INFO:root:Trial 170: not short enough
INFO:root:Trial 171: relation already exists
INFO:root:Trial 172: relation already exists
INFO:root:Trial 173: relation already exists
INFO:root:Trial 174: not short enough
INFO:root:Trial 175: relation already exists
INFO:root:Trial 176: not short enough
INFO:root:Trial 177: not short enough
INFO:root:Trial 178: relation already exists
INFO:root:Trial 179: relation already exists
INFO:root:Trial 180: relation already exists
INFO:root:Trial 181: relation already exists
INFO:root:Trial 182: not short enough
INFO:root:Trial 183: not short enough
INFO:root:Trial 184: relation already exists
INFO:root:Trial 185: not short enough
INFO:root:Trial 186: relation already exists
INFO:root:Trial 187: relation already exists
INFO:root:Trial 188: relation already exists
INFO:root:Trial 189: relation already exists
INFO:root:Trial 190: relation already exists
INFO:root:Trial 191: relation already exists
INFO:root:Trial 192: relation already exists
INFO:root:Trial 193: not short enough
INFO:root:Trial 194: not short enough
INFO:root:Trial 195: found new fac-realtion: (18717952, -15)
INFO:root:C = [0, 0, 0, 0, 0, 0, 0, 0, 0, 0, 0, 0, 0, 0, 0, 0, 0, 0, 0, 0, 0, 0, 0]
INFO:root:>> gcd(N, a+b): 1, gcd(N, a-b): 1
INFO:root:C = [0, 0, 0, 1, 0, 0, 0, 1, 0, 0, 1, 0, 1, 1, 0, 0, 1, 1, 0, 1, 1, 1, 1]
INFO:root:>> gcd(N, a+b): 505891, gcd(N, a-b): 505891
INFO:root:C = [0, 0, 0, 1, 0, 0, 0, 1, 0, 0, 1, 0, 1, 1, 0, 0, 1, 1, 0, 1, 1, 1, 1]
INFO:root:>> gcd(N, a+b): 505891, gcd(N, a-b): 505891
INFO:root:C = [0, 0, 0, 0, 0, 0, 0, 0, 0, 0, 0, 0, 0, 0, 0, 0, 0, 0, 0, 0, 0, 0, 0]
INFO:root:>> gcd(N, a+b): 1, gcd(N, a-b): 1
INFO:root:C = [0, 0, 0, 1, 0, 0, 0, 1, 0, 0, 1, 0, 1, 1, 0, 0, 1, 1, 0, 1, 1, 1, 1]
INFO:root:>> gcd(N, a+b): 505891, gcd(N, a-b): 505891
INFO:root:C = [0, 0, 0, 0, 0, 0, 0, 0, 0, 0, 0, 0, 0, 0, 0, 0, 0, 0, 0, 0, 0, 0, 0]
INFO:root:>> gcd(N, a+b): 1, gcd(N, a-b): 1
INFO:root:C = [0, 0, 0, 0, 0, 0, 0, 0, 0, 0, 0, 0, 0, 0, 0, 0, 0, 0, 0, 0, 0, 0, 0]
INFO:root:>> gcd(N, a+b): 1, gcd(N, a-b): 1
INFO:root:C = [0, 0, 0, 1, 0, 0, 0, 1, 0, 0, 1, 0, 1, 1, 0, 0, 1, 1, 0, 1, 1, 1, 1]
INFO:root:>> gcd(N, a+b): 505891, gcd(N, a-b): 505891
