INFO:root:N: 619445173 = 19469 * 31817 
alpha: 1.7 
c = 1.1 
precision = 5
INFO:root:prime base: [2, 3, 5, 7, 11, 13, 17, 19, 23, 29, 31, 37, 41, 43, 47, 53, 59, 61, 67, 71, 73, 79, 83, 89, 97, 101, 103, 107, 109, 113, 127, 131, 137, 139, 149, 151, 157, 163]
INFO:root:dimension: 38
INFO:root:Trial 1: not short enough
INFO:root:Trial 2: not short enough
INFO:root:Trial 3: not short enough
INFO:root:Trial 4: not short enough
INFO:root:Trial 5: not short enough
INFO:root:Trial 6: not short enough
INFO:root:Trial 7: not short enough
INFO:root:Trial 8: not short enough
INFO:root:Trial 9: not short enough
INFO:root:Trial 10: not short enough
INFO:root:Trial 11: found new fac-realtion: (47697278292, -29)
INFO:root:Trial 12: found new fac-realtion: (388216820538360, 51319)
INFO:root:Trial 13: not short enough
INFO:root:Trial 14: not short enough
INFO:root:Trial 15: not short enough
INFO:root:Trial 16: not short enough
INFO:root:Trial 17: not short enough
INFO:root:Trial 18: found new fac-realtion: (21061135903, 21)
INFO:root:Trial 19: found new fac-realtion: (117075137855, 158)
INFO:root:Trial 20: found new fac-realtion: (13383112971332, 8667)
INFO:root:Trial 21: not short enough
INFO:root:Trial 22: not short enough
INFO:root:Trial 23: relation already exists
INFO:root:Trial 24: not short enough
INFO:root:Trial 25: not short enough
INFO:root:Trial 26: not short enough
INFO:root:Trial 27: not short enough
INFO:root:Trial 28: relation already exists
INFO:root:Trial 29: not short enough
INFO:root:Trial 30: not short enough
INFO:root:Trial 31: not short enough
INFO:root:Trial 32: not short enough
INFO:root:Trial 33: not short enough
INFO:root:Trial 34: found new fac-realtion: (27340451578350, -22351)
INFO:root:Trial 35: not short enough
INFO:root:Trial 36: not short enough
INFO:root:Trial 37: found new fac-realtion: (272555876147, 27)
INFO:root:Trial 38: found new fac-realtion: (12385806246016, 11881)
INFO:root:Trial 39: not short enough
INFO:root:Trial 40: not short enough
INFO:root:Trial 41: not short enough
INFO:root:Trial 42: not short enough
INFO:root:Trial 43: not short enough
INFO:root:Trial 44: not short enough
INFO:root:Trial 45: not short enough
INFO:root:Trial 46: not short enough
INFO:root:Trial 47: found new fac-realtion: (20043387463456, 695)
INFO:root:Trial 48: found new fac-realtion: (223619707545, 92)
INFO:root:Trial 49: not short enough
INFO:root:Trial 50: not short enough
INFO:root:Trial 51: not short enough
INFO:root:Trial 52: not short enough
INFO:root:Trial 53: not short enough
INFO:root:Trial 54: found new fac-realtion: (39094423740801, -17575)
INFO:root:Trial 55: not short enough
INFO:root:Trial 56: found new fac-realtion: (2835819999545, -2449)
INFO:root:Trial 57: not short enough
INFO:root:Trial 58: not short enough
INFO:root:Trial 59: not short enough
INFO:root:Trial 60: not short enough
INFO:root:Trial 61: not short enough
INFO:root:Trial 62: not short enough
INFO:root:Trial 63: not short enough
INFO:root:Trial 64: found new fac-realtion: (1090223503999, -481)
INFO:root:Trial 65: not short enough
INFO:root:Trial 66: not short enough
INFO:root:Trial 67: not short enough
INFO:root:Trial 68: not short enough
INFO:root:Trial 69: not short enough
INFO:root:Trial 70: not short enough
INFO:root:Trial 71: found new fac-realtion: (29748854413768, -19557)
INFO:root:Trial 72: not short enough
INFO:root:Trial 73: not short enough
INFO:root:Trial 74: not short enough
INFO:root:Trial 75: not short enough
INFO:root:Trial 76: not short enough
INFO:root:Trial 77: not short enough
INFO:root:Trial 78: not short enough
INFO:root:Trial 79: not short enough
INFO:root:Trial 80: found new fac-realtion: (5802342935400, -91)
INFO:root:Trial 81: not short enough
INFO:root:Trial 82: found new fac-realtion: (10218987023168, 4187)
INFO:root:Trial 83: not short enough
INFO:root:Trial 84: not short enough
INFO:root:Trial 85: not short enough
INFO:root:Trial 86: found new fac-realtion: (49804011354240, -133)
INFO:root:Trial 87: relation already exists
INFO:root:Trial 88: not short enough
INFO:root:Trial 89: found new fac-realtion: (41206112346368, -6765)
INFO:root:Trial 90: not short enough
INFO:root:Trial 91: not short enough
INFO:root:Trial 92: not short enough
INFO:root:Trial 93: not short enough
INFO:root:Trial 94: not short enough
INFO:root:Trial 95: not short enough
INFO:root:Trial 96: not short enough
INFO:root:Trial 97: not short enough
INFO:root:Trial 98: not short enough
INFO:root:Trial 99: not short enough
INFO:root:Trial 100: not short enough
INFO:root:Trial 101: not short enough
INFO:root:Trial 102: not short enough
INFO:root:Trial 103: not short enough
INFO:root:Trial 104: not short enough
INFO:root:Trial 105: found new fac-realtion: (113689869825408, -1147)
INFO:root:Trial 106: not short enough
INFO:root:Trial 107: not short enough
INFO:root:Trial 108: not short enough
INFO:root:Trial 109: relation already exists
INFO:root:Trial 110: not short enough
INFO:root:Trial 111: not short enough
INFO:root:Trial 112: not short enough
INFO:root:Trial 113: not short enough
INFO:root:Trial 114: not short enough
INFO:root:Trial 115: not short enough
INFO:root:Trial 116: found new fac-realtion: (3507298569775, 249)
INFO:root:Trial 117: relation already exists
INFO:root:Trial 118: not short enough
INFO:root:Trial 119: not short enough
INFO:root:Trial 120: not short enough
INFO:root:Trial 121: not short enough
INFO:root:Trial 122: found new fac-realtion: (979962263275, -411)
INFO:root:Trial 123: not short enough
INFO:root:Trial 124: not short enough
INFO:root:Trial 125: not short enough
INFO:root:Trial 126: not short enough
INFO:root:Trial 127: not short enough
INFO:root:Trial 128: not short enough
INFO:root:Trial 129: not short enough
INFO:root:Trial 130: not short enough
INFO:root:Trial 131: not short enough
INFO:root:Trial 132: not short enough
INFO:root:Trial 133: not short enough
INFO:root:Trial 134: not short enough
INFO:root:Trial 135: relation already exists
INFO:root:Trial 136: not short enough
INFO:root:Trial 137: not short enough
INFO:root:Trial 138: not short enough
INFO:root:Trial 139: not short enough
INFO:root:Trial 140: not short enough
INFO:root:Trial 141: not short enough
INFO:root:Trial 142: relation already exists
INFO:root:Trial 143: not short enough
INFO:root:Trial 144: not short enough
INFO:root:Trial 145: not short enough
INFO:root:Trial 146: not short enough
INFO:root:Trial 147: not short enough
INFO:root:Trial 148: relation already exists
INFO:root:Trial 149: found new fac-realtion: (1539321254679, -226)
INFO:root:Trial 150: not short enough
INFO:root:Trial 151: not short enough
INFO:root:Trial 152: not short enough
INFO:root:Trial 153: relation already exists
INFO:root:Trial 154: not short enough
INFO:root:Trial 155: relation already exists
INFO:root:Trial 156: not short enough
INFO:root:Trial 157: not short enough
INFO:root:Trial 158: not short enough
INFO:root:Trial 159: not short enough
INFO:root:Trial 160: not short enough
INFO:root:Trial 161: not short enough
INFO:root:Trial 162: not short enough
INFO:root:Trial 163: not short enough
INFO:root:Trial 164: not short enough
INFO:root:Trial 165: not short enough
INFO:root:Trial 166: not short enough
INFO:root:Trial 167: not short enough
INFO:root:Trial 168: not short enough
INFO:root:Trial 169: relation already exists
INFO:root:Trial 170: not short enough
INFO:root:Trial 171: relation already exists
INFO:root:Trial 172: not short enough
INFO:root:Trial 173: not short enough
INFO:root:Trial 174: not short enough
INFO:root:Trial 175: not short enough
INFO:root:Trial 176: not short enough
INFO:root:Trial 177: not short enough
INFO:root:Trial 178: not short enough
INFO:root:Trial 179: not short enough
INFO:root:Trial 180: not short enough
INFO:root:Trial 181: not short enough
INFO:root:Trial 182: not short enough
INFO:root:Trial 183: not short enough
INFO:root:Trial 184: not short enough
INFO:root:Trial 185: not short enough
INFO:root:Trial 186: not short enough
INFO:root:Trial 187: not short enough
INFO:root:Trial 188: not short enough
INFO:root:Trial 189: not short enough
INFO:root:Trial 190: relation already exists
INFO:root:Trial 191: not short enough
INFO:root:Trial 192: found new fac-realtion: (4495313623255, 2794)
INFO:root:Trial 193: not short enough
INFO:root:Trial 194: found new fac-realtion: (3222973235898, 779)
INFO:root:Trial 195: not short enough
INFO:root:Trial 196: not short enough
INFO:root:Trial 197: not short enough
INFO:root:Trial 198: not short enough
INFO:root:Trial 199: not short enough
INFO:root:Trial 200: not short enough
INFO:root:Trial 201: relation already exists
INFO:root:Trial 202: not short enough
INFO:root:Trial 203: not short enough
INFO:root:Trial 204: found new fac-realtion: (449312698082336, 182305)
INFO:root:Trial 205: not short enough
INFO:root:Trial 206: not short enough
INFO:root:Trial 207: not short enough
INFO:root:Trial 208: found new fac-realtion: (3184567632668, -1725)
INFO:root:Trial 209: not short enough
INFO:root:Trial 210: not short enough
INFO:root:Trial 211: not short enough
INFO:root:Trial 212: not short enough
INFO:root:Trial 213: not short enough
INFO:root:Trial 214: not short enough
INFO:root:Trial 215: relation already exists
INFO:root:Trial 216: found new fac-realtion: (682710966813122, -40887)
INFO:root:Trial 217: not short enough
INFO:root:Trial 218: not short enough
INFO:root:Trial 219: not short enough
INFO:root:Trial 220: not short enough
INFO:root:Trial 221: found new fac-realtion: (9282385918624, 1219)
INFO:root:Trial 222: not short enough
INFO:root:Trial 223: not short enough
INFO:root:Trial 224: not short enough
INFO:root:Trial 225: not short enough
INFO:root:Trial 226: found new fac-realtion: (42358280368950, -5963)
INFO:root:Trial 227: not short enough
INFO:root:Trial 228: not short enough
INFO:root:Trial 229: not short enough
INFO:root:Trial 230: not short enough
INFO:root:Trial 231: not short enough
INFO:root:Trial 232: not short enough
INFO:root:Trial 233: not short enough
INFO:root:Trial 234: not short enough
INFO:root:Trial 235: not short enough
INFO:root:Trial 236: not short enough
INFO:root:Trial 237: not short enough
INFO:root:Trial 238: not short enough
INFO:root:Trial 239: not short enough
INFO:root:Trial 240: not short enough
INFO:root:Trial 241: not short enough
INFO:root:Trial 242: not short enough
INFO:root:Trial 243: found new fac-realtion: (327686496452, -65)
INFO:root:Trial 244: not short enough
INFO:root:Trial 245: not short enough
INFO:root:Trial 246: not short enough
INFO:root:Trial 247: not short enough
INFO:root:Trial 248: relation already exists
INFO:root:Trial 249: relation already exists
INFO:root:Trial 250: found new fac-realtion: (671401137070367, 184992)
INFO:root:Trial 251: not short enough
INFO:root:Trial 252: not short enough
INFO:root:Trial 253: not short enough
INFO:root:Trial 254: not short enough
INFO:root:Trial 255: not short enough
INFO:root:Trial 256: not short enough
INFO:root:Trial 257: not short enough
INFO:root:Trial 258: not short enough
INFO:root:Trial 259: not short enough
INFO:root:Trial 260: not short enough
INFO:root:Trial 261: found new fac-realtion: (1650201940387, -485)
INFO:root:Trial 262: not short enough
INFO:root:Trial 263: not short enough
INFO:root:Trial 264: not short enough
INFO:root:Trial 265: not short enough
INFO:root:Trial 266: not short enough
INFO:root:Trial 267: not short enough
INFO:root:Trial 268: not short enough
INFO:root:Trial 269: not short enough
INFO:root:Trial 270: not short enough
INFO:root:Trial 271: not short enough
INFO:root:Trial 272: not short enough
INFO:root:Trial 273: not short enough
INFO:root:Trial 274: not short enough
INFO:root:Trial 275: not short enough
INFO:root:Trial 276: not short enough
INFO:root:Trial 277: not short enough
INFO:root:Trial 278: not short enough
INFO:root:Trial 279: not short enough
INFO:root:Trial 280: not short enough
INFO:root:Trial 281: not short enough
INFO:root:Trial 282: not short enough
INFO:root:Trial 283: not short enough
INFO:root:Trial 284: found new fac-realtion: (7866334250467, -1460)
INFO:root:Trial 285: not short enough
INFO:root:Trial 286: not short enough
INFO:root:Trial 287: not short enough
INFO:root:Trial 288: not short enough
INFO:root:Trial 289: not short enough
INFO:root:Trial 290: not short enough
INFO:root:Trial 291: not short enough
INFO:root:Trial 292: relation already exists
INFO:root:Trial 293: not short enough
INFO:root:Trial 294: not short enough
INFO:root:Trial 295: not short enough
INFO:root:Trial 296: not short enough
INFO:root:Trial 297: found new fac-realtion: (22619040474303, -17792)
INFO:root:Trial 298: relation already exists
INFO:root:Trial 299: not short enough
INFO:root:Trial 300: found new fac-realtion: (708785892439469, 473198)
INFO:root:Trial 301: not short enough
INFO:root:Trial 302: relation already exists
INFO:root:Trial 303: not short enough
INFO:root:Trial 304: not short enough
INFO:root:Trial 305: not short enough
INFO:root:Trial 306: not short enough
INFO:root:Trial 307: relation already exists
INFO:root:Trial 308: not short enough
INFO:root:Trial 309: not short enough
INFO:root:Trial 310: not short enough
INFO:root:Trial 311: not short enough
INFO:root:Trial 312: not short enough
INFO:root:Trial 313: not short enough
INFO:root:Trial 314: not short enough
INFO:root:Trial 315: not short enough
INFO:root:Trial 316: not short enough
INFO:root:Trial 317: not short enough
INFO:root:Trial 318: not short enough
INFO:root:Trial 319: not short enough
INFO:root:Trial 320: not short enough
INFO:root:Trial 321: not short enough
INFO:root:Trial 322: not short enough
INFO:root:Trial 323: relation already exists
INFO:root:Trial 324: not short enough
INFO:root:Trial 325: not short enough
INFO:root:Trial 326: not short enough
INFO:root:Trial 327: relation already exists
INFO:root:Trial 328: found new fac-realtion: (1373998770876375, -697001)
INFO:root:Trial 329: not short enough
INFO:root:Trial 330: not short enough
INFO:root:Trial 331: relation already exists
INFO:root:Trial 332: not short enough
INFO:root:Trial 333: not short enough
INFO:root:Trial 334: not short enough
INFO:root:Trial 335: not short enough
INFO:root:Trial 336: not short enough
INFO:root:Trial 337: found new fac-realtion: (3142445362750, 121)
INFO:root:Trial 338: not short enough
INFO:root:Trial 339: not short enough
INFO:root:Trial 340: not short enough
INFO:root:Trial 341: not short enough
INFO:root:Trial 342: not short enough
INFO:root:Trial 343: not short enough
INFO:root:Trial 344: not short enough
INFO:root:Trial 345: not short enough
INFO:root:Trial 346: not short enough
INFO:root:Trial 347: found new fac-realtion: (5849420766585, -2054)
INFO:root:Trial 348: not short enough
INFO:root:Trial 349: not short enough
INFO:root:Trial 350: not short enough
INFO:root:Trial 351: not short enough
INFO:root:Trial 352: not short enough
INFO:root:Trial 353: not short enough
INFO:root:Trial 354: not short enough
INFO:root:Trial 355: not short enough
INFO:root:Trial 356: not short enough
INFO:root:Trial 357: not short enough
INFO:root:Trial 358: not short enough
INFO:root:Trial 359: relation already exists
INFO:root:Trial 360: not short enough
INFO:root:Trial 361: not short enough
INFO:root:Trial 362: not short enough
INFO:root:Trial 363: not short enough
INFO:root:Trial 364: not short enough
INFO:root:Trial 365: found new fac-realtion: (267249708871717, 103635)
INFO:root:Trial 366: not short enough
INFO:root:Trial 367: not short enough
INFO:root:Trial 368: relation already exists
INFO:root:Trial 369: not short enough
INFO:root:Trial 370: found new fac-realtion: (2150094195380, -103)
INFO:root:Solution space is [[1, 0, 0, 0, 0, 0, 0, 1, 0, 0, 1, 1, 1, 1, 1, 0, 0, 1, 0, 1, 0, 1, 1, 0,
  1, 1, 1, 0, 1, 1, 0, 1, 1, 0, 1, 1, 1, 0, 0, 1],
 [0, 1, 0, 0, 1, 0, 1, 0, 0, 1, 0, 1, 1, 0, 0, 0, 1, 0, 1, 1, 1, 1, 0, 0,
  1, 1, 1, 1, 1, 0, 0, 1, 1, 1, 1, 1, 1, 1, 0, 0],
 [0, 0, 1, 0, 1, 1, 0, 1, 0, 0, 0, 1, 0, 0, 1, 0, 0, 1, 0, 0, 1, 1, 1, 0,
  1, 0, 0, 1, 0, 0, 1, 1, 0, 1, 1, 1, 1, 1, 0, 0],
 [0, 0, 0, 1, 0, 0, 0, 1, 1, 0, 0, 0, 0, 0, 1, 0, 0, 0, 1, 1, 0, 1, 0, 1,
  1, 0, 0, 0, 1, 0, 1, 1, 1, 1, 1, 0, 0, 0, 0, 1]]
INFO:root:C = [0, 0, 0, 0, 0, 0, 0, 0, 0, 0, 0, 0, 0, 0, 0, 0, 0, 0, 0, 0, 0, 0, 0, 0, 0,
 0, 0, 0, 0, 0, 0, 0, 0, 0, 0, 0, 0, 0, 0, 0]
INFO:root:>> gcd(N, a+b): 1, gcd(N, a-b): 1
INFO:root:C = [0, 1, 0, 0, 1, 0, 1, 0, 0, 1, 0, 1, 1, 0, 0, 0, 1, 0, 1, 1, 1, 1, 0, 0, 1,
 1, 1, 1, 1, 0, 0, 1, 1, 1, 1, 1, 1, 1, 0, 0]
INFO:root:>> gcd(N, a+b): 619445173, gcd(N, a-b): 619445173
INFO:root:C = [0, 1, 0, 0, 1, 0, 1, 0, 0, 1, 0, 1, 1, 0, 0, 0, 1, 0, 1, 1, 1, 1, 0, 0, 1,
 1, 1, 1, 1, 0, 0, 1, 1, 1, 1, 1, 1, 1, 0, 0]
INFO:root:>> gcd(N, a+b): 619445173, gcd(N, a-b): 619445173
INFO:root:C = [0, 0, 0, 0, 0, 0, 0, 0, 0, 0, 0, 0, 0, 0, 0, 0, 0, 0, 0, 0, 0, 0, 0, 0, 0,
 0, 0, 0, 0, 0, 0, 0, 0, 0, 0, 0, 0, 0, 0, 0]
INFO:root:>> gcd(N, a+b): 1, gcd(N, a-b): 1
INFO:root:C = [0, 1, 0, 0, 1, 0, 1, 0, 0, 1, 0, 1, 1, 0, 0, 0, 1, 0, 1, 1, 1, 1, 0, 0, 1,
 1, 1, 1, 1, 0, 0, 1, 1, 1, 1, 1, 1, 1, 0, 0]
INFO:root:>> gcd(N, a+b): 619445173, gcd(N, a-b): 619445173
INFO:root:C = [0, 0, 0, 0, 0, 0, 0, 0, 0, 0, 0, 0, 0, 0, 0, 0, 0, 0, 0, 0, 0, 0, 0, 0, 0,
 0, 0, 0, 0, 0, 0, 0, 0, 0, 0, 0, 0, 0, 0, 0]
INFO:root:>> gcd(N, a+b): 1, gcd(N, a-b): 1
INFO:root:C = [0, 0, 0, 0, 0, 0, 0, 0, 0, 0, 0, 0, 0, 0, 0, 0, 0, 0, 0, 0, 0, 0, 0, 0, 0,
 0, 0, 0, 0, 0, 0, 0, 0, 0, 0, 0, 0, 0, 0, 0]
INFO:root:>> gcd(N, a+b): 1, gcd(N, a-b): 1
INFO:root:C = [0, 1, 0, 0, 1, 0, 1, 0, 0, 1, 0, 1, 1, 0, 0, 0, 1, 0, 1, 1, 1, 1, 0, 0, 1,
 1, 1, 1, 1, 0, 0, 1, 1, 1, 1, 1, 1, 1, 0, 0]
INFO:root:>> gcd(N, a+b): 619445173, gcd(N, a-b): 619445173
INFO:root:C = [0, 1, 0, 0, 1, 0, 1, 0, 0, 1, 0, 1, 1, 0, 0, 0, 1, 0, 1, 1, 1, 1, 0, 0, 1,
 1, 1, 1, 1, 0, 0, 1, 1, 1, 1, 1, 1, 1, 0, 0]
INFO:root:>> gcd(N, a+b): 619445173, gcd(N, a-b): 619445173
INFO:root:C = [0, 0, 0, 0, 0, 0, 0, 0, 0, 0, 0, 0, 0, 0, 0, 0, 0, 0, 0, 0, 0, 0, 0, 0, 0,
 0, 0, 0, 0, 0, 0, 0, 0, 0, 0, 0, 0, 0, 0, 0]
INFO:root:>> gcd(N, a+b): 1, gcd(N, a-b): 1
INFO:root:C = [0, 0, 0, 0, 0, 0, 0, 0, 0, 0, 0, 0, 0, 0, 0, 0, 0, 0, 0, 0, 0, 0, 0, 0, 0,
 0, 0, 0, 0, 0, 0, 0, 0, 0, 0, 0, 0, 0, 0, 0]
INFO:root:>> gcd(N, a+b): 1, gcd(N, a-b): 1
INFO:root:C = [0, 1, 0, 0, 1, 0, 1, 0, 0, 1, 0, 1, 1, 0, 0, 0, 1, 0, 1, 1, 1, 1, 0, 0, 1,
 1, 1, 1, 1, 0, 0, 1, 1, 1, 1, 1, 1, 1, 0, 0]
INFO:root:>> gcd(N, a+b): 619445173, gcd(N, a-b): 619445173
INFO:root:C = [0, 0, 0, 0, 0, 0, 0, 0, 0, 0, 0, 0, 0, 0, 0, 0, 0, 0, 0, 0, 0, 0, 0, 0, 0,
 0, 0, 0, 0, 0, 0, 0, 0, 0, 0, 0, 0, 0, 0, 0]
INFO:root:>> gcd(N, a+b): 1, gcd(N, a-b): 1
INFO:root:C = [0, 1, 0, 0, 1, 0, 1, 0, 0, 1, 0, 1, 1, 0, 0, 0, 1, 0, 1, 1, 1, 1, 0, 0, 1,
 1, 1, 1, 1, 0, 0, 1, 1, 1, 1, 1, 1, 1, 0, 0]
INFO:root:>> gcd(N, a+b): 619445173, gcd(N, a-b): 619445173
INFO:root:C = [0, 1, 0, 0, 1, 0, 1, 0, 0, 1, 0, 1, 1, 0, 0, 0, 1, 0, 1, 1, 1, 1, 0, 0, 1,
 1, 1, 1, 1, 0, 0, 1, 1, 1, 1, 1, 1, 1, 0, 0]
INFO:root:>> gcd(N, a+b): 619445173, gcd(N, a-b): 619445173
INFO:root:C = [0, 0, 0, 0, 0, 0, 0, 0, 0, 0, 0, 0, 0, 0, 0, 0, 0, 0, 0, 0, 0, 0, 0, 0, 0,
 0, 0, 0, 0, 0, 0, 0, 0, 0, 0, 0, 0, 0, 0, 0]
INFO:root:>> gcd(N, a+b): 1, gcd(N, a-b): 1
