INFO:root:N: 796230181 = 26729 * 29789 
alpha: 1.7 
c = 1.1 
precision = 5
INFO:root:prime base: [2, 3, 5, 7, 11, 13, 17, 19, 23, 29, 31, 37, 41, 43, 47, 53, 59, 61, 67, 71, 73, 79, 83, 89, 97, 101, 103, 107, 109, 113, 127, 131, 137, 139, 149, 151, 157, 163, 167]
INFO:root:dimension: 39
INFO:root:Trial 1: not short enough
INFO:root:Trial 2: found new fac-realtion: (159246036299, 99)
INFO:root:Trial 3: not short enough
INFO:root:Trial 4: not short enough
INFO:root:Trial 5: not short enough
INFO:root:Trial 6: not short enough
INFO:root:Trial 7: not short enough
INFO:root:Trial 8: not short enough
INFO:root:Trial 9: not short enough
INFO:root:Trial 10: found new fac-realtion: (496748104079656, -91719)
INFO:root:Trial 11: not short enough
INFO:root:Trial 12: not short enough
INFO:root:Trial 13: not short enough
INFO:root:Trial 14: not short enough
INFO:root:Trial 15: not short enough
INFO:root:Trial 16: not short enough
INFO:root:Trial 17: not short enough
INFO:root:Trial 18: not short enough
INFO:root:Trial 19: found new fac-realtion: (1123480785312, -79)
INFO:root:Trial 20: found new fac-realtion: (75962747959624, 1681)
INFO:root:Trial 21: not short enough
INFO:root:Trial 22: not short enough
INFO:root:Trial 23: found new fac-realtion: (76462780466160, -45451)
INFO:root:Trial 24: not short enough
INFO:root:Trial 25: not short enough
INFO:root:Trial 26: not short enough
INFO:root:Trial 27: not short enough
INFO:root:Trial 28: found new fac-realtion: (748456370343, 203)
INFO:root:Trial 29: found new fac-realtion: (499128832442837, 30272)
INFO:root:Trial 30: not short enough
INFO:root:Trial 31: found new fac-realtion: (10740348908640, -2869)
INFO:root:Trial 32: relation already exists
INFO:root:Trial 33: not short enough
INFO:root:Trial 34: not short enough
INFO:root:Trial 35: found new fac-realtion: (707848630775, -134)
INFO:root:Trial 36: not short enough
INFO:root:Trial 37: found new fac-realtion: (1357572458684, 79)
INFO:root:Trial 38: not short enough
INFO:root:Trial 39: not short enough
INFO:root:Trial 40: found new fac-realtion: (1446750238076, -801)
INFO:root:Trial 41: not short enough
INFO:root:Trial 42: not short enough
INFO:root:Trial 43: not short enough
INFO:root:Trial 44: not short enough
INFO:root:Trial 45: not short enough
INFO:root:Trial 46: not short enough
INFO:root:Trial 47: not short enough
INFO:root:Trial 48: not short enough
INFO:root:Trial 49: not short enough
INFO:root:Trial 50: found new fac-realtion: (6203429339536, -635)
INFO:root:Trial 51: not short enough
INFO:root:Trial 52: not short enough
INFO:root:Trial 53: not short enough
INFO:root:Trial 54: relation already exists
INFO:root:Trial 55: not short enough
INFO:root:Trial 56: not short enough
INFO:root:Trial 57: found new fac-realtion: (195076394448, 103)
INFO:root:Trial 58: not short enough
INFO:root:Trial 59: not short enough
INFO:root:Trial 60: not short enough
INFO:root:Trial 61: not short enough
INFO:root:Trial 62: not short enough
INFO:root:Trial 63: not short enough
INFO:root:Trial 64: not short enough
INFO:root:Trial 65: not short enough
INFO:root:Trial 66: not short enough
INFO:root:Trial 67: found new fac-realtion: (126330676717336, -30305)
INFO:root:Trial 68: not short enough
INFO:root:Trial 69: not short enough
INFO:root:Trial 70: not short enough
INFO:root:Trial 71: not short enough
INFO:root:Trial 72: not short enough
INFO:root:Trial 73: relation already exists
INFO:root:Trial 74: not short enough
INFO:root:Trial 75: not short enough
INFO:root:Trial 76: not short enough
INFO:root:Trial 77: not short enough
INFO:root:Trial 78: not short enough
INFO:root:Trial 79: not short enough
INFO:root:Trial 80: not short enough
INFO:root:Trial 81: found new fac-realtion: (8705980798775, -279)
INFO:root:Trial 82: not short enough
INFO:root:Trial 83: not short enough
INFO:root:Trial 84: not short enough
INFO:root:Trial 85: not short enough
INFO:root:Trial 86: not short enough
INFO:root:Trial 87: not short enough
INFO:root:Trial 88: not short enough
INFO:root:Trial 89: not short enough
INFO:root:Trial 90: found new fac-realtion: (59061169935859, 30003)
INFO:root:Trial 91: not short enough
INFO:root:Trial 92: found new fac-realtion: (2649854041785, -583)
INFO:root:Trial 93: not short enough
INFO:root:Trial 94: not short enough
INFO:root:Trial 95: found new fac-realtion: (2163357400073, -1704)
INFO:root:Trial 96: found new fac-realtion: (113860915912, 29)
INFO:root:Trial 97: not short enough
INFO:root:Trial 98: not short enough
INFO:root:Trial 99: not short enough
INFO:root:Trial 100: found new fac-realtion: (3885603286383, 3103)
INFO:root:Trial 101: not short enough
INFO:root:Trial 102: found new fac-realtion: (8154193281525, -2096)
INFO:root:Trial 103: not short enough
INFO:root:Trial 104: not short enough
INFO:root:Trial 105: not short enough
INFO:root:Trial 106: not short enough
INFO:root:Trial 107: not short enough
INFO:root:Trial 108: not short enough
INFO:root:Trial 109: not short enough
INFO:root:Trial 110: not short enough
INFO:root:Trial 111: not short enough
INFO:root:Trial 112: not short enough
INFO:root:Trial 113: not short enough
INFO:root:Trial 114: relation already exists
INFO:root:Trial 115: not short enough
INFO:root:Trial 116: found new fac-realtion: (5865031511829, -1417)
INFO:root:Trial 117: not short enough
INFO:root:Trial 118: not short enough
INFO:root:Trial 119: not short enough
INFO:root:Trial 120: not short enough
INFO:root:Trial 121: not short enough
INFO:root:Trial 122: not short enough
INFO:root:Trial 123: not short enough
INFO:root:Trial 124: not short enough
INFO:root:Trial 125: not short enough
INFO:root:Trial 126: not short enough
INFO:root:Trial 127: not short enough
INFO:root:Trial 128: not short enough
INFO:root:Trial 129: not short enough
INFO:root:Trial 130: not short enough
INFO:root:Trial 131: not short enough
INFO:root:Trial 132: not short enough
INFO:root:Trial 133: not short enough
INFO:root:Trial 134: not short enough
INFO:root:Trial 135: not short enough
INFO:root:Trial 136: found new fac-realtion: (1225398248560, 1)
INFO:root:Trial 137: not short enough
INFO:root:Trial 138: not short enough
INFO:root:Trial 139: not short enough
INFO:root:Trial 140: found new fac-realtion: (2938089368851, 961)
INFO:root:Trial 141: not short enough
INFO:root:Trial 142: not short enough
INFO:root:Trial 143: not short enough
INFO:root:Trial 144: not short enough
INFO:root:Trial 145: not short enough
INFO:root:Trial 146: not short enough
INFO:root:Trial 147: not short enough
INFO:root:Trial 148: relation already exists
INFO:root:Trial 149: not short enough
INFO:root:Trial 150: not short enough
INFO:root:Trial 151: not short enough
INFO:root:Trial 152: not short enough
INFO:root:Trial 153: not short enough
INFO:root:Trial 154: not short enough
INFO:root:Trial 155: found new fac-realtion: (1958918136984432, 250811)
INFO:root:Trial 156: not short enough
INFO:root:Trial 157: not short enough
INFO:root:Trial 158: not short enough
INFO:root:Trial 159: not short enough
INFO:root:Trial 160: not short enough
INFO:root:Trial 161: not short enough
INFO:root:Trial 162: not short enough
INFO:root:Trial 163: not short enough
INFO:root:Trial 164: not short enough
INFO:root:Trial 165: not short enough
INFO:root:Trial 166: not short enough
INFO:root:Trial 167: not short enough
INFO:root:Trial 168: relation already exists
INFO:root:Trial 169: not short enough
INFO:root:Trial 170: not short enough
INFO:root:Trial 171: not short enough
INFO:root:Trial 172: not short enough
INFO:root:Trial 173: not short enough
INFO:root:Trial 174: not short enough
INFO:root:Trial 175: not short enough
INFO:root:Trial 176: not short enough
INFO:root:Trial 177: not short enough
INFO:root:Trial 178: not short enough
INFO:root:Trial 179: relation already exists
INFO:root:Trial 180: relation already exists
INFO:root:Trial 181: not short enough
INFO:root:Trial 182: not short enough
INFO:root:Trial 183: not short enough
INFO:root:Trial 184: not short enough
INFO:root:Trial 185: not short enough
INFO:root:Trial 186: not short enough
INFO:root:Trial 187: found new fac-realtion: (8243371061120, -2773)
INFO:root:Trial 188: not short enough
INFO:root:Trial 189: not short enough
INFO:root:Trial 190: not short enough
INFO:root:Trial 191: not short enough
INFO:root:Trial 192: not short enough
INFO:root:Trial 193: relation already exists
INFO:root:Trial 194: found new fac-realtion: (4472424926172, -505)
INFO:root:Trial 195: not short enough
INFO:root:Trial 196: not short enough
INFO:root:Trial 197: not short enough
INFO:root:Trial 198: relation already exists
INFO:root:Trial 199: not short enough
INFO:root:Trial 200: not short enough
INFO:root:Trial 201: not short enough
INFO:root:Trial 202: found new fac-realtion: (7803852003416, -565)
INFO:root:Trial 203: not short enough
INFO:root:Trial 204: not short enough
INFO:root:Trial 205: not short enough
INFO:root:Trial 206: not short enough
INFO:root:Trial 207: not short enough
INFO:root:Trial 208: not short enough
INFO:root:Trial 209: not short enough
INFO:root:Trial 210: not short enough
INFO:root:Trial 211: not short enough
INFO:root:Trial 212: not short enough
INFO:root:Trial 213: found new fac-realtion: (1273172059649, 230)
INFO:root:Trial 214: not short enough
INFO:root:Trial 215: not short enough
INFO:root:Trial 216: not short enough
INFO:root:Trial 217: not short enough
INFO:root:Trial 218: not short enough
INFO:root:Trial 219: not short enough
INFO:root:Trial 220: found new fac-realtion: (3235879456425, 841)
INFO:root:Trial 221: not short enough
INFO:root:Trial 222: not short enough
INFO:root:Trial 223: not short enough
INFO:root:Trial 224: found new fac-realtion: (438722829675, -56)
INFO:root:Trial 225: relation already exists
INFO:root:Trial 226: relation already exists
INFO:root:Trial 227: relation already exists
INFO:root:Trial 228: found new fac-realtion: (93124693367328, 88111)
INFO:root:Trial 229: not short enough
INFO:root:Trial 230: found new fac-realtion: (37670446094229, 938)
INFO:root:Trial 231: relation already exists
INFO:root:Trial 232: found new fac-realtion: (3362480053508, -855)
INFO:root:Trial 233: not short enough
INFO:root:Trial 234: not short enough
INFO:root:Trial 235: not short enough
INFO:root:Trial 236: not short enough
INFO:root:Trial 237: not short enough
INFO:root:Trial 238: not short enough
INFO:root:Trial 239: found new fac-realtion: (1015984137422800, 78067)
INFO:root:Trial 240: not short enough
INFO:root:Trial 241: not short enough
INFO:root:Trial 242: found new fac-realtion: (23294510165467, -9869)
INFO:root:Trial 243: not short enough
INFO:root:Trial 244: not short enough
INFO:root:Trial 245: not short enough
INFO:root:Trial 246: not short enough
INFO:root:Trial 247: not short enough
INFO:root:Trial 248: found new fac-realtion: (3180939576633, 3538)
INFO:root:Trial 249: found new fac-realtion: (29454943097125, 11392)
INFO:root:Trial 250: found new fac-realtion: (10344622516635, 5083)
INFO:root:Trial 251: not short enough
INFO:root:Trial 252: relation already exists
INFO:root:Trial 253: found new fac-realtion: (4345028101900, 4183)
INFO:root:Trial 254: not short enough
INFO:root:Trial 255: relation already exists
INFO:root:Trial 256: not short enough
INFO:root:Trial 257: not short enough
INFO:root:Trial 258: not short enough
INFO:root:Trial 259: not short enough
INFO:root:Trial 260: not short enough
INFO:root:Trial 261: relation already exists
INFO:root:Trial 262: not short enough
INFO:root:Trial 263: not short enough
INFO:root:Trial 264: found new fac-realtion: (137620424485273, 1233)
INFO:root:C = [0, 0, 0, 0, 0, 0, 0, 0, 0, 0, 0, 0, 0, 0, 0, 0, 0, 0, 0, 0, 0, 0, 0, 0, 0,
 0, 0, 0, 0, 0, 0, 0, 0, 0, 0, 0, 0, 0, 0, 0, 0]
INFO:root:>> gcd(N, a+b): 1, gcd(N, a-b): 1
INFO:root:C = [0, 1, 0, 0, 1, 1, 1, 0, 0, 1, 1, 0, 0, 0, 1, 1, 1, 0, 1, 1, 1, 0, 0, 1, 0,
 1, 1, 0, 0, 0, 1, 1, 0, 1, 1, 0, 1, 0, 1, 0, 1]
INFO:root:>> gcd(N, a+b): 1, gcd(N, a-b): 1
INFO:root:C = [0, 1, 0, 0, 1, 1, 1, 0, 0, 1, 1, 0, 0, 0, 1, 1, 1, 0, 1, 1, 1, 0, 0, 1, 0,
 1, 1, 0, 0, 0, 1, 1, 0, 1, 1, 0, 1, 0, 1, 0, 1]
INFO:root:>> gcd(N, a+b): 1, gcd(N, a-b): 1
INFO:root:C = [0, 0, 0, 0, 0, 0, 0, 0, 0, 0, 0, 0, 0, 0, 0, 0, 0, 0, 0, 0, 0, 0, 0, 0, 0,
 0, 0, 0, 0, 0, 0, 0, 0, 0, 0, 0, 0, 0, 0, 0, 0]
INFO:root:>> gcd(N, a+b): 1, gcd(N, a-b): 1
INFO:root:C = [0, 1, 0, 0, 1, 1, 1, 0, 0, 1, 1, 0, 0, 0, 1, 1, 1, 0, 1, 1, 1, 0, 0, 1, 0,
 1, 1, 0, 0, 0, 1, 1, 0, 1, 1, 0, 1, 0, 1, 0, 1]
INFO:root:>> gcd(N, a+b): 1, gcd(N, a-b): 1
INFO:root:C = [0, 0, 0, 0, 0, 0, 0, 0, 0, 0, 0, 0, 0, 0, 0, 0, 0, 0, 0, 0, 0, 0, 0, 0, 0,
 0, 0, 0, 0, 0, 0, 0, 0, 0, 0, 0, 0, 0, 0, 0, 0]
INFO:root:>> gcd(N, a+b): 1, gcd(N, a-b): 1
INFO:root:C = [0, 0, 0, 0, 0, 0, 0, 0, 0, 0, 0, 0, 0, 0, 0, 0, 0, 0, 0, 0, 0, 0, 0, 0, 0,
 0, 0, 0, 0, 0, 0, 0, 0, 0, 0, 0, 0, 0, 0, 0, 0]
INFO:root:>> gcd(N, a+b): 1, gcd(N, a-b): 1
INFO:root:C = [0, 1, 0, 0, 1, 1, 1, 0, 0, 1, 1, 0, 0, 0, 1, 1, 1, 0, 1, 1, 1, 0, 0, 1, 0,
 1, 1, 0, 0, 0, 1, 1, 0, 1, 1, 0, 1, 0, 1, 0, 1]
INFO:root:>> gcd(N, a+b): 1, gcd(N, a-b): 1
INFO:root:C = [0, 1, 0, 0, 1, 1, 1, 0, 0, 1, 1, 0, 0, 0, 1, 1, 1, 0, 1, 1, 1, 0, 0, 1, 0,
 1, 1, 0, 0, 0, 1, 1, 0, 1, 1, 0, 1, 0, 1, 0, 1]
INFO:root:>> gcd(N, a+b): 1, gcd(N, a-b): 1
INFO:root:C = [0, 0, 0, 0, 0, 0, 0, 0, 0, 0, 0, 0, 0, 0, 0, 0, 0, 0, 0, 0, 0, 0, 0, 0, 0,
 0, 0, 0, 0, 0, 0, 0, 0, 0, 0, 0, 0, 0, 0, 0, 0]
INFO:root:>> gcd(N, a+b): 1, gcd(N, a-b): 1
INFO:root:C = [0, 0, 0, 0, 0, 0, 0, 0, 0, 0, 0, 0, 0, 0, 0, 0, 0, 0, 0, 0, 0, 0, 0, 0, 0,
 0, 0, 0, 0, 0, 0, 0, 0, 0, 0, 0, 0, 0, 0, 0, 0]
INFO:root:>> gcd(N, a+b): 1, gcd(N, a-b): 1
INFO:root:C = [0, 1, 0, 0, 1, 1, 1, 0, 0, 1, 1, 0, 0, 0, 1, 1, 1, 0, 1, 1, 1, 0, 0, 1, 0,
 1, 1, 0, 0, 0, 1, 1, 0, 1, 1, 0, 1, 0, 1, 0, 1]
INFO:root:>> gcd(N, a+b): 1, gcd(N, a-b): 1
INFO:root:C = [0, 0, 0, 0, 0, 0, 0, 0, 0, 0, 0, 0, 0, 0, 0, 0, 0, 0, 0, 0, 0, 0, 0, 0, 0,
 0, 0, 0, 0, 0, 0, 0, 0, 0, 0, 0, 0, 0, 0, 0, 0]
INFO:root:>> gcd(N, a+b): 1, gcd(N, a-b): 1
INFO:root:C = [0, 1, 0, 0, 1, 1, 1, 0, 0, 1, 1, 0, 0, 0, 1, 1, 1, 0, 1, 1, 1, 0, 0, 1, 0,
 1, 1, 0, 0, 0, 1, 1, 0, 1, 1, 0, 1, 0, 1, 0, 1]
INFO:root:>> gcd(N, a+b): 1, gcd(N, a-b): 1
INFO:root:C = [0, 1, 0, 0, 1, 1, 1, 0, 0, 1, 1, 0, 0, 0, 1, 1, 1, 0, 1, 1, 1, 0, 0, 1, 0,
 1, 1, 0, 0, 0, 1, 1, 0, 1, 1, 0, 1, 0, 1, 0, 1]
INFO:root:>> gcd(N, a+b): 1, gcd(N, a-b): 1
INFO:root:C = [0, 0, 0, 0, 0, 0, 0, 0, 0, 0, 0, 0, 0, 0, 0, 0, 0, 0, 0, 0, 0, 0, 0, 0, 0,
 0, 0, 0, 0, 0, 0, 0, 0, 0, 0, 0, 0, 0, 0, 0, 0]
INFO:root:>> gcd(N, a+b): 1, gcd(N, a-b): 1
