INFO:root:N: 807164711 = 25643 * 31477 
alpha: 1.7 
c = 1.1 
precision = 5
INFO:root:prime base: [2, 3, 5, 7, 11, 13, 17, 19, 23, 29, 31, 37, 41, 43, 47, 53, 59, 61, 67, 71, 73, 79, 83, 89, 97, 101, 103, 107, 109, 113, 127, 131, 137, 139, 149, 151, 157, 163, 167]
INFO:root:dimension: 39
INFO:root:Trial 1: found new fac-realtion: (291386460750, 79)
INFO:root:Trial 2: not short enough
INFO:root:Trial 3: not short enough
INFO:root:Trial 4: found new fac-realtion: (276857495850, -23)
INFO:root:Trial 5: found new fac-realtion: (329323202033, -55)
INFO:root:Trial 6: not short enough
INFO:root:Trial 7: not short enough
INFO:root:Trial 8: not short enough
INFO:root:Trial 9: not short enough
INFO:root:Trial 10: not short enough
INFO:root:Trial 11: not short enough
INFO:root:Trial 12: not short enough
INFO:root:Trial 13: found new fac-realtion: (274436001843, 103)
INFO:root:Trial 14: not short enough
INFO:root:Trial 15: not short enough
INFO:root:Trial 16: not short enough
INFO:root:Trial 17: not short enough
INFO:root:Trial 18: not short enough
INFO:root:Trial 19: not short enough
INFO:root:Trial 20: not short enough
INFO:root:Trial 21: not short enough
INFO:root:Trial 22: not short enough
INFO:root:Trial 23: not short enough
INFO:root:Trial 24: not short enough
INFO:root:Trial 25: found new fac-realtion: (42779729680, -3)
INFO:root:Trial 26: not short enough
INFO:root:Trial 27: found new fac-realtion: (3326970699681910, 1046821)
INFO:root:Trial 28: not short enough
INFO:root:Trial 29: not short enough
INFO:root:Trial 30: not short enough
INFO:root:Trial 31: not short enough
INFO:root:Trial 32: relation already exists
INFO:root:Trial 33: not short enough
INFO:root:Trial 34: not short enough
INFO:root:Trial 35: found new fac-realtion: (1625586947847037, -377280)
INFO:root:Trial 36: not short enough
INFO:root:Trial 37: relation already exists
INFO:root:Trial 38: not short enough
INFO:root:Trial 39: not short enough
INFO:root:Trial 40: relation already exists
INFO:root:Trial 41: not short enough
INFO:root:Trial 42: not short enough
INFO:root:Trial 43: not short enough
INFO:root:Trial 44: not short enough
INFO:root:Trial 45: not short enough
INFO:root:Trial 46: not short enough
INFO:root:Trial 47: not short enough
INFO:root:Trial 48: not short enough
INFO:root:Trial 49: relation already exists
INFO:root:Trial 50: found new fac-realtion: (5500827506268, 803)
INFO:root:Trial 51: not short enough
INFO:root:Trial 52: not short enough
INFO:root:Trial 53: not short enough
INFO:root:Trial 54: not short enough
INFO:root:Trial 55: not short enough
INFO:root:Trial 56: not short enough
INFO:root:Trial 57: not short enough
INFO:root:Trial 58: not short enough
INFO:root:Trial 59: not short enough
INFO:root:Trial 60: not short enough
INFO:root:Trial 61: relation already exists
INFO:root:Trial 62: not short enough
INFO:root:Trial 63: not short enough
INFO:root:Trial 64: not short enough
INFO:root:Trial 65: not short enough
INFO:root:Trial 66: not short enough
INFO:root:Trial 67: not short enough
INFO:root:Trial 68: not short enough
INFO:root:Trial 69: not short enough
INFO:root:Trial 70: found new fac-realtion: (1284199056000, 799)
INFO:root:Trial 71: not short enough
INFO:root:Trial 72: not short enough
INFO:root:Trial 73: not short enough
INFO:root:Trial 74: not short enough
INFO:root:Trial 75: not short enough
INFO:root:Trial 76: not short enough
INFO:root:Trial 77: not short enough
INFO:root:Trial 78: not short enough
INFO:root:Trial 79: not short enough
INFO:root:Trial 80: not short enough
INFO:root:Trial 81: not short enough
INFO:root:Trial 82: found new fac-realtion: (4270708484925, -976)
INFO:root:Trial 83: not short enough
INFO:root:Trial 84: not short enough
INFO:root:Trial 85: not short enough
INFO:root:Trial 86: not short enough
INFO:root:Trial 87: found new fac-realtion: (47915718725504, -13589)
INFO:root:Trial 88: not short enough
INFO:root:Trial 89: not short enough
INFO:root:Trial 90: not short enough
INFO:root:Trial 91: not short enough
INFO:root:Trial 92: not short enough
INFO:root:Trial 93: not short enough
INFO:root:Trial 94: not short enough
INFO:root:Trial 95: not short enough
INFO:root:Trial 96: not short enough
INFO:root:Trial 97: not short enough
INFO:root:Trial 98: not short enough
INFO:root:Trial 99: not short enough
INFO:root:Trial 100: found new fac-realtion: (67113324258792, 33275)
INFO:root:Trial 101: relation already exists
INFO:root:Trial 102: not short enough
INFO:root:Trial 103: not short enough
INFO:root:Trial 104: not short enough
INFO:root:Trial 105: not short enough
INFO:root:Trial 106: not short enough
INFO:root:Trial 107: not short enough
INFO:root:Trial 108: not short enough
INFO:root:Trial 109: not short enough
INFO:root:Trial 110: not short enough
INFO:root:Trial 111: found new fac-realtion: (34742790672907, 17334)
INFO:root:Trial 112: not short enough
INFO:root:Trial 113: not short enough
INFO:root:Trial 114: not short enough
INFO:root:Trial 115: not short enough
INFO:root:Trial 116: not short enough
INFO:root:Trial 117: not short enough
INFO:root:Trial 118: relation already exists
INFO:root:Trial 119: not short enough
INFO:root:Trial 120: not short enough
INFO:root:Trial 121: not short enough
INFO:root:Trial 122: relation already exists
INFO:root:Trial 123: not short enough
INFO:root:Trial 124: not short enough
INFO:root:Trial 125: not short enough
INFO:root:Trial 126: not short enough
INFO:root:Trial 127: not short enough
INFO:root:Trial 128: not short enough
INFO:root:Trial 129: relation already exists
INFO:root:Trial 130: not short enough
INFO:root:Trial 131: not short enough
INFO:root:Trial 132: found new fac-realtion: (3499059019897, -2288)
INFO:root:Trial 133: not short enough
INFO:root:Trial 134: not short enough
INFO:root:Trial 135: not short enough
INFO:root:Trial 136: not short enough
INFO:root:Trial 137: not short enough
INFO:root:Trial 138: not short enough
INFO:root:Trial 139: not short enough
INFO:root:Trial 140: not short enough
INFO:root:Trial 141: not short enough
INFO:root:Trial 142: not short enough
INFO:root:Trial 143: not short enough
INFO:root:Trial 144: not short enough
INFO:root:Trial 145: not short enough
INFO:root:Trial 146: relation already exists
INFO:root:Trial 147: not short enough
INFO:root:Trial 148: not short enough
INFO:root:Trial 149: found new fac-realtion: (73386608376096, 16687)
INFO:root:Trial 150: not short enough
INFO:root:Trial 151: not short enough
INFO:root:Trial 152: relation already exists
INFO:root:Trial 153: not short enough
INFO:root:Trial 154: not short enough
INFO:root:Trial 155: not short enough
INFO:root:Trial 156: not short enough
INFO:root:Trial 157: not short enough
INFO:root:Trial 158: not short enough
INFO:root:Trial 159: found new fac-realtion: (23913868900330, 7533)
INFO:root:Trial 160: not short enough
INFO:root:Trial 161: not short enough
INFO:root:Trial 162: not short enough
INFO:root:Trial 163: not short enough
INFO:root:Trial 164: not short enough
INFO:root:Trial 165: not short enough
INFO:root:Trial 166: not short enough
INFO:root:Trial 167: not short enough
INFO:root:Trial 168: not short enough
INFO:root:Trial 169: not short enough
INFO:root:Trial 170: not short enough
INFO:root:Trial 171: relation already exists
INFO:root:Trial 172: not short enough
INFO:root:Trial 173: relation already exists
INFO:root:Trial 174: not short enough
INFO:root:Trial 175: not short enough
INFO:root:Trial 176: not short enough
INFO:root:Trial 177: not short enough
INFO:root:Trial 178: not short enough
INFO:root:Trial 179: not short enough
INFO:root:Trial 180: not short enough
INFO:root:Trial 181: not short enough
INFO:root:Trial 182: not short enough
INFO:root:Trial 183: not short enough
INFO:root:Trial 184: relation already exists
INFO:root:Trial 185: not short enough
INFO:root:Trial 186: not short enough
INFO:root:Trial 187: relation already exists
INFO:root:Trial 188: not short enough
INFO:root:Trial 189: not short enough
INFO:root:Trial 190: relation already exists
INFO:root:Trial 191: not short enough
INFO:root:Trial 192: not short enough
INFO:root:Trial 193: not short enough
INFO:root:Trial 194: not short enough
INFO:root:Trial 195: not short enough
INFO:root:Trial 196: not short enough
INFO:root:Trial 197: relation already exists
INFO:root:Trial 198: not short enough
INFO:root:Trial 199: not short enough
INFO:root:Trial 200: not short enough
INFO:root:Trial 201: not short enough
INFO:root:Trial 202: found new fac-realtion: (253369002841101, 58201)
INFO:root:Trial 203: not short enough
INFO:root:Trial 204: relation already exists
INFO:root:Trial 205: not short enough
INFO:root:Trial 206: not short enough
INFO:root:Trial 207: not short enough
INFO:root:Trial 208: not short enough
INFO:root:Trial 209: not short enough
INFO:root:Trial 210: relation already exists
INFO:root:Trial 211: not short enough
INFO:root:Trial 212: not short enough
INFO:root:Trial 213: not short enough
INFO:root:Trial 214: not short enough
INFO:root:Trial 215: not short enough
INFO:root:Trial 216: relation already exists
INFO:root:Trial 217: not short enough
INFO:root:Trial 218: relation already exists
INFO:root:Trial 219: not short enough
INFO:root:Trial 220: not short enough
INFO:root:Trial 221: not short enough
INFO:root:Trial 222: not short enough
INFO:root:Trial 223: not short enough
INFO:root:Trial 224: not short enough
INFO:root:Trial 225: not short enough
INFO:root:Trial 226: found new fac-realtion: (42404398098871, 6486)
INFO:root:Trial 227: not short enough
INFO:root:Trial 228: not short enough
INFO:root:Trial 229: not short enough
INFO:root:Trial 230: not short enough
INFO:root:Trial 231: not short enough
INFO:root:Trial 232: not short enough
INFO:root:Trial 233: not short enough
INFO:root:Trial 234: not short enough
INFO:root:Trial 235: not short enough
INFO:root:Trial 236: not short enough
INFO:root:Trial 237: not short enough
INFO:root:Trial 238: not short enough
INFO:root:Trial 239: not short enough
INFO:root:Trial 240: not short enough
INFO:root:Trial 241: not short enough
INFO:root:Trial 242: not short enough
INFO:root:Trial 243: not short enough
INFO:root:Trial 244: found new fac-realtion: (1886343928987, -620)
INFO:root:Trial 245: found new fac-realtion: (410039673171, -17)
INFO:root:Trial 246: not short enough
INFO:root:Trial 247: relation already exists
INFO:root:Trial 248: not short enough
INFO:root:Trial 249: not short enough
INFO:root:Trial 250: not short enough
INFO:root:Trial 251: found new fac-realtion: (8782759216343, -4048)
INFO:root:Trial 252: found new fac-realtion: (3914748847559, -791)
INFO:root:Trial 253: not short enough
INFO:root:Trial 254: not short enough
INFO:root:Trial 255: not short enough
INFO:root:Trial 256: not short enough
INFO:root:Trial 257: not short enough
INFO:root:Trial 258: not short enough
INFO:root:Trial 259: not short enough
INFO:root:Trial 260: relation already exists
INFO:root:Trial 261: not short enough
INFO:root:Trial 262: not short enough
INFO:root:Trial 263: not short enough
INFO:root:Trial 264: not short enough
INFO:root:Trial 265: not short enough
INFO:root:Trial 266: not short enough
INFO:root:Trial 267: found new fac-realtion: (5872930437605, 369)
INFO:root:Trial 268: relation already exists
INFO:root:Trial 269: found new fac-realtion: (769436218181743, 103305)
INFO:root:Trial 270: not short enough
INFO:root:Trial 271: not short enough
INFO:root:Trial 272: not short enough
INFO:root:Trial 273: not short enough
INFO:root:Trial 274: relation already exists
INFO:root:Trial 275: not short enough
INFO:root:Trial 276: relation already exists
INFO:root:Trial 277: not short enough
INFO:root:Trial 278: found new fac-realtion: (27482344078995, -1133)
INFO:root:Trial 279: not short enough
INFO:root:Trial 280: relation already exists
INFO:root:Trial 281: not short enough
INFO:root:Trial 282: not short enough
INFO:root:Trial 283: not short enough
INFO:root:Trial 284: not short enough
INFO:root:Trial 285: not short enough
INFO:root:Trial 286: not short enough
INFO:root:Trial 287: not short enough
INFO:root:Trial 288: not short enough
INFO:root:Trial 289: not short enough
INFO:root:Trial 290: not short enough
INFO:root:Trial 291: not short enough
INFO:root:Trial 292: not short enough
INFO:root:Trial 293: not short enough
INFO:root:Trial 294: not short enough
INFO:root:Trial 295: not short enough
INFO:root:Trial 296: not short enough
INFO:root:Trial 297: not short enough
INFO:root:Trial 298: not short enough
INFO:root:Trial 299: relation already exists
INFO:root:Trial 300: not short enough
INFO:root:Trial 301: not short enough
INFO:root:Trial 302: not short enough
INFO:root:Trial 303: not short enough
INFO:root:Trial 304: found new fac-realtion: (22890384036260, -2989)
INFO:root:Trial 305: not short enough
INFO:root:Trial 306: not short enough
INFO:root:Trial 307: not short enough
INFO:root:Trial 308: not short enough
INFO:root:Trial 309: not short enough
INFO:root:Trial 310: not short enough
INFO:root:Trial 311: relation already exists
INFO:root:Trial 312: not short enough
INFO:root:Trial 313: not short enough
INFO:root:Trial 314: not short enough
INFO:root:Trial 315: not short enough
INFO:root:Trial 316: not short enough
INFO:root:Trial 317: not short enough
INFO:root:Trial 318: not short enough
INFO:root:Trial 319: relation already exists
INFO:root:Trial 320: not short enough
INFO:root:Trial 321: found new fac-realtion: (112195894824, -5)
INFO:root:Trial 322: not short enough
INFO:root:Trial 323: not short enough
INFO:root:Trial 324: not short enough
INFO:root:Trial 325: not short enough
INFO:root:Trial 326: not short enough
INFO:root:Trial 327: not short enough
INFO:root:Trial 328: relation already exists
INFO:root:Trial 329: not short enough
INFO:root:Trial 330: relation already exists
INFO:root:Trial 331: not short enough
INFO:root:Trial 332: not short enough
INFO:root:Trial 333: found new fac-realtion: (2415843979375, -648)
INFO:root:Trial 334: not short enough
INFO:root:Trial 335: not short enough
INFO:root:Trial 336: not short enough
INFO:root:Trial 337: found new fac-realtion: (386405890398437, -51483)
INFO:root:Trial 338: not short enough
INFO:root:Trial 339: relation already exists
INFO:root:Trial 340: not short enough
INFO:root:Trial 341: not short enough
INFO:root:Trial 342: not short enough
INFO:root:Trial 343: found new fac-realtion: (1029135007153, 628)
INFO:root:Trial 344: not short enough
INFO:root:Trial 345: relation already exists
INFO:root:Trial 346: not short enough
INFO:root:Trial 347: not short enough
INFO:root:Trial 348: not short enough
INFO:root:Trial 349: not short enough
INFO:root:Trial 350: not short enough
INFO:root:Trial 351: not short enough
INFO:root:Trial 352: not short enough
INFO:root:Trial 353: found new fac-realtion: (118111604965200, -30719)
INFO:root:Trial 354: not short enough
INFO:root:Trial 355: relation already exists
INFO:root:Trial 356: relation already exists
INFO:root:Trial 357: not short enough
INFO:root:Trial 358: not short enough
INFO:root:Trial 359: not short enough
INFO:root:Trial 360: not short enough
INFO:root:Trial 361: relation already exists
INFO:root:Trial 362: not short enough
INFO:root:Trial 363: not short enough
INFO:root:Trial 364: not short enough
INFO:root:Trial 365: not short enough
INFO:root:Trial 366: not short enough
INFO:root:Trial 367: not short enough
INFO:root:Trial 368: relation already exists
INFO:root:Trial 369: not short enough
INFO:root:Trial 370: not short enough
INFO:root:Trial 371: not short enough
INFO:root:Trial 372: relation already exists
INFO:root:Trial 373: found new fac-realtion: (5859208636944, -205)
INFO:root:Trial 374: found new fac-realtion: (30458703412407728, -2179447)
INFO:root:Trial 375: not short enough
INFO:root:Trial 376: not short enough
INFO:root:Trial 377: not short enough
INFO:root:Trial 378: not short enough
INFO:root:Trial 379: not short enough
INFO:root:Trial 380: not short enough
INFO:root:Trial 381: not short enough
INFO:root:Trial 382: not short enough
INFO:root:Trial 383: not short enough
INFO:root:Trial 384: not short enough
INFO:root:Trial 385: found new fac-realtion: (914517617650, 87)
INFO:root:Trial 386: not short enough
INFO:root:Trial 387: not short enough
INFO:root:Trial 388: not short enough
INFO:root:Trial 389: not short enough
INFO:root:Trial 390: not short enough
INFO:root:Trial 391: not short enough
INFO:root:Trial 392: relation already exists
INFO:root:Trial 393: found new fac-realtion: (573086944801, -9)
INFO:root:Trial 394: not short enough
INFO:root:Trial 395: not short enough
INFO:root:Trial 396: not short enough
INFO:root:Trial 397: not short enough
INFO:root:Trial 398: not short enough
INFO:root:Trial 399: relation already exists
INFO:root:Trial 400: not short enough
INFO:root:Trial 401: not short enough
INFO:root:Trial 402: relation already exists
INFO:root:Trial 403: not short enough
INFO:root:Trial 404: not short enough
INFO:root:Trial 405: not short enough
INFO:root:Trial 406: not short enough
INFO:root:Trial 407: not short enough
INFO:root:Trial 408: found new fac-realtion: (188971787808567, -1331)
INFO:root:Trial 409: not short enough
INFO:root:Trial 410: not short enough
INFO:root:Trial 411: not short enough
INFO:root:Trial 412: relation already exists
INFO:root:Trial 413: not short enough
INFO:root:Trial 414: relation already exists
INFO:root:Trial 415: not short enough
INFO:root:Trial 416: not short enough
INFO:root:Trial 417: not short enough
INFO:root:Trial 418: not short enough
INFO:root:Trial 419: not short enough
INFO:root:Trial 420: not short enough
INFO:root:Trial 421: found new fac-realtion: (152686505319075, -72529)
INFO:root:Trial 422: found new fac-realtion: (162077866800850, -3239)
INFO:root:Trial 423: not short enough
INFO:root:Trial 424: relation already exists
INFO:root:Trial 425: not short enough
INFO:root:Trial 426: not short enough
INFO:root:Trial 427: not short enough
INFO:root:Trial 428: not short enough
INFO:root:Trial 429: not short enough
INFO:root:Trial 430: not short enough
INFO:root:Trial 431: found new fac-realtion: (17615562657813, 4949)
INFO:root:Trial 432: not short enough
INFO:root:Trial 433: not short enough
INFO:root:Trial 434: relation already exists
INFO:root:Trial 435: not short enough
INFO:root:Trial 436: not short enough
INFO:root:Trial 437: not short enough
INFO:root:Trial 438: not short enough
INFO:root:Trial 439: not short enough
INFO:root:Trial 440: not short enough
INFO:root:Trial 441: not short enough
INFO:root:Trial 442: found new fac-realtion: (18583353141240, -113)
INFO:root:Trial 443: not short enough
INFO:root:Trial 444: not short enough
INFO:root:Trial 445: not short enough
INFO:root:Trial 446: relation already exists
INFO:root:Trial 447: not short enough
INFO:root:Trial 448: not short enough
INFO:root:Trial 449: not short enough
INFO:root:Trial 450: relation already exists
INFO:root:Trial 451: not short enough
INFO:root:Trial 452: not short enough
INFO:root:Trial 453: not short enough
INFO:root:Trial 454: not short enough
INFO:root:Trial 455: not short enough
INFO:root:Trial 456: not short enough
INFO:root:Trial 457: not short enough
INFO:root:Trial 458: found new fac-realtion: (9953148051504, 163)
INFO:root:C = [0, 0, 0, 0, 0, 0, 0, 0, 0, 0, 0, 0, 0, 0, 0, 0, 0, 0, 0, 0, 0, 0, 0, 0, 0,
 0, 0, 0, 0, 0, 0, 0, 0, 0, 0, 0, 0, 0, 0, 0, 0]
INFO:root:>> gcd(N, a+b): 1, gcd(N, a-b): 1
INFO:root:C = [0, 0, 1, 0, 0, 0, 0, 1, 0, 0, 0, 0, 1, 1, 0, 0, 1, 0, 0, 0, 1, 0, 1, 0, 0,
 0, 1, 0, 0, 0, 0, 1, 1, 0, 0, 1, 1, 0, 0, 0, 0]
INFO:root:>> gcd(N, a+b): 807164711, gcd(N, a-b): 807164711
INFO:root:C = [0, 0, 1, 0, 0, 0, 0, 1, 0, 0, 0, 0, 1, 1, 0, 0, 1, 0, 0, 0, 1, 0, 1, 0, 0,
 0, 1, 0, 0, 0, 0, 1, 1, 0, 0, 1, 1, 0, 0, 0, 0]
INFO:root:>> gcd(N, a+b): 807164711, gcd(N, a-b): 807164711
INFO:root:C = [0, 0, 0, 0, 0, 0, 0, 0, 0, 0, 0, 0, 0, 0, 0, 0, 0, 0, 0, 0, 0, 0, 0, 0, 0,
 0, 0, 0, 0, 0, 0, 0, 0, 0, 0, 0, 0, 0, 0, 0, 0]
INFO:root:>> gcd(N, a+b): 1, gcd(N, a-b): 1
INFO:root:C = [0, 0, 1, 0, 0, 0, 0, 1, 0, 0, 0, 0, 1, 1, 0, 0, 1, 0, 0, 0, 1, 0, 1, 0, 0,
 0, 1, 0, 0, 0, 0, 1, 1, 0, 0, 1, 1, 0, 0, 0, 0]
INFO:root:>> gcd(N, a+b): 807164711, gcd(N, a-b): 807164711
INFO:root:C = [0, 0, 0, 0, 0, 0, 0, 0, 0, 0, 0, 0, 0, 0, 0, 0, 0, 0, 0, 0, 0, 0, 0, 0, 0,
 0, 0, 0, 0, 0, 0, 0, 0, 0, 0, 0, 0, 0, 0, 0, 0]
INFO:root:>> gcd(N, a+b): 1, gcd(N, a-b): 1
INFO:root:C = [0, 0, 0, 0, 0, 0, 0, 0, 0, 0, 0, 0, 0, 0, 0, 0, 0, 0, 0, 0, 0, 0, 0, 0, 0,
 0, 0, 0, 0, 0, 0, 0, 0, 0, 0, 0, 0, 0, 0, 0, 0]
INFO:root:>> gcd(N, a+b): 1, gcd(N, a-b): 1
INFO:root:C = [0, 0, 1, 0, 0, 0, 0, 1, 0, 0, 0, 0, 1, 1, 0, 0, 1, 0, 0, 0, 1, 0, 1, 0, 0,
 0, 1, 0, 0, 0, 0, 1, 1, 0, 0, 1, 1, 0, 0, 0, 0]
INFO:root:>> gcd(N, a+b): 807164711, gcd(N, a-b): 807164711
INFO:root:C = [0, 0, 1, 0, 0, 0, 0, 1, 0, 0, 0, 0, 1, 1, 0, 0, 1, 0, 0, 0, 1, 0, 1, 0, 0,
 0, 1, 0, 0, 0, 0, 1, 1, 0, 0, 1, 1, 0, 0, 0, 0]
INFO:root:>> gcd(N, a+b): 807164711, gcd(N, a-b): 807164711
INFO:root:C = [0, 0, 0, 0, 0, 0, 0, 0, 0, 0, 0, 0, 0, 0, 0, 0, 0, 0, 0, 0, 0, 0, 0, 0, 0,
 0, 0, 0, 0, 0, 0, 0, 0, 0, 0, 0, 0, 0, 0, 0, 0]
INFO:root:>> gcd(N, a+b): 1, gcd(N, a-b): 1
INFO:root:C = [0, 0, 0, 0, 0, 0, 0, 0, 0, 0, 0, 0, 0, 0, 0, 0, 0, 0, 0, 0, 0, 0, 0, 0, 0,
 0, 0, 0, 0, 0, 0, 0, 0, 0, 0, 0, 0, 0, 0, 0, 0]
INFO:root:>> gcd(N, a+b): 1, gcd(N, a-b): 1
INFO:root:C = [0, 0, 1, 0, 0, 0, 0, 1, 0, 0, 0, 0, 1, 1, 0, 0, 1, 0, 0, 0, 1, 0, 1, 0, 0,
 0, 1, 0, 0, 0, 0, 1, 1, 0, 0, 1, 1, 0, 0, 0, 0]
INFO:root:>> gcd(N, a+b): 807164711, gcd(N, a-b): 807164711
INFO:root:C = [0, 0, 0, 0, 0, 0, 0, 0, 0, 0, 0, 0, 0, 0, 0, 0, 0, 0, 0, 0, 0, 0, 0, 0, 0,
 0, 0, 0, 0, 0, 0, 0, 0, 0, 0, 0, 0, 0, 0, 0, 0]
INFO:root:>> gcd(N, a+b): 1, gcd(N, a-b): 1
INFO:root:C = [0, 0, 1, 0, 0, 0, 0, 1, 0, 0, 0, 0, 1, 1, 0, 0, 1, 0, 0, 0, 1, 0, 1, 0, 0,
 0, 1, 0, 0, 0, 0, 1, 1, 0, 0, 1, 1, 0, 0, 0, 0]
INFO:root:>> gcd(N, a+b): 807164711, gcd(N, a-b): 807164711
INFO:root:C = [0, 0, 1, 0, 0, 0, 0, 1, 0, 0, 0, 0, 1, 1, 0, 0, 1, 0, 0, 0, 1, 0, 1, 0, 0,
 0, 1, 0, 0, 0, 0, 1, 1, 0, 0, 1, 1, 0, 0, 0, 0]
INFO:root:>> gcd(N, a+b): 807164711, gcd(N, a-b): 807164711
INFO:root:C = [0, 0, 0, 0, 0, 0, 0, 0, 0, 0, 0, 0, 0, 0, 0, 0, 0, 0, 0, 0, 0, 0, 0, 0, 0,
 0, 0, 0, 0, 0, 0, 0, 0, 0, 0, 0, 0, 0, 0, 0, 0]
INFO:root:>> gcd(N, a+b): 1, gcd(N, a-b): 1
