INFO:root:N: 991210361 = 31177 * 31793 
alpha: 1.7 
c = 1.1 
precision = 5
INFO:root:prime base: [2, 3, 5, 7, 11, 13, 17, 19, 23, 29, 31, 37, 41, 43, 47, 53, 59, 61, 67, 71, 73, 79, 83, 89, 97, 101, 103, 107, 109, 113, 127, 131, 137, 139, 149, 151, 157, 163, 167]
INFO:root:dimension: 39
INFO:root:Trial 1: not short enough
INFO:root:Trial 2: not short enough
INFO:root:Trial 3: not short enough
INFO:root:Trial 4: found new fac-realtion: (73402100876325, 13192)
INFO:root:Trial 5: not short enough
INFO:root:Trial 6: not short enough
INFO:root:Trial 7: found new fac-realtion: (421877962588075, -50384)
INFO:root:Trial 8: found new fac-realtion: (9880384878143, -305)
INFO:root:Trial 9: not short enough
INFO:root:Trial 10: not short enough
INFO:root:Trial 11: not short enough
INFO:root:Trial 12: not short enough
INFO:root:Trial 13: not short enough
INFO:root:Trial 14: not short enough
INFO:root:Trial 15: not short enough
INFO:root:Trial 16: not short enough
INFO:root:Trial 17: not short enough
INFO:root:Trial 18: not short enough
INFO:root:Trial 19: not short enough
INFO:root:Trial 20: not short enough
INFO:root:Trial 21: not short enough
INFO:root:Trial 22: found new fac-realtion: (189181418310400, 20301)
INFO:root:Trial 23: not short enough
INFO:root:Trial 24: not short enough
INFO:root:Trial 25: found new fac-realtion: (39984434756000, 3621)
INFO:root:Trial 26: not short enough
INFO:root:Trial 27: not short enough
INFO:root:Trial 28: not short enough
INFO:root:Trial 29: not short enough
INFO:root:Trial 30: not short enough
INFO:root:Trial 31: found new fac-realtion: (1264784419245, -1391)
INFO:root:Trial 32: not short enough
INFO:root:Trial 33: not short enough
INFO:root:Trial 34: not short enough
INFO:root:Trial 35: found new fac-realtion: (23575938436064, -321)
INFO:root:Trial 36: not short enough
INFO:root:Trial 37: not short enough
INFO:root:Trial 38: not short enough
INFO:root:Trial 39: not short enough
INFO:root:Trial 40: not short enough
INFO:root:Trial 41: found new fac-realtion: (1937816255674, -81)
INFO:root:Trial 42: not short enough
INFO:root:Trial 43: found new fac-realtion: (7686836347048, -2507)
INFO:root:Trial 44: not short enough
INFO:root:Trial 45: not short enough
INFO:root:Trial 46: not short enough
INFO:root:Trial 47: not short enough
INFO:root:Trial 48: not short enough
INFO:root:Trial 49: not short enough
INFO:root:Trial 50: not short enough
INFO:root:Trial 51: not short enough
INFO:root:Trial 52: found new fac-realtion: (40639624822, 21)
INFO:root:Trial 53: not short enough
INFO:root:Trial 54: not short enough
INFO:root:Trial 55: not short enough
INFO:root:Trial 56: found new fac-realtion: (90200142930, 79)
INFO:root:Trial 57: not short enough
INFO:root:Trial 58: not short enough
INFO:root:Trial 59: not short enough
INFO:root:Trial 60: not short enough
INFO:root:Trial 61: not short enough
INFO:root:Trial 62: found new fac-realtion: (948588315520, 43)
INFO:root:Trial 63: not short enough
INFO:root:Trial 64: not short enough
INFO:root:Trial 65: found new fac-realtion: (13443786126200, -43)
INFO:root:Trial 66: not short enough
INFO:root:Trial 67: not short enough
INFO:root:Trial 68: not short enough
INFO:root:Trial 69: not short enough
INFO:root:Trial 70: not short enough
INFO:root:Trial 71: not short enough
INFO:root:Trial 72: not short enough
INFO:root:Trial 73: not short enough
INFO:root:Trial 74: not short enough
INFO:root:Trial 75: not short enough
INFO:root:Trial 76: not short enough
INFO:root:Trial 77: not short enough
INFO:root:Trial 78: not short enough
INFO:root:Trial 79: not short enough
INFO:root:Trial 80: not short enough
INFO:root:Trial 81: not short enough
INFO:root:Trial 82: not short enough
INFO:root:Trial 83: not short enough
INFO:root:Trial 84: not short enough
INFO:root:Trial 85: found new fac-realtion: (2903255147025, -344)
INFO:root:Trial 86: not short enough
INFO:root:Trial 87: not short enough
INFO:root:Trial 88: relation already exists
INFO:root:Trial 89: not short enough
INFO:root:Trial 90: found new fac-realtion: (17445596750190000, 7112783)
INFO:root:Trial 91: not short enough
INFO:root:Trial 92: not short enough
INFO:root:Trial 93: not short enough
INFO:root:Trial 94: not short enough
INFO:root:Trial 95: not short enough
INFO:root:Trial 96: not short enough
INFO:root:Trial 97: not short enough
INFO:root:Trial 98: not short enough
INFO:root:Trial 99: not short enough
INFO:root:Trial 100: not short enough
INFO:root:Trial 101: not short enough
INFO:root:Trial 102: not short enough
INFO:root:Trial 103: not short enough
INFO:root:Trial 104: not short enough
INFO:root:Trial 105: not short enough
INFO:root:Trial 106: not short enough
INFO:root:Trial 107: not short enough
INFO:root:Trial 108: found new fac-realtion: (2220311209243, 603)
INFO:root:Trial 109: not short enough
INFO:root:Trial 110: not short enough
INFO:root:Trial 111: not short enough
INFO:root:Trial 112: found new fac-realtion: (656094032575163, 104931)
INFO:root:Trial 113: not short enough
INFO:root:Trial 114: found new fac-realtion: (40639624788, -13)
INFO:root:Trial 115: not short enough
INFO:root:Trial 116: not short enough
INFO:root:Trial 117: found new fac-realtion: (441224406517616, 53159)
INFO:root:Trial 118: not short enough
INFO:root:Trial 119: not short enough
INFO:root:Trial 120: not short enough
INFO:root:Trial 121: not short enough
INFO:root:Trial 122: not short enough
INFO:root:Trial 123: not short enough
INFO:root:Trial 124: not short enough
INFO:root:Trial 125: not short enough
INFO:root:Trial 126: not short enough
INFO:root:Trial 127: not short enough
INFO:root:Trial 128: not short enough
INFO:root:Trial 129: not short enough
INFO:root:Trial 130: not short enough
INFO:root:Trial 131: not short enough
INFO:root:Trial 132: not short enough
INFO:root:Trial 133: not short enough
INFO:root:Trial 134: not short enough
INFO:root:Trial 135: not short enough
INFO:root:Trial 136: relation already exists
INFO:root:Trial 137: not short enough
INFO:root:Trial 138: not short enough
INFO:root:Trial 139: not short enough
INFO:root:Trial 140: not short enough
INFO:root:Trial 141: relation already exists
INFO:root:Trial 142: found new fac-realtion: (1904115103800, 319)
INFO:root:Trial 143: not short enough
INFO:root:Trial 144: not short enough
INFO:root:Trial 145: not short enough
INFO:root:Trial 146: not short enough
INFO:root:Trial 147: not short enough
INFO:root:Trial 148: not short enough
INFO:root:Trial 149: not short enough
INFO:root:Trial 150: not short enough
INFO:root:Trial 151: found new fac-realtion: (6656968783007, -1469)
INFO:root:Trial 152: not short enough
INFO:root:Trial 153: not short enough
INFO:root:Trial 154: not short enough
INFO:root:Trial 155: not short enough
INFO:root:Trial 156: not short enough
INFO:root:Trial 157: found new fac-realtion: (1394632978000, 73)
INFO:root:Trial 158: not short enough
INFO:root:Trial 159: not short enough
INFO:root:Trial 160: not short enough
INFO:root:Trial 161: not short enough
INFO:root:Trial 162: not short enough
INFO:root:Trial 163: not short enough
INFO:root:Trial 164: not short enough
INFO:root:Trial 165: not short enough
INFO:root:Trial 166: found new fac-realtion: (10924129390075, 1494)
INFO:root:Trial 167: not short enough
INFO:root:Trial 168: not short enough
INFO:root:Trial 169: not short enough
INFO:root:Trial 170: not short enough
INFO:root:Trial 171: relation already exists
INFO:root:Trial 172: not short enough
INFO:root:Trial 173: found new fac-realtion: (175444233952, 55)
INFO:root:Trial 174: not short enough
INFO:root:Trial 175: not short enough
INFO:root:Trial 176: not short enough
INFO:root:Trial 177: found new fac-realtion: (461569990378336, 43993)
INFO:root:Trial 178: not short enough
INFO:root:Trial 179: not short enough
INFO:root:Trial 180: not short enough
INFO:root:Trial 181: not short enough
INFO:root:Trial 182: not short enough
INFO:root:Trial 183: not short enough
INFO:root:Trial 184: not short enough
INFO:root:Trial 185: not short enough
INFO:root:Trial 186: not short enough
INFO:root:Trial 187: not short enough
INFO:root:Trial 188: not short enough
INFO:root:Trial 189: not short enough
INFO:root:Trial 190: not short enough
INFO:root:Trial 191: not short enough
INFO:root:Trial 192: not short enough
INFO:root:Trial 193: not short enough
INFO:root:Trial 194: found new fac-realtion: (147690343696, -93)
INFO:root:Trial 195: not short enough
INFO:root:Trial 196: not short enough
INFO:root:Trial 197: not short enough
INFO:root:Trial 198: not short enough
INFO:root:Trial 199: not short enough
INFO:root:Trial 200: found new fac-realtion: (276547690825, 106)
INFO:root:Trial 201: not short enough
INFO:root:Trial 202: not short enough
INFO:root:Trial 203: found new fac-realtion: (1894202999243, -628)
INFO:root:Trial 204: not short enough
INFO:root:Trial 205: not short enough
INFO:root:Trial 206: not short enough
INFO:root:Trial 207: not short enough
INFO:root:Trial 208: not short enough
INFO:root:Trial 209: not short enough
INFO:root:Trial 210: not short enough
INFO:root:Trial 211: not short enough
INFO:root:Trial 212: not short enough
INFO:root:Trial 213: not short enough
INFO:root:Trial 214: not short enough
INFO:root:Trial 215: not short enough
INFO:root:Trial 216: not short enough
INFO:root:Trial 217: not short enough
INFO:root:Trial 218: relation already exists
INFO:root:Trial 219: not short enough
INFO:root:Trial 220: not short enough
INFO:root:Trial 221: not short enough
INFO:root:Trial 222: not short enough
INFO:root:Trial 223: not short enough
INFO:root:Trial 224: not short enough
INFO:root:Trial 225: not short enough
INFO:root:Trial 226: not short enough
INFO:root:Trial 227: not short enough
INFO:root:Trial 228: not short enough
INFO:root:Trial 229: not short enough
INFO:root:Trial 230: not short enough
INFO:root:Trial 231: not short enough
INFO:root:Trial 232: found new fac-realtion: (1232074479375, 652)
INFO:root:Trial 233: not short enough
INFO:root:Trial 234: not short enough
INFO:root:Trial 235: not short enough
INFO:root:Trial 236: not short enough
INFO:root:Trial 237: not short enough
INFO:root:Trial 238: not short enough
INFO:root:Trial 239: found new fac-realtion: (119886893164313, 1363)
INFO:root:Trial 240: found new fac-realtion: (55147970857525, 2568)
INFO:root:Trial 241: not short enough
INFO:root:Trial 242: not short enough
INFO:root:Trial 243: not short enough
INFO:root:Trial 244: not short enough
INFO:root:Trial 245: not short enough
INFO:root:Trial 246: not short enough
INFO:root:Trial 247: not short enough
INFO:root:Trial 248: not short enough
INFO:root:Trial 249: relation already exists
INFO:root:Trial 250: not short enough
INFO:root:Trial 251: not short enough
INFO:root:Trial 252: relation already exists
INFO:root:Trial 253: not short enough
INFO:root:Trial 254: not short enough
INFO:root:Trial 255: found new fac-realtion: (2619167318608500, -825373)
INFO:root:Trial 256: not short enough
INFO:root:Trial 257: not short enough
INFO:root:Trial 258: not short enough
INFO:root:Trial 259: not short enough
INFO:root:Trial 260: not short enough
INFO:root:Trial 261: not short enough
INFO:root:Trial 262: not short enough
INFO:root:Trial 263: not short enough
INFO:root:Trial 264: found new fac-realtion: (20672683291897, 2881)
INFO:root:Trial 265: not short enough
INFO:root:Trial 266: not short enough
INFO:root:Trial 267: relation already exists
INFO:root:Trial 268: not short enough
INFO:root:Trial 269: not short enough
INFO:root:Trial 270: not short enough
INFO:root:Trial 271: not short enough
INFO:root:Trial 272: not short enough
INFO:root:Trial 273: not short enough
INFO:root:Trial 274: found new fac-realtion: (665514495748575, 7399)
INFO:root:Trial 275: not short enough
INFO:root:Trial 276: not short enough
INFO:root:Trial 277: not short enough
INFO:root:Trial 278: not short enough
INFO:root:Trial 279: not short enough
INFO:root:Trial 280: not short enough
INFO:root:Trial 281: not short enough
INFO:root:Trial 282: not short enough
INFO:root:Trial 283: found new fac-realtion: (4783581200435, -1751)
INFO:root:Trial 284: not short enough
INFO:root:Trial 285: not short enough
INFO:root:Trial 286: not short enough
INFO:root:Trial 287: not short enough
INFO:root:Trial 288: not short enough
INFO:root:Trial 289: not short enough
INFO:root:Trial 290: found new fac-realtion: (460912817992, 127)
INFO:root:Trial 291: not short enough
INFO:root:Trial 292: not short enough
INFO:root:Trial 293: not short enough
INFO:root:Trial 294: not short enough
INFO:root:Trial 295: not short enough
INFO:root:Trial 296: not short enough
INFO:root:Trial 297: not short enough
INFO:root:Trial 298: found new fac-realtion: (105366652581792, -2869)
INFO:root:Trial 299: not short enough
INFO:root:Trial 300: not short enough
INFO:root:Trial 301: not short enough
INFO:root:Trial 302: not short enough
INFO:root:Trial 303: not short enough
INFO:root:Trial 304: found new fac-realtion: (22720523896917, 2075)
INFO:root:Trial 305: not short enough
INFO:root:Trial 306: not short enough
INFO:root:Trial 307: not short enough
INFO:root:Trial 308: not short enough
INFO:root:Trial 309: relation already exists
INFO:root:Trial 310: not short enough
INFO:root:Trial 311: found new fac-realtion: (15781060154600, -2881)
INFO:root:Trial 312: not short enough
INFO:root:Trial 313: not short enough
INFO:root:Trial 314: not short enough
INFO:root:Trial 315: not short enough
INFO:root:Trial 316: relation already exists
INFO:root:Trial 317: not short enough
INFO:root:Trial 318: not short enough
INFO:root:Trial 319: found new fac-realtion: (467396324582000, -254301)
INFO:root:Trial 320: not short enough
INFO:root:Trial 321: not short enough
INFO:root:Trial 322: not short enough
INFO:root:Trial 323: not short enough
INFO:root:Trial 324: not short enough
INFO:root:Trial 325: not short enough
INFO:root:Trial 326: not short enough
INFO:root:Trial 327: found new fac-realtion: (152519520643497, -24295)
INFO:root:C = [0, 0, 0, 0, 0, 0, 0, 0, 0, 0, 0, 0, 0, 0, 0, 0, 0, 0, 0, 0, 0, 0, 0, 0, 0,
 0, 0, 0, 0, 0, 0, 0, 0, 0, 0, 0, 0, 0, 0, 0, 0]
INFO:root:>> gcd(N, a+b): 1, gcd(N, a-b): 1
INFO:root:C = [0, 1, 0, 0, 0, 1, 0, 1, 1, 1, 0, 0, 1, 1, 0, 1, 0, 1, 1, 1, 1, 1, 0, 0, 0,
 0, 1, 0, 0, 0, 0, 0, 1, 1, 1, 1, 0, 0, 0, 0, 1]
INFO:root:>> gcd(N, a+b): 31177, gcd(N, a-b): 31177
