Time for generating prime basis: 0.0005314970039762557 seconds
prime base: [2, 3, 5, 7, 521, 11, 523, 13, 17, 19, 23, 29, 541, 31, 547, 37, 41, 43, 557, 47, 563, 53, 569, 59, 571, 61, 577, 67, 71, 73, 587, 79, 593, 83, 599, 89, 601, 607, 97, 101, 613, 103, 617, 107, 619, 109, 113, 631, 127, 641, 131, 643, 647, 137, 139, 653, 659, 149, 661, 151, 157, 673, 163, 677, 167, 683, 173, 179, 691, 181, 191, 193, 197, 199, 211, 223, 227, 229, 233, 239, 241, 251, 257, 263, 269, 271, 277, 281, 283, 293, 307, 311, 313, 317, 331, 337, 347, 349, 353, 359, 367, 373, 379, 383, 389, 397, 401, 409, 419, 421, 431, 433, 439, 443, 449, 457, 461, 463, 467, 479, 487, 491, 499, 503, 509]
Basis matrix generated in 0.0002207910001743585 seconds
* 1 reduction runtime: 1.301730231003603 seconds
>>>> not short enough
>>>> not short enough
>>>> not short enough
>>>> not short enough
>>>> not short enough
>>>> not short enough
>>>> not short enough
>>>> not short enough
>>>> not short enough
>>>> not short enough
>>>> not short enough
>>>> not short enough
>>>> not short enough
>>>> not short enough
>>>> not short enough
>>>> not short enough
>>>> not short enough
>>>> not short enough
>>>> not short enough
>>>> not short enough
>>>> not short enough
>>>> not short enough
>>>> not short enough
>>>> not short enough
>>>> not short enough
>>>> not short enough
>>>> not short enough
>>>> not short enough
>>>> not short enough
>>>> not short enough
>>>> not short enough
>>>> found new fac-relation: (6140674787852430, 2402831)
>>>> not short enough
>>>> not short enough
>>>> not short enough
>>>> not short enough
>>>> not short enough
>>>> not short enough
>>>> not short enough
>>>> not short enough
>>>> not short enough
>>>> not short enough
>>>> not short enough
>>>> not short enough
>>>> not short enough
>>>> not short enough
>>>> not short enough
>>>> not short enough
>>>> not short enough
>>>> found new fac-relation: (157726461036375, 42529)
>>>> not short enough
>>>> not short enough
>>>> not short enough
>>>> not short enough
>>>> not short enough
>>>> not short enough
>>>> not short enough
>>>> not short enough
* 2 reduction runtime: 1.1630812719959067 seconds
>>>> not short enough
>>>> not short enough
>>>> not short enough
>>>> not short enough
>>>> not short enough
>>>> not short enough
>>>> relation already exists
>>>> not short enough
>>>> not short enough
>>>> not short enough
>>>> not short enough
>>>> not short enough
>>>> not short enough
>>>> not short enough
>>>> not short enough
>>>> not short enough
>>>> not short enough
>>>> relation already exists
>>>> not short enough
>>>> not short enough
>>>> not short enough
>>>> not short enough
>>>> not short enough
>>>> not short enough
>>>> not short enough
>>>> not short enough
>>>> not short enough
>>>> not short enough
>>>> not short enough
>>>> not short enough
>>>> not short enough
>>>> not short enough
>>>> not short enough
>>>> not short enough
>>>> relation already exists
>>>> not short enough
>>>> not short enough
>>>> not short enough
>>>> not short enough
>>>> not short enough
>>>> not short enough
>>>> not short enough
* 3 reduction runtime: 1.1705143740109634 seconds
>>>> not short enough
>>>> not short enough
>>>> not short enough
>>>> not short enough
>>>> not short enough
>>>> not short enough
>>>> not short enough
>>>> not short enough
>>>> not short enough
>>>> not short enough
>>>> not short enough
>>>> not short enough
>>>> not short enough
>>>> relation already exists
>>>> not short enough
>>>> not short enough
>>>> not short enough
>>>> not short enough
>>>> not short enough
>>>> not short enough
>>>> not short enough
>>>> not short enough
>>>> not short enough
>>>> not short enough
>>>> not short enough
>>>> not short enough
>>>> not short enough
>>>> not short enough
>>>> not short enough
>>>> not short enough
>>>> relation already exists
>>>> not short enough
>>>> not short enough
>>>> not short enough
>>>> not short enough
>>>> not short enough
>>>> not short enough
>>>> not short enough
* 4 reduction runtime: 1.350667443999555 seconds
>>>> not short enough
>>>> not short enough
>>>> not short enough
>>>> not short enough
>>>> not short enough
>>>> not short enough
>>>> not short enough
>>>> not short enough
>>>> not short enough
>>>> not short enough
>>>> not short enough
>>>> not short enough
>>>> not short enough
>>>> not short enough
>>>> not short enough
>>>> not short enough
>>>> not short enough
>>>> not short enough
>>>> not short enough
>>>> not short enough
>>>> not short enough
>>>> not short enough
>>>> not short enough
>>>> not short enough
>>>> not short enough
>>>> not short enough
>>>> not short enough
>>>> not short enough
>>>> not short enough
>>>> not short enough
>>>> not short enough
>>>> found new fac-relation: (366607450318375, 440787)
>>>> not short enough
>>>> not short enough
>>>> not short enough
>>>> not short enough
>>>> not short enough
>>>> not short enough
>>>> not short enough
>>>> not short enough
>>>> not short enough
>>>> not short enough
>>>> not short enough
>>>> not short enough
>>>> not short enough
>>>> not short enough
>>>> not short enough
>>>> not short enough
>>>> not short enough
>>>> not short enough
>>>> not short enough
>>>> not short enough
>>>> not short enough
>>>> not short enough
* 5 reduction runtime: 1.2418258120014798 seconds
>>>> not short enough
>>>> not short enough
>>>> not short enough
>>>> not short enough
>>>> not short enough
>>>> not short enough
>>>> not short enough
>>>> not short enough
>>>> not short enough
>>>> not short enough
>>>> not short enough
>>>> not short enough
>>>> not short enough
>>>> not short enough
>>>> not short enough
>>>> not short enough
>>>> not short enough
>>>> not short enough
>>>> not short enough
>>>> not short enough
>>>> not short enough
>>>> not short enough
>>>> not short enough
>>>> not short enough
>>>> not short enough
>>>> not short enough
>>>> not short enough
>>>> not short enough
>>>> not short enough
>>>> not short enough
>>>> not short enough
>>>> not short enough
>>>> relation already exists
>>>> not short enough
>>>> not short enough
>>>> not short enough
>>>> not short enough
>>>> not short enough
>>>> not short enough
>>>> not short enough
>>>> not short enough
>>>> not short enough
>>>> not short enough
>>>> not short enough
>>>> not short enough
>>>> not short enough
>>>> not short enough
>>>> not short enough
>>>> not short enough
>>>> not short enough
>>>> not short enough
>>>> not short enough
>>>> not short enough
>>>> not short enough
>>>> not short enough
* 6 reduction runtime: 1.2277616250066785 seconds
>>>> not short enough
>>>> not short enough
>>>> not short enough
>>>> not short enough
>>>> not short enough
>>>> not short enough
>>>> not short enough
>>>> not short enough
>>>> not short enough
>>>> not short enough
>>>> not short enough
>>>> not short enough
>>>> not short enough
>>>> not short enough
>>>> not short enough
>>>> not short enough
>>>> not short enough
>>>> not short enough
>>>> not short enough
>>>> not short enough
>>>> not short enough
>>>> not short enough
>>>> not short enough
>>>> not short enough
>>>> not short enough
>>>> not short enough
>>>> not short enough
>>>> relation already exists
>>>> not short enough
>>>> not short enough
>>>> not short enough
>>>> not short enough
>>>> not short enough
>>>> not short enough
>>>> not short enough
>>>> not short enough
>>>> not short enough
>>>> not short enough
>>>> not short enough
>>>> not short enough
>>>> not short enough
>>>> not short enough
>>>> not short enough
>>>> not short enough
>>>> not short enough
>>>> not short enough
>>>> not short enough
>>>> not short enough
>>>> not short enough
>>>> not short enough
* 7 reduction runtime: 1.1607720400061226 seconds
>>>> not short enough
>>>> not short enough
>>>> not short enough
>>>> not short enough
>>>> not short enough
>>>> not short enough
>>>> not short enough
>>>> not short enough
>>>> not short enough
>>>> not short enough
>>>> not short enough
>>>> not short enough
>>>> not short enough
>>>> not short enough
>>>> not short enough
>>>> not short enough
>>>> not short enough
>>>> not short enough
>>>> not short enough
>>>> not short enough
>>>> not short enough
>>>> not short enough
>>>> not short enough
>>>> not short enough
>>>> not short enough
>>>> not short enough
>>>> relation already exists
>>>> not short enough
>>>> not short enough
>>>> not short enough
>>>> not short enough
>>>> not short enough
>>>> not short enough
>>>> not short enough
>>>> not short enough
>>>> not short enough
>>>> not short enough
>>>> not short enough
>>>> not short enough
>>>> not short enough
>>>> not short enough
>>>> not short enough
>>>> not short enough
>>>> not short enough
>>>> not short enough
>>>> not short enough
>>>> not short enough
>>>> not short enough
>>>> not short enough
* 8 reduction runtime: 1.1538506200013217 seconds
>>>> not short enough
>>>> not short enough
>>>> not short enough
>>>> not short enough
>>>> not short enough
>>>> not short enough
>>>> not short enough
>>>> not short enough
>>>> not short enough
>>>> not short enough
>>>> not short enough
>>>> not short enough
>>>> not short enough
>>>> not short enough
>>>> not short enough
>>>> not short enough
>>>> not short enough
>>>> not short enough
>>>> not short enough
>>>> not short enough
>>>> not short enough
>>>> not short enough
>>>> not short enough
>>>> relation already exists
>>>> not short enough
>>>> not short enough
>>>> not short enough
>>>> not short enough
>>>> not short enough
>>>> not short enough
>>>> not short enough
>>>> not short enough
>>>> not short enough
>>>> not short enough
>>>> not short enough
>>>> not short enough
>>>> not short enough
>>>> not short enough
>>>> not short enough
>>>> not short enough
>>>> not short enough
>>>> not short enough
>>>> not short enough
* 9 reduction runtime: 1.1252601909945952 seconds
>>>> not short enough
>>>> not short enough
>>>> not short enough
>>>> not short enough
>>>> not short enough
>>>> not short enough
>>>> not short enough
>>>> not short enough
>>>> not short enough
>>>> not short enough
>>>> not short enough
>>>> not short enough
>>>> not short enough
>>>> not short enough
>>>> not short enough
>>>> not short enough
>>>> not short enough
>>>> not short enough
>>>> not short enough
>>>> not short enough
>>>> not short enough
>>>> relation already exists
>>>> not short enough
>>>> not short enough
>>>> not short enough
>>>> not short enough
>>>> not short enough
>>>> not short enough
>>>> not short enough
>>>> not short enough
>>>> not short enough
>>>> not short enough
>>>> not short enough
>>>> not short enough
>>>> not short enough
>>>> not short enough
>>>> not short enough
>>>> not short enough
>>>> not short enough
>>>> not short enough
* 10 reduction runtime: 1.162850207008887 seconds
>>>> not short enough
>>>> not short enough
>>>> not short enough
>>>> not short enough
>>>> not short enough
>>>> not short enough
>>>> not short enough
>>>> not short enough
>>>> not short enough
>>>> not short enough
>>>> not short enough
>>>> not short enough
>>>> not short enough
>>>> not short enough
>>>> not short enough
>>>> not short enough
>>>> not short enough
>>>> not short enough
>>>> not short enough
>>>> relation already exists
>>>> not short enough
>>>> not short enough
>>>> not short enough
>>>> not short enough
>>>> not short enough
>>>> not short enough
>>>> not short enough
>>>> not short enough
>>>> not short enough
>>>> not short enough
>>>> not short enough
>>>> not short enough
>>>> not short enough
>>>> not short enough
>>>> not short enough
>>>> not short enough
>>>> not short enough
